#! /usr/local/Cellar/icarus-verilog/11.0/bin/vvp
:ivl_version "11.0 (stable)";
:ivl_delay_selection "TYPICAL";
:vpi_time_precision - 12;
:vpi_module "/usr/local/Cellar/icarus-verilog/11.0/lib/ivl/system.vpi";
:vpi_module "/usr/local/Cellar/icarus-verilog/11.0/lib/ivl/vhdl_sys.vpi";
:vpi_module "/usr/local/Cellar/icarus-verilog/11.0/lib/ivl/vhdl_textio.vpi";
:vpi_module "/usr/local/Cellar/icarus-verilog/11.0/lib/ivl/v2005_math.vpi";
:vpi_module "/usr/local/Cellar/icarus-verilog/11.0/lib/ivl/va_math.vpi";
S_0x7f8f37c18840 .scope module, "alu" "alu" 2 5;
 .timescale -9 -12;
    .port_info 0 /INPUT 6 "alucode";
    .port_info 1 /INPUT 32 "op1";
    .port_info 2 /INPUT 32 "op2";
    .port_info 3 /OUTPUT 32 "alu_result";
    .port_info 4 /OUTPUT 1 "br_taken";
v0x7f8f37c189b0_0 .var "alu_result", 31 0;
o0x7f8f37f32038 .functor BUFZ 6, C4<zzzzzz>; HiZ drive
v0x7f8f39108b80_0 .net "alucode", 5 0, o0x7f8f37f32038;  0 drivers
v0x7f8f39108c40_0 .var "br_taken", 0 0;
o0x7f8f37f32098 .functor BUFZ 32, C4<zzzzzzzzzzzzzzzzzzzzzzzzzzzzzzzz>; HiZ drive
v0x7f8f39108cf0_0 .net "op1", 31 0, o0x7f8f37f32098;  0 drivers
o0x7f8f37f320c8 .functor BUFZ 32, C4<zzzzzzzzzzzzzzzzzzzzzzzzzzzzzzzz>; HiZ drive
v0x7f8f39108d80_0 .net "op2", 31 0, o0x7f8f37f320c8;  0 drivers
E_0x7f8f37c179d0 .event edge, v0x7f8f39108b80_0, v0x7f8f39108d80_0, v0x7f8f39108cf0_0;
    .scope S_0x7f8f37c18840;
T_0 ;
    %wait E_0x7f8f37c179d0;
    %load/vec4 v0x7f8f39108b80_0;
    %dup/vec4;
    %pushi/vec4 0, 0, 6;
    %cmp/u;
    %jmp/1 T_0.0, 6;
    %dup/vec4;
    %pushi/vec4 1, 0, 6;
    %cmp/u;
    %jmp/1 T_0.1, 6;
    %dup/vec4;
    %pushi/vec4 2, 0, 6;
    %cmp/u;
    %jmp/1 T_0.2, 6;
    %dup/vec4;
    %pushi/vec4 3, 0, 6;
    %cmp/u;
    %jmp/1 T_0.3, 6;
    %dup/vec4;
    %pushi/vec4 4, 0, 6;
    %cmp/u;
    %jmp/1 T_0.4, 6;
    %dup/vec4;
    %pushi/vec4 5, 0, 6;
    %cmp/u;
    %jmp/1 T_0.5, 6;
    %dup/vec4;
    %pushi/vec4 6, 0, 6;
    %cmp/u;
    %jmp/1 T_0.6, 6;
    %dup/vec4;
    %pushi/vec4 7, 0, 6;
    %cmp/u;
    %jmp/1 T_0.7, 6;
    %dup/vec4;
    %pushi/vec4 8, 0, 6;
    %cmp/u;
    %jmp/1 T_0.8, 6;
    %dup/vec4;
    %pushi/vec4 9, 0, 6;
    %cmp/u;
    %jmp/1 T_0.9, 6;
    %dup/vec4;
    %pushi/vec4 10, 0, 6;
    %cmp/u;
    %jmp/1 T_0.10, 6;
    %dup/vec4;
    %pushi/vec4 11, 0, 6;
    %cmp/u;
    %jmp/1 T_0.11, 6;
    %dup/vec4;
    %pushi/vec4 12, 0, 6;
    %cmp/u;
    %jmp/1 T_0.12, 6;
    %dup/vec4;
    %pushi/vec4 13, 0, 6;
    %cmp/u;
    %jmp/1 T_0.13, 6;
    %dup/vec4;
    %pushi/vec4 14, 0, 6;
    %cmp/u;
    %jmp/1 T_0.14, 6;
    %dup/vec4;
    %pushi/vec4 15, 0, 6;
    %cmp/u;
    %jmp/1 T_0.15, 6;
    %dup/vec4;
    %pushi/vec4 16, 0, 6;
    %cmp/u;
    %jmp/1 T_0.16, 6;
    %dup/vec4;
    %pushi/vec4 17, 0, 6;
    %cmp/u;
    %jmp/1 T_0.17, 6;
    %dup/vec4;
    %pushi/vec4 18, 0, 6;
    %cmp/u;
    %jmp/1 T_0.18, 6;
    %dup/vec4;
    %pushi/vec4 19, 0, 6;
    %cmp/u;
    %jmp/1 T_0.19, 6;
    %dup/vec4;
    %pushi/vec4 20, 0, 6;
    %cmp/u;
    %jmp/1 T_0.20, 6;
    %dup/vec4;
    %pushi/vec4 21, 0, 6;
    %cmp/u;
    %jmp/1 T_0.21, 6;
    %dup/vec4;
    %pushi/vec4 22, 0, 6;
    %cmp/u;
    %jmp/1 T_0.22, 6;
    %dup/vec4;
    %pushi/vec4 23, 0, 6;
    %cmp/u;
    %jmp/1 T_0.23, 6;
    %dup/vec4;
    %pushi/vec4 24, 0, 6;
    %cmp/u;
    %jmp/1 T_0.24, 6;
    %dup/vec4;
    %pushi/vec4 25, 0, 6;
    %cmp/u;
    %jmp/1 T_0.25, 6;
    %dup/vec4;
    %pushi/vec4 26, 0, 6;
    %cmp/u;
    %jmp/1 T_0.26, 6;
    %jmp T_0.27;
T_0.0 ;
    %load/vec4 v0x7f8f39108d80_0;
    %parti/s 20, 12, 5;
    %concati/vec4 0, 0, 12;
    %assign/vec4 v0x7f8f37c189b0_0, 0;
    %pushi/vec4 0, 0, 1;
    %assign/vec4 v0x7f8f39108c40_0, 0;
    %jmp T_0.27;
T_0.1 ;
    %load/vec4 v0x7f8f39108d80_0;
    %addi 4, 0, 32;
    %assign/vec4 v0x7f8f37c189b0_0, 0;
    %pushi/vec4 1, 0, 1;
    %assign/vec4 v0x7f8f39108c40_0, 0;
    %jmp T_0.27;
T_0.2 ;
    %load/vec4 v0x7f8f39108d80_0;
    %addi 4, 0, 32;
    %assign/vec4 v0x7f8f37c189b0_0, 0;
    %pushi/vec4 1, 0, 1;
    %assign/vec4 v0x7f8f39108c40_0, 0;
    %jmp T_0.27;
T_0.3 ;
    %load/vec4 v0x7f8f39108cf0_0;
    %load/vec4 v0x7f8f39108d80_0;
    %cmp/e;
    %jmp/0xz  T_0.28, 4;
    %pushi/vec4 1, 0, 1;
    %assign/vec4 v0x7f8f39108c40_0, 0;
    %jmp T_0.29;
T_0.28 ;
    %pushi/vec4 0, 0, 1;
    %assign/vec4 v0x7f8f39108c40_0, 0;
T_0.29 ;
    %pushi/vec4 0, 0, 32;
    %assign/vec4 v0x7f8f37c189b0_0, 0;
    %jmp T_0.27;
T_0.4 ;
    %load/vec4 v0x7f8f39108cf0_0;
    %load/vec4 v0x7f8f39108d80_0;
    %cmp/ne;
    %jmp/0xz  T_0.30, 4;
    %pushi/vec4 1, 0, 1;
    %assign/vec4 v0x7f8f39108c40_0, 0;
    %jmp T_0.31;
T_0.30 ;
    %pushi/vec4 0, 0, 1;
    %assign/vec4 v0x7f8f39108c40_0, 0;
T_0.31 ;
    %pushi/vec4 0, 0, 32;
    %assign/vec4 v0x7f8f37c189b0_0, 0;
    %jmp T_0.27;
T_0.5 ;
    %load/vec4 v0x7f8f39108cf0_0;
    %load/vec4 v0x7f8f39108d80_0;
    %cmp/s;
    %jmp/0xz  T_0.32, 5;
    %pushi/vec4 1, 0, 1;
    %assign/vec4 v0x7f8f39108c40_0, 0;
    %jmp T_0.33;
T_0.32 ;
    %pushi/vec4 0, 0, 1;
    %assign/vec4 v0x7f8f39108c40_0, 0;
T_0.33 ;
    %pushi/vec4 0, 0, 32;
    %assign/vec4 v0x7f8f37c189b0_0, 0;
    %jmp T_0.27;
T_0.6 ;
    %load/vec4 v0x7f8f39108cf0_0;
    %load/vec4 v0x7f8f39108d80_0;
    %cmp/s;
    %jmp/0xz  T_0.34, 5;
    %pushi/vec4 0, 0, 1;
    %assign/vec4 v0x7f8f39108c40_0, 0;
    %jmp T_0.35;
T_0.34 ;
    %pushi/vec4 1, 0, 1;
    %assign/vec4 v0x7f8f39108c40_0, 0;
T_0.35 ;
    %pushi/vec4 0, 0, 32;
    %assign/vec4 v0x7f8f37c189b0_0, 0;
    %jmp T_0.27;
T_0.7 ;
    %load/vec4 v0x7f8f39108cf0_0;
    %load/vec4 v0x7f8f39108d80_0;
    %cmp/u;
    %jmp/0xz  T_0.36, 5;
    %pushi/vec4 1, 0, 1;
    %assign/vec4 v0x7f8f39108c40_0, 0;
    %jmp T_0.37;
T_0.36 ;
    %pushi/vec4 0, 0, 1;
    %assign/vec4 v0x7f8f39108c40_0, 0;
T_0.37 ;
    %pushi/vec4 0, 0, 32;
    %assign/vec4 v0x7f8f37c189b0_0, 0;
    %jmp T_0.27;
T_0.8 ;
    %load/vec4 v0x7f8f39108cf0_0;
    %load/vec4 v0x7f8f39108d80_0;
    %cmp/u;
    %jmp/0xz  T_0.38, 5;
    %pushi/vec4 0, 0, 1;
    %assign/vec4 v0x7f8f39108c40_0, 0;
    %jmp T_0.39;
T_0.38 ;
    %pushi/vec4 1, 0, 1;
    %assign/vec4 v0x7f8f39108c40_0, 0;
T_0.39 ;
    %pushi/vec4 0, 0, 32;
    %assign/vec4 v0x7f8f37c189b0_0, 0;
    %jmp T_0.27;
T_0.9 ;
    %load/vec4 v0x7f8f39108cf0_0;
    %load/vec4 v0x7f8f39108d80_0;
    %add;
    %assign/vec4 v0x7f8f37c189b0_0, 0;
    %pushi/vec4 0, 0, 1;
    %assign/vec4 v0x7f8f39108c40_0, 0;
    %jmp T_0.27;
T_0.10 ;
    %load/vec4 v0x7f8f39108cf0_0;
    %load/vec4 v0x7f8f39108d80_0;
    %add;
    %assign/vec4 v0x7f8f37c189b0_0, 0;
    %pushi/vec4 0, 0, 1;
    %assign/vec4 v0x7f8f39108c40_0, 0;
    %jmp T_0.27;
T_0.11 ;
    %load/vec4 v0x7f8f39108cf0_0;
    %load/vec4 v0x7f8f39108d80_0;
    %add;
    %assign/vec4 v0x7f8f37c189b0_0, 0;
    %pushi/vec4 0, 0, 1;
    %assign/vec4 v0x7f8f39108c40_0, 0;
    %jmp T_0.27;
T_0.12 ;
    %load/vec4 v0x7f8f39108cf0_0;
    %load/vec4 v0x7f8f39108d80_0;
    %add;
    %assign/vec4 v0x7f8f37c189b0_0, 0;
    %pushi/vec4 0, 0, 1;
    %assign/vec4 v0x7f8f39108c40_0, 0;
    %jmp T_0.27;
T_0.13 ;
    %load/vec4 v0x7f8f39108cf0_0;
    %load/vec4 v0x7f8f39108d80_0;
    %add;
    %assign/vec4 v0x7f8f37c189b0_0, 0;
    %pushi/vec4 0, 0, 1;
    %assign/vec4 v0x7f8f39108c40_0, 0;
    %jmp T_0.27;
T_0.14 ;
    %load/vec4 v0x7f8f39108cf0_0;
    %load/vec4 v0x7f8f39108d80_0;
    %add;
    %assign/vec4 v0x7f8f37c189b0_0, 0;
    %pushi/vec4 0, 0, 1;
    %assign/vec4 v0x7f8f39108c40_0, 0;
    %jmp T_0.27;
T_0.15 ;
    %load/vec4 v0x7f8f39108cf0_0;
    %load/vec4 v0x7f8f39108d80_0;
    %add;
    %assign/vec4 v0x7f8f37c189b0_0, 0;
    %pushi/vec4 0, 0, 1;
    %assign/vec4 v0x7f8f39108c40_0, 0;
    %jmp T_0.27;
T_0.16 ;
    %load/vec4 v0x7f8f39108cf0_0;
    %load/vec4 v0x7f8f39108d80_0;
    %add;
    %assign/vec4 v0x7f8f37c189b0_0, 0;
    %pushi/vec4 0, 0, 1;
    %assign/vec4 v0x7f8f39108c40_0, 0;
    %jmp T_0.27;
T_0.17 ;
    %load/vec4 v0x7f8f39108cf0_0;
    %load/vec4 v0x7f8f39108d80_0;
    %add;
    %assign/vec4 v0x7f8f37c189b0_0, 0;
    %pushi/vec4 0, 0, 1;
    %assign/vec4 v0x7f8f39108c40_0, 0;
    %jmp T_0.27;
T_0.18 ;
    %load/vec4 v0x7f8f39108cf0_0;
    %load/vec4 v0x7f8f39108d80_0;
    %sub;
    %assign/vec4 v0x7f8f37c189b0_0, 0;
    %pushi/vec4 0, 0, 1;
    %assign/vec4 v0x7f8f39108c40_0, 0;
    %jmp T_0.27;
T_0.19 ;
    %load/vec4 v0x7f8f39108cf0_0;
    %load/vec4 v0x7f8f39108d80_0;
    %cmp/s;
    %jmp/0xz  T_0.40, 5;
    %pushi/vec4 1, 0, 32;
    %assign/vec4 v0x7f8f37c189b0_0, 0;
    %jmp T_0.41;
T_0.40 ;
    %pushi/vec4 0, 0, 32;
    %assign/vec4 v0x7f8f37c189b0_0, 0;
T_0.41 ;
    %pushi/vec4 0, 0, 1;
    %assign/vec4 v0x7f8f39108c40_0, 0;
    %jmp T_0.27;
T_0.20 ;
    %load/vec4 v0x7f8f39108cf0_0;
    %load/vec4 v0x7f8f39108d80_0;
    %cmp/u;
    %jmp/0xz  T_0.42, 5;
    %pushi/vec4 1, 0, 32;
    %assign/vec4 v0x7f8f37c189b0_0, 0;
    %jmp T_0.43;
T_0.42 ;
    %pushi/vec4 0, 0, 32;
    %assign/vec4 v0x7f8f37c189b0_0, 0;
T_0.43 ;
    %pushi/vec4 0, 0, 1;
    %assign/vec4 v0x7f8f39108c40_0, 0;
    %jmp T_0.27;
T_0.21 ;
    %load/vec4 v0x7f8f39108cf0_0;
    %load/vec4 v0x7f8f39108d80_0;
    %xor;
    %assign/vec4 v0x7f8f37c189b0_0, 0;
    %pushi/vec4 0, 0, 1;
    %assign/vec4 v0x7f8f39108c40_0, 0;
    %jmp T_0.27;
T_0.22 ;
    %load/vec4 v0x7f8f39108cf0_0;
    %load/vec4 v0x7f8f39108d80_0;
    %or;
    %assign/vec4 v0x7f8f37c189b0_0, 0;
    %pushi/vec4 0, 0, 1;
    %assign/vec4 v0x7f8f39108c40_0, 0;
    %jmp T_0.27;
T_0.23 ;
    %load/vec4 v0x7f8f39108cf0_0;
    %load/vec4 v0x7f8f39108d80_0;
    %and;
    %assign/vec4 v0x7f8f37c189b0_0, 0;
    %pushi/vec4 0, 0, 1;
    %assign/vec4 v0x7f8f39108c40_0, 0;
    %jmp T_0.27;
T_0.24 ;
    %load/vec4 v0x7f8f39108cf0_0;
    %load/vec4 v0x7f8f39108d80_0;
    %parti/s 5, 0, 2;
    %ix/vec4 4;
    %shiftl 4;
    %assign/vec4 v0x7f8f37c189b0_0, 0;
    %pushi/vec4 0, 0, 1;
    %assign/vec4 v0x7f8f39108c40_0, 0;
    %jmp T_0.27;
T_0.25 ;
    %load/vec4 v0x7f8f39108cf0_0;
    %load/vec4 v0x7f8f39108d80_0;
    %parti/s 5, 0, 2;
    %ix/vec4 4;
    %shiftr 4;
    %assign/vec4 v0x7f8f37c189b0_0, 0;
    %pushi/vec4 0, 0, 1;
    %assign/vec4 v0x7f8f39108c40_0, 0;
    %jmp T_0.27;
T_0.26 ;
    %load/vec4 v0x7f8f39108cf0_0;
    %load/vec4 v0x7f8f39108d80_0;
    %parti/s 5, 0, 2;
    %ix/vec4 4;
    %shiftr/s 4;
    %assign/vec4 v0x7f8f37c189b0_0, 0;
    %pushi/vec4 0, 0, 1;
    %assign/vec4 v0x7f8f39108c40_0, 0;
    %jmp T_0.27;
T_0.27 ;
    %pop/vec4 1;
    %jmp T_0;
    .thread T_0, $push;
# The file index is used to find the file name in the following table.
:file_names 3;
    "N/A";
    "<interactive>";
    "alu.v";
