#! /usr/local/Cellar/icarus-verilog/11.0/bin/vvp
:ivl_version "11.0 (stable)";
:ivl_delay_selection "TYPICAL";
:vpi_time_precision - 12;
:vpi_module "/usr/local/Cellar/icarus-verilog/11.0/lib/ivl/system.vpi";
:vpi_module "/usr/local/Cellar/icarus-verilog/11.0/lib/ivl/vhdl_sys.vpi";
:vpi_module "/usr/local/Cellar/icarus-verilog/11.0/lib/ivl/vhdl_textio.vpi";
:vpi_module "/usr/local/Cellar/icarus-verilog/11.0/lib/ivl/v2005_math.vpi";
:vpi_module "/usr/local/Cellar/icarus-verilog/11.0/lib/ivl/va_math.vpi";
S_0x7fab0a9171c0 .scope module, "cpu" "cpu" 2 10;
 .timescale -9 -12;
    .port_info 0 /INPUT 1 "clk";
    .port_info 1 /INPUT 1 "rst";
    .port_info 2 /OUTPUT 1 "uart";
v0x7fab0a933300_0 .net "alu_result", 31 0, v0x7fab0a92feb0_0;  1 drivers
v0x7fab0a9333b0_0 .net "alucode", 5 0, v0x7fab0a92ef20_0;  1 drivers
v0x7fab0a9334d0_0 .net "aluop1_type", 1 0, v0x7fab0a92efe0_0;  1 drivers
v0x7fab0a933560_0 .net "aluop2_type", 1 0, v0x7fab0a92f070_0;  1 drivers
o0x7fab09e43b68 .functor BUFZ 1, C4<z>; HiZ drive
v0x7fab0a933640_0 .net "clk", 0 0, o0x7fab09e43b68;  0 drivers
v0x7fab0a933750_0 .net "dstreg_data", 31 0, L_0x7fab0a93c200;  1 drivers
v0x7fab0a9337e0_0 .net "dstreg_num", 4 0, L_0x7fab0a937c70;  1 drivers
v0x7fab0a9338b0_0 .net "imm", 31 0, L_0x7fab0a93b670;  1 drivers
v0x7fab0a933980_0 .net "ir", 31 0, L_0x7fab0a934610;  1 drivers
v0x7fab0a933a90_0 .net "is_halt", 0 0, v0x7fab0a92f360_0;  1 drivers
v0x7fab0a933b20_0 .net "is_load", 0 0, v0x7fab0a92f400_0;  1 drivers
v0x7fab0a933bf0_0 .net "is_store", 0 0, v0x7fab0a92f4b0_0;  1 drivers
v0x7fab0a933cc0_0 .net "nextpc", 31 0, L_0x7fab0a93c0a0;  1 drivers
v0x7fab0a933d90_0 .net "pc", 31 0, v0x7fab0a933140_0;  1 drivers
v0x7fab0a933e20_0 .net "r_data", 31 0, v0x7fab0a9290e0_0;  1 drivers
v0x7fab0a933eb0_0 .net "reg_we", 0 0, v0x7fab0a92f5f0_0;  1 drivers
o0x7fab09e44828 .functor BUFZ 1, C4<z>; HiZ drive
v0x7fab0a933f80_0 .net "rst", 0 0, o0x7fab09e44828;  0 drivers
v0x7fab0a934150_0 .net "srcreg1_data", 31 0, L_0x7fab0a93c560;  1 drivers
v0x7fab0a9341e0_0 .net "srcreg1_num", 4 0, L_0x7fab0a935810;  1 drivers
v0x7fab0a934270_0 .net "srcreg2_data", 31 0, L_0x7fab0a93c810;  1 drivers
v0x7fab0a934300_0 .net "srcreg2_num", 4 0, L_0x7fab0a9369f0;  1 drivers
o0x7fab09e42068 .functor BUFZ 1, C4<z>; HiZ drive
v0x7fab0a9343d0_0 .net "sysclk", 0 0, o0x7fab09e42068;  0 drivers
o0x7fab09e44ac8 .functor BUFZ 1, C4<z>; HiZ drive
v0x7fab0a934460_0 .net "uart", 0 0, o0x7fab09e44ac8;  0 drivers
L_0x7fab0a93c200 .functor MUXZ 32, v0x7fab0a92feb0_0, v0x7fab0a9290e0_0, v0x7fab0a92f400_0, C4<>;
S_0x7fab0a918da0 .scope module, "data_mem_body" "data_mem" 2 81, 3 6 0, S_0x7fab0a9171c0;
 .timescale -9 -12;
    .port_info 0 /INPUT 1 "clk";
    .port_info 1 /INPUT 6 "alucode";
    .port_info 2 /INPUT 1 "is_store";
    .port_info 3 /INPUT 1 "is_load";
    .port_info 4 /INPUT 32 "addr";
    .port_info 5 /INPUT 32 "w_data";
    .port_info 6 /OUTPUT 32 "r_data";
v0x7fab0a918f10_0 .net "addr", 31 0, v0x7fab0a92feb0_0;  alias, 1 drivers
v0x7fab0a928e20_0 .net "alucode", 5 0, v0x7fab0a92ef20_0;  alias, 1 drivers
v0x7fab0a928ec0_0 .net "clk", 0 0, o0x7fab09e42068;  alias, 0 drivers
v0x7fab0a928f70_0 .net "is_load", 0 0, v0x7fab0a92f400_0;  alias, 1 drivers
v0x7fab0a929000_0 .net "is_store", 0 0, v0x7fab0a92f4b0_0;  alias, 1 drivers
v0x7fab0a9290e0_0 .var "r_data", 31 0;
v0x7fab0a929190 .array "ram", 32768 0, 31 0;
v0x7fab0a929230_0 .net "w_data", 31 0, L_0x7fab0a93c810;  alias, 1 drivers
E_0x7fab0a914940 .event posedge, v0x7fab0a928ec0_0;
S_0x7fab0a929390 .scope module, "decoder_body" "decoder" 2 50, 4 5 0, S_0x7fab0a9171c0;
 .timescale -9 -12;
    .port_info 0 /INPUT 32 "ir";
    .port_info 1 /INPUT 1 "clk";
    .port_info 2 /OUTPUT 5 "srcreg1_num";
    .port_info 3 /OUTPUT 5 "srcreg2_num";
    .port_info 4 /OUTPUT 5 "dstreg_num";
    .port_info 5 /OUTPUT 32 "imm";
    .port_info 6 /OUTPUT 6 "alucode";
    .port_info 7 /OUTPUT 2 "aluop1_type";
    .port_info 8 /OUTPUT 2 "aluop2_type";
    .port_info 9 /OUTPUT 1 "reg_we";
    .port_info 10 /OUTPUT 1 "is_load";
    .port_info 11 /OUTPUT 1 "is_store";
    .port_info 12 /OUTPUT 1 "is_halt";
L_0x7fab0a938ea0 .functor AND 1, L_0x7fab0a936000, L_0x7fab0a938940, C4<1>, C4<1>;
L_0x7fab09e73008 .functor BUFT 1, C4<001>, C4<0>, C4<0>, C4<0>;
v0x7fab0a929700_0 .net/2u *"_ivl_0", 2 0, L_0x7fab09e73008;  1 drivers
L_0x7fab09e730e0 .functor BUFT 1, C4<00000>, C4<0>, C4<0>, C4<0>;
v0x7fab0a9297b0_0 .net/2u *"_ivl_10", 4 0, L_0x7fab09e730e0;  1 drivers
L_0x7fab09e73560 .functor BUFT 1, C4<001>, C4<0>, C4<0>, C4<0>;
v0x7fab0a929860_0 .net/2u *"_ivl_100", 2 0, L_0x7fab09e73560;  1 drivers
v0x7fab0a929920_0 .net *"_ivl_102", 0 0, L_0x7fab0a936bd0;  1 drivers
v0x7fab0a9299c0_0 .net *"_ivl_105", 4 0, L_0x7fab0a936c70;  1 drivers
L_0x7fab09e735a8 .functor BUFT 1, C4<010>, C4<0>, C4<0>, C4<0>;
v0x7fab0a929ab0_0 .net/2u *"_ivl_106", 2 0, L_0x7fab09e735a8;  1 drivers
v0x7fab0a929b60_0 .net *"_ivl_108", 0 0, L_0x7fab0a936a90;  1 drivers
v0x7fab0a929c00_0 .net *"_ivl_111", 4 0, L_0x7fab0a936e20;  1 drivers
L_0x7fab09e735f0 .functor BUFT 1, C4<011>, C4<0>, C4<0>, C4<0>;
v0x7fab0a929cb0_0 .net/2u *"_ivl_112", 2 0, L_0x7fab09e735f0;  1 drivers
v0x7fab0a929dc0_0 .net *"_ivl_114", 0 0, L_0x7fab0a936d10;  1 drivers
v0x7fab0a929e60_0 .net *"_ivl_117", 4 0, L_0x7fab0a936fe0;  1 drivers
L_0x7fab09e73638 .functor BUFT 1, C4<100>, C4<0>, C4<0>, C4<0>;
v0x7fab0a929f10_0 .net/2u *"_ivl_118", 2 0, L_0x7fab09e73638;  1 drivers
L_0x7fab09e73128 .functor BUFT 1, C4<011>, C4<0>, C4<0>, C4<0>;
v0x7fab0a929fc0_0 .net/2u *"_ivl_12", 2 0, L_0x7fab09e73128;  1 drivers
v0x7fab0a92a070_0 .net *"_ivl_120", 0 0, L_0x7fab0a936ec0;  1 drivers
L_0x7fab09e73680 .functor BUFT 1, C4<00000>, C4<0>, C4<0>, C4<0>;
v0x7fab0a92a110_0 .net/2u *"_ivl_122", 4 0, L_0x7fab09e73680;  1 drivers
L_0x7fab09e736c8 .functor BUFT 1, C4<101>, C4<0>, C4<0>, C4<0>;
v0x7fab0a92a1c0_0 .net/2u *"_ivl_124", 2 0, L_0x7fab09e736c8;  1 drivers
v0x7fab0a92a270_0 .net *"_ivl_126", 0 0, L_0x7fab0a935b80;  1 drivers
L_0x7fab09e73710 .functor BUFT 1, C4<00000>, C4<0>, C4<0>, C4<0>;
v0x7fab0a92a400_0 .net/2u *"_ivl_128", 4 0, L_0x7fab09e73710;  1 drivers
L_0x7fab09e73758 .functor BUFT 1, C4<110>, C4<0>, C4<0>, C4<0>;
v0x7fab0a92a490_0 .net/2u *"_ivl_130", 2 0, L_0x7fab09e73758;  1 drivers
v0x7fab0a92a530_0 .net *"_ivl_132", 0 0, L_0x7fab0a937080;  1 drivers
v0x7fab0a92a5d0_0 .net *"_ivl_135", 4 0, L_0x7fab0a9374f0;  1 drivers
L_0x7fab09e737a0 .functor BUFT 1, C4<00000>, C4<0>, C4<0>, C4<0>;
v0x7fab0a92a680_0 .net/2u *"_ivl_136", 4 0, L_0x7fab09e737a0;  1 drivers
v0x7fab0a92a730_0 .net *"_ivl_138", 4 0, L_0x7fab0a9373b0;  1 drivers
v0x7fab0a92a7e0_0 .net *"_ivl_14", 0 0, L_0x7fab0a934900;  1 drivers
v0x7fab0a92a880_0 .net *"_ivl_140", 4 0, L_0x7fab0a9376e0;  1 drivers
v0x7fab0a92a930_0 .net *"_ivl_142", 4 0, L_0x7fab0a937610;  1 drivers
v0x7fab0a92a9e0_0 .net *"_ivl_144", 4 0, L_0x7fab0a9379a0;  1 drivers
v0x7fab0a92aa90_0 .net *"_ivl_146", 4 0, L_0x7fab0a937840;  1 drivers
L_0x7fab09e737e8 .functor BUFT 1, C4<001>, C4<0>, C4<0>, C4<0>;
v0x7fab0a92ab40_0 .net/2u *"_ivl_150", 2 0, L_0x7fab09e737e8;  1 drivers
v0x7fab0a92abf0_0 .net *"_ivl_152", 0 0, L_0x7fab0a937b00;  1 drivers
v0x7fab0a92ac90_0 .net *"_ivl_155", 19 0, L_0x7fab0a937ed0;  1 drivers
L_0x7fab09e73830 .functor BUFT 1, C4<000000000000>, C4<0>, C4<0>, C4<0>;
v0x7fab0a92ad40_0 .net/2u *"_ivl_156", 11 0, L_0x7fab09e73830;  1 drivers
v0x7fab0a92adf0_0 .net *"_ivl_158", 31 0, L_0x7fab0a937d10;  1 drivers
L_0x7fab09e73878 .functor BUFT 1, C4<010>, C4<0>, C4<0>, C4<0>;
v0x7fab0a92a320_0 .net/2u *"_ivl_160", 2 0, L_0x7fab09e73878;  1 drivers
v0x7fab0a92b080_0 .net *"_ivl_162", 0 0, L_0x7fab0a938100;  1 drivers
v0x7fab0a92b110_0 .net *"_ivl_165", 0 0, L_0x7fab0a937f70;  1 drivers
v0x7fab0a92b1a0_0 .net *"_ivl_166", 10 0, L_0x7fab0a938010;  1 drivers
v0x7fab0a92b250_0 .net *"_ivl_169", 0 0, L_0x7fab0a9381a0;  1 drivers
v0x7fab0a92b300_0 .net *"_ivl_17", 4 0, L_0x7fab0a9349e0;  1 drivers
v0x7fab0a92b3b0_0 .net *"_ivl_171", 7 0, L_0x7fab0a935ec0;  1 drivers
v0x7fab0a92b460_0 .net *"_ivl_173", 0 0, L_0x7fab0a938240;  1 drivers
v0x7fab0a92b510_0 .net *"_ivl_175", 9 0, L_0x7fab0a938800;  1 drivers
L_0x7fab09e738c0 .functor BUFT 1, C4<0>, C4<0>, C4<0>, C4<0>;
v0x7fab0a92b5c0_0 .net/2u *"_ivl_176", 0 0, L_0x7fab09e738c0;  1 drivers
v0x7fab0a92b670_0 .net *"_ivl_178", 31 0, L_0x7fab0a938640;  1 drivers
L_0x7fab09e73170 .functor BUFT 1, C4<100>, C4<0>, C4<0>, C4<0>;
v0x7fab0a92b720_0 .net/2u *"_ivl_18", 2 0, L_0x7fab09e73170;  1 drivers
L_0x7fab09e73908 .functor BUFT 1, C4<011>, C4<0>, C4<0>, C4<0>;
v0x7fab0a92b7d0_0 .net/2u *"_ivl_180", 2 0, L_0x7fab09e73908;  1 drivers
v0x7fab0a92b880_0 .net *"_ivl_182", 0 0, L_0x7fab0a936000;  1 drivers
v0x7fab0a92b920_0 .net *"_ivl_185", 1 0, L_0x7fab0a9388a0;  1 drivers
L_0x7fab09e73950 .functor BUFT 1, C4<01>, C4<0>, C4<0>, C4<0>;
v0x7fab0a92b9d0_0 .net/2u *"_ivl_186", 1 0, L_0x7fab09e73950;  1 drivers
v0x7fab0a92ba80_0 .net *"_ivl_188", 0 0, L_0x7fab0a938940;  1 drivers
v0x7fab0a92bb20_0 .net *"_ivl_191", 0 0, L_0x7fab0a938ea0;  1 drivers
v0x7fab0a92bbc0_0 .net *"_ivl_193", 0 0, L_0x7fab0a938f90;  1 drivers
v0x7fab0a92bc70_0 .net *"_ivl_194", 26 0, L_0x7fab0a939030;  1 drivers
v0x7fab0a92bd20_0 .net *"_ivl_197", 4 0, L_0x7fab0a939270;  1 drivers
v0x7fab0a92bdd0_0 .net *"_ivl_198", 31 0, L_0x7fab0a9391b0;  1 drivers
v0x7fab0a92be80_0 .net *"_ivl_2", 0 0, L_0x7fab0a934680;  1 drivers
v0x7fab0a92bf20_0 .net *"_ivl_20", 0 0, L_0x7fab0a934b40;  1 drivers
L_0x7fab09e73998 .functor BUFT 1, C4<011>, C4<0>, C4<0>, C4<0>;
v0x7fab0a92bfc0_0 .net/2u *"_ivl_200", 2 0, L_0x7fab09e73998;  1 drivers
v0x7fab0a92c070_0 .net *"_ivl_202", 0 0, L_0x7fab0a938cf0;  1 drivers
v0x7fab0a92c110_0 .net *"_ivl_205", 0 0, L_0x7fab0a938dd0;  1 drivers
v0x7fab0a92c1c0_0 .net *"_ivl_206", 19 0, L_0x7fab0a939790;  1 drivers
v0x7fab0a92c270_0 .net *"_ivl_209", 11 0, L_0x7fab0a9399a0;  1 drivers
v0x7fab0a92c320_0 .net *"_ivl_210", 31 0, L_0x7fab0a9398e0;  1 drivers
L_0x7fab09e739e0 .functor BUFT 1, C4<100>, C4<0>, C4<0>, C4<0>;
v0x7fab0a92c3d0_0 .net/2u *"_ivl_212", 2 0, L_0x7fab09e739e0;  1 drivers
v0x7fab0a92c480_0 .net *"_ivl_214", 0 0, L_0x7fab0a9395b0;  1 drivers
v0x7fab0a92ae90_0 .net *"_ivl_217", 0 0, L_0x7fab0a939690;  1 drivers
v0x7fab0a92af40_0 .net *"_ivl_218", 18 0, L_0x7fab0a939ee0;  1 drivers
v0x7fab0a92aff0_0 .net *"_ivl_221", 0 0, L_0x7fab0a93a0a0;  1 drivers
v0x7fab0a92c530_0 .net *"_ivl_223", 0 0, L_0x7fab0a939ca0;  1 drivers
v0x7fab0a92c5e0_0 .net *"_ivl_225", 5 0, L_0x7fab0a939d40;  1 drivers
v0x7fab0a92c690_0 .net *"_ivl_227", 3 0, L_0x7fab0a939de0;  1 drivers
L_0x7fab09e73a28 .functor BUFT 1, C4<0>, C4<0>, C4<0>, C4<0>;
v0x7fab0a92c740_0 .net/2u *"_ivl_228", 0 0, L_0x7fab09e73a28;  1 drivers
v0x7fab0a92c7f0_0 .net *"_ivl_23", 4 0, L_0x7fab0a934c90;  1 drivers
v0x7fab0a92c8a0_0 .net *"_ivl_230", 31 0, L_0x7fab0a93a610;  1 drivers
L_0x7fab09e73a70 .functor BUFT 1, C4<101>, C4<0>, C4<0>, C4<0>;
v0x7fab0a92c950_0 .net/2u *"_ivl_232", 2 0, L_0x7fab09e73a70;  1 drivers
v0x7fab0a92ca00_0 .net *"_ivl_234", 0 0, L_0x7fab0a93a730;  1 drivers
v0x7fab0a92caa0_0 .net *"_ivl_237", 0 0, L_0x7fab0a93a3a0;  1 drivers
v0x7fab0a92cb50_0 .net *"_ivl_238", 19 0, L_0x7fab0a93a440;  1 drivers
L_0x7fab09e731b8 .functor BUFT 1, C4<101>, C4<0>, C4<0>, C4<0>;
v0x7fab0a92cc00_0 .net/2u *"_ivl_24", 2 0, L_0x7fab09e731b8;  1 drivers
v0x7fab0a92ccb0_0 .net *"_ivl_241", 6 0, L_0x7fab0a93ab10;  1 drivers
v0x7fab0a92cd60_0 .net *"_ivl_243", 4 0, L_0x7fab0a938320;  1 drivers
v0x7fab0a92ce10_0 .net *"_ivl_244", 31 0, L_0x7fab0a9383c0;  1 drivers
L_0x7fab09e73ab8 .functor BUFT 1, C4<110>, C4<0>, C4<0>, C4<0>;
v0x7fab0a92cec0_0 .net/2u *"_ivl_246", 2 0, L_0x7fab09e73ab8;  1 drivers
v0x7fab0a92cf70_0 .net *"_ivl_248", 0 0, L_0x7fab0a938460;  1 drivers
L_0x7fab09e73b00 .functor BUFT 1, C4<00000000000000000000000000000000>, C4<0>, C4<0>, C4<0>;
v0x7fab0a92d010_0 .net/2u *"_ivl_250", 31 0, L_0x7fab09e73b00;  1 drivers
L_0x7fab09e73b48 .functor BUFT 1, C4<00000000000000000000000000000000>, C4<0>, C4<0>, C4<0>;
v0x7fab0a92d0c0_0 .net/2u *"_ivl_252", 31 0, L_0x7fab09e73b48;  1 drivers
v0x7fab0a92d170_0 .net *"_ivl_254", 31 0, L_0x7fab0a93a810;  1 drivers
v0x7fab0a92d220_0 .net *"_ivl_256", 31 0, L_0x7fab0a93a930;  1 drivers
v0x7fab0a92d2d0_0 .net *"_ivl_258", 31 0, L_0x7fab0a93b0d0;  1 drivers
v0x7fab0a92d380_0 .net *"_ivl_26", 0 0, L_0x7fab0a934d30;  1 drivers
v0x7fab0a92d420_0 .net *"_ivl_260", 31 0, L_0x7fab0a93b230;  1 drivers
v0x7fab0a92d4d0_0 .net *"_ivl_262", 31 0, L_0x7fab0a93aed0;  1 drivers
v0x7fab0a92d580_0 .net *"_ivl_264", 31 0, L_0x7fab0a93b030;  1 drivers
v0x7fab0a92d630_0 .net *"_ivl_29", 4 0, L_0x7fab0a934e50;  1 drivers
L_0x7fab09e73200 .functor BUFT 1, C4<110>, C4<0>, C4<0>, C4<0>;
v0x7fab0a92d6e0_0 .net/2u *"_ivl_30", 2 0, L_0x7fab09e73200;  1 drivers
v0x7fab0a92d790_0 .net *"_ivl_32", 0 0, L_0x7fab0a934ef0;  1 drivers
v0x7fab0a92d830_0 .net *"_ivl_35", 4 0, L_0x7fab0a935040;  1 drivers
L_0x7fab09e73248 .functor BUFT 1, C4<00000>, C4<0>, C4<0>, C4<0>;
v0x7fab0a92d8e0_0 .net/2u *"_ivl_36", 4 0, L_0x7fab09e73248;  1 drivers
v0x7fab0a92d990_0 .net *"_ivl_38", 4 0, L_0x7fab0a935160;  1 drivers
L_0x7fab09e73050 .functor BUFT 1, C4<00000>, C4<0>, C4<0>, C4<0>;
v0x7fab0a92da40_0 .net/2u *"_ivl_4", 4 0, L_0x7fab09e73050;  1 drivers
v0x7fab0a92daf0_0 .net *"_ivl_40", 4 0, L_0x7fab0a9352a0;  1 drivers
v0x7fab0a92dba0_0 .net *"_ivl_42", 4 0, L_0x7fab0a935400;  1 drivers
v0x7fab0a92dc50_0 .net *"_ivl_44", 4 0, L_0x7fab0a935510;  1 drivers
v0x7fab0a92dd00_0 .net *"_ivl_46", 4 0, L_0x7fab0a935670;  1 drivers
L_0x7fab09e73290 .functor BUFT 1, C4<001>, C4<0>, C4<0>, C4<0>;
v0x7fab0a92ddb0_0 .net/2u *"_ivl_50", 2 0, L_0x7fab09e73290;  1 drivers
v0x7fab0a92de60_0 .net *"_ivl_52", 0 0, L_0x7fab0a935970;  1 drivers
L_0x7fab09e732d8 .functor BUFT 1, C4<00000>, C4<0>, C4<0>, C4<0>;
v0x7fab0a92df00_0 .net/2u *"_ivl_54", 4 0, L_0x7fab09e732d8;  1 drivers
L_0x7fab09e73320 .functor BUFT 1, C4<010>, C4<0>, C4<0>, C4<0>;
v0x7fab0a92dfb0_0 .net/2u *"_ivl_56", 2 0, L_0x7fab09e73320;  1 drivers
v0x7fab0a92e060_0 .net *"_ivl_58", 0 0, L_0x7fab0a935ae0;  1 drivers
L_0x7fab09e73098 .functor BUFT 1, C4<010>, C4<0>, C4<0>, C4<0>;
v0x7fab0a92e100_0 .net/2u *"_ivl_6", 2 0, L_0x7fab09e73098;  1 drivers
L_0x7fab09e73368 .functor BUFT 1, C4<00000>, C4<0>, C4<0>, C4<0>;
v0x7fab0a92e1b0_0 .net/2u *"_ivl_60", 4 0, L_0x7fab09e73368;  1 drivers
L_0x7fab09e733b0 .functor BUFT 1, C4<011>, C4<0>, C4<0>, C4<0>;
v0x7fab0a92e260_0 .net/2u *"_ivl_62", 2 0, L_0x7fab09e733b0;  1 drivers
v0x7fab0a92e310_0 .net *"_ivl_64", 0 0, L_0x7fab0a934be0;  1 drivers
L_0x7fab09e733f8 .functor BUFT 1, C4<00000>, C4<0>, C4<0>, C4<0>;
v0x7fab0a92e3b0_0 .net/2u *"_ivl_66", 4 0, L_0x7fab09e733f8;  1 drivers
L_0x7fab09e73440 .functor BUFT 1, C4<100>, C4<0>, C4<0>, C4<0>;
v0x7fab0a92e460_0 .net/2u *"_ivl_68", 2 0, L_0x7fab09e73440;  1 drivers
v0x7fab0a92e510_0 .net *"_ivl_70", 0 0, L_0x7fab0a935d20;  1 drivers
v0x7fab0a92e5b0_0 .net *"_ivl_73", 4 0, L_0x7fab0a935dc0;  1 drivers
L_0x7fab09e73488 .functor BUFT 1, C4<101>, C4<0>, C4<0>, C4<0>;
v0x7fab0a92e660_0 .net/2u *"_ivl_74", 2 0, L_0x7fab09e73488;  1 drivers
v0x7fab0a92e710_0 .net *"_ivl_76", 0 0, L_0x7fab0a935c80;  1 drivers
v0x7fab0a92e7b0_0 .net *"_ivl_79", 4 0, L_0x7fab0a936110;  1 drivers
v0x7fab0a92e860_0 .net *"_ivl_8", 0 0, L_0x7fab0a934780;  1 drivers
L_0x7fab09e734d0 .functor BUFT 1, C4<110>, C4<0>, C4<0>, C4<0>;
v0x7fab0a92e900_0 .net/2u *"_ivl_80", 2 0, L_0x7fab09e734d0;  1 drivers
v0x7fab0a92e9b0_0 .net *"_ivl_82", 0 0, L_0x7fab0a935f60;  1 drivers
v0x7fab0a92ea50_0 .net *"_ivl_85", 4 0, L_0x7fab0a936270;  1 drivers
L_0x7fab09e73518 .functor BUFT 1, C4<00000>, C4<0>, C4<0>, C4<0>;
v0x7fab0a92eb00_0 .net/2u *"_ivl_86", 4 0, L_0x7fab09e73518;  1 drivers
v0x7fab0a92ebb0_0 .net *"_ivl_88", 4 0, L_0x7fab0a9361b0;  1 drivers
v0x7fab0a92ec60_0 .net *"_ivl_90", 4 0, L_0x7fab0a936420;  1 drivers
v0x7fab0a92ed10_0 .net *"_ivl_92", 4 0, L_0x7fab0a9365a0;  1 drivers
v0x7fab0a92edc0_0 .net *"_ivl_94", 4 0, L_0x7fab0a936700;  1 drivers
v0x7fab0a92ee70_0 .net *"_ivl_96", 4 0, L_0x7fab0a936890;  1 drivers
v0x7fab0a92ef20_0 .var "alucode", 5 0;
v0x7fab0a92efe0_0 .var "aluop1_type", 1 0;
v0x7fab0a92f070_0 .var "aluop2_type", 1 0;
v0x7fab0a92f100_0 .net "clk", 0 0, o0x7fab09e43b68;  alias, 0 drivers
v0x7fab0a92f190_0 .net "dstreg_num", 4 0, L_0x7fab0a937c70;  alias, 1 drivers
v0x7fab0a92f220_0 .net "imm", 31 0, L_0x7fab0a93b670;  alias, 1 drivers
v0x7fab0a92f2b0_0 .net "ir", 31 0, L_0x7fab0a934610;  alias, 1 drivers
v0x7fab0a92f360_0 .var "is_halt", 0 0;
v0x7fab0a92f400_0 .var "is_load", 0 0;
v0x7fab0a92f4b0_0 .var "is_store", 0 0;
v0x7fab0a92f560_0 .var "op_type", 2 0;
v0x7fab0a92f5f0_0 .var "reg_we", 0 0;
v0x7fab0a92f690_0 .net "srcreg1_num", 4 0, L_0x7fab0a935810;  alias, 1 drivers
v0x7fab0a92f740_0 .net "srcreg2_num", 4 0, L_0x7fab0a9369f0;  alias, 1 drivers
E_0x7fab0a918cb0 .event edge, v0x7fab0a92f2b0_0;
L_0x7fab0a934680 .cmp/eq 3, v0x7fab0a92f560_0, L_0x7fab09e73008;
L_0x7fab0a934780 .cmp/eq 3, v0x7fab0a92f560_0, L_0x7fab09e73098;
L_0x7fab0a934900 .cmp/eq 3, v0x7fab0a92f560_0, L_0x7fab09e73128;
L_0x7fab0a9349e0 .part L_0x7fab0a934610, 15, 5;
L_0x7fab0a934b40 .cmp/eq 3, v0x7fab0a92f560_0, L_0x7fab09e73170;
L_0x7fab0a934c90 .part L_0x7fab0a934610, 15, 5;
L_0x7fab0a934d30 .cmp/eq 3, v0x7fab0a92f560_0, L_0x7fab09e731b8;
L_0x7fab0a934e50 .part L_0x7fab0a934610, 15, 5;
L_0x7fab0a934ef0 .cmp/eq 3, v0x7fab0a92f560_0, L_0x7fab09e73200;
L_0x7fab0a935040 .part L_0x7fab0a934610, 15, 5;
L_0x7fab0a935160 .functor MUXZ 5, L_0x7fab09e73248, L_0x7fab0a935040, L_0x7fab0a934ef0, C4<>;
L_0x7fab0a9352a0 .functor MUXZ 5, L_0x7fab0a935160, L_0x7fab0a934e50, L_0x7fab0a934d30, C4<>;
L_0x7fab0a935400 .functor MUXZ 5, L_0x7fab0a9352a0, L_0x7fab0a934c90, L_0x7fab0a934b40, C4<>;
L_0x7fab0a935510 .functor MUXZ 5, L_0x7fab0a935400, L_0x7fab0a9349e0, L_0x7fab0a934900, C4<>;
L_0x7fab0a935670 .functor MUXZ 5, L_0x7fab0a935510, L_0x7fab09e730e0, L_0x7fab0a934780, C4<>;
L_0x7fab0a935810 .functor MUXZ 5, L_0x7fab0a935670, L_0x7fab09e73050, L_0x7fab0a934680, C4<>;
L_0x7fab0a935970 .cmp/eq 3, v0x7fab0a92f560_0, L_0x7fab09e73290;
L_0x7fab0a935ae0 .cmp/eq 3, v0x7fab0a92f560_0, L_0x7fab09e73320;
L_0x7fab0a934be0 .cmp/eq 3, v0x7fab0a92f560_0, L_0x7fab09e733b0;
L_0x7fab0a935d20 .cmp/eq 3, v0x7fab0a92f560_0, L_0x7fab09e73440;
L_0x7fab0a935dc0 .part L_0x7fab0a934610, 20, 5;
L_0x7fab0a935c80 .cmp/eq 3, v0x7fab0a92f560_0, L_0x7fab09e73488;
L_0x7fab0a936110 .part L_0x7fab0a934610, 20, 5;
L_0x7fab0a935f60 .cmp/eq 3, v0x7fab0a92f560_0, L_0x7fab09e734d0;
L_0x7fab0a936270 .part L_0x7fab0a934610, 20, 5;
L_0x7fab0a9361b0 .functor MUXZ 5, L_0x7fab09e73518, L_0x7fab0a936270, L_0x7fab0a935f60, C4<>;
L_0x7fab0a936420 .functor MUXZ 5, L_0x7fab0a9361b0, L_0x7fab0a936110, L_0x7fab0a935c80, C4<>;
L_0x7fab0a9365a0 .functor MUXZ 5, L_0x7fab0a936420, L_0x7fab0a935dc0, L_0x7fab0a935d20, C4<>;
L_0x7fab0a936700 .functor MUXZ 5, L_0x7fab0a9365a0, L_0x7fab09e733f8, L_0x7fab0a934be0, C4<>;
L_0x7fab0a936890 .functor MUXZ 5, L_0x7fab0a936700, L_0x7fab09e73368, L_0x7fab0a935ae0, C4<>;
L_0x7fab0a9369f0 .functor MUXZ 5, L_0x7fab0a936890, L_0x7fab09e732d8, L_0x7fab0a935970, C4<>;
L_0x7fab0a936bd0 .cmp/eq 3, v0x7fab0a92f560_0, L_0x7fab09e73560;
L_0x7fab0a936c70 .part L_0x7fab0a934610, 7, 5;
L_0x7fab0a936a90 .cmp/eq 3, v0x7fab0a92f560_0, L_0x7fab09e735a8;
L_0x7fab0a936e20 .part L_0x7fab0a934610, 7, 5;
L_0x7fab0a936d10 .cmp/eq 3, v0x7fab0a92f560_0, L_0x7fab09e735f0;
L_0x7fab0a936fe0 .part L_0x7fab0a934610, 7, 5;
L_0x7fab0a936ec0 .cmp/eq 3, v0x7fab0a92f560_0, L_0x7fab09e73638;
L_0x7fab0a935b80 .cmp/eq 3, v0x7fab0a92f560_0, L_0x7fab09e736c8;
L_0x7fab0a937080 .cmp/eq 3, v0x7fab0a92f560_0, L_0x7fab09e73758;
L_0x7fab0a9374f0 .part L_0x7fab0a934610, 7, 5;
L_0x7fab0a9373b0 .functor MUXZ 5, L_0x7fab09e737a0, L_0x7fab0a9374f0, L_0x7fab0a937080, C4<>;
L_0x7fab0a9376e0 .functor MUXZ 5, L_0x7fab0a9373b0, L_0x7fab09e73710, L_0x7fab0a935b80, C4<>;
L_0x7fab0a937610 .functor MUXZ 5, L_0x7fab0a9376e0, L_0x7fab09e73680, L_0x7fab0a936ec0, C4<>;
L_0x7fab0a9379a0 .functor MUXZ 5, L_0x7fab0a937610, L_0x7fab0a936fe0, L_0x7fab0a936d10, C4<>;
L_0x7fab0a937840 .functor MUXZ 5, L_0x7fab0a9379a0, L_0x7fab0a936e20, L_0x7fab0a936a90, C4<>;
L_0x7fab0a937c70 .functor MUXZ 5, L_0x7fab0a937840, L_0x7fab0a936c70, L_0x7fab0a936bd0, C4<>;
L_0x7fab0a937b00 .cmp/eq 3, v0x7fab0a92f560_0, L_0x7fab09e737e8;
L_0x7fab0a937ed0 .part L_0x7fab0a934610, 12, 20;
L_0x7fab0a937d10 .concat [ 12 20 0 0], L_0x7fab09e73830, L_0x7fab0a937ed0;
L_0x7fab0a938100 .cmp/eq 3, v0x7fab0a92f560_0, L_0x7fab09e73878;
L_0x7fab0a937f70 .part L_0x7fab0a934610, 31, 1;
LS_0x7fab0a938010_0_0 .concat [ 1 1 1 1], L_0x7fab0a937f70, L_0x7fab0a937f70, L_0x7fab0a937f70, L_0x7fab0a937f70;
LS_0x7fab0a938010_0_4 .concat [ 1 1 1 1], L_0x7fab0a937f70, L_0x7fab0a937f70, L_0x7fab0a937f70, L_0x7fab0a937f70;
LS_0x7fab0a938010_0_8 .concat [ 1 1 1 0], L_0x7fab0a937f70, L_0x7fab0a937f70, L_0x7fab0a937f70;
L_0x7fab0a938010 .concat [ 4 4 3 0], LS_0x7fab0a938010_0_0, LS_0x7fab0a938010_0_4, LS_0x7fab0a938010_0_8;
L_0x7fab0a9381a0 .part L_0x7fab0a934610, 31, 1;
L_0x7fab0a935ec0 .part L_0x7fab0a934610, 12, 8;
L_0x7fab0a938240 .part L_0x7fab0a934610, 20, 1;
L_0x7fab0a938800 .part L_0x7fab0a934610, 21, 10;
LS_0x7fab0a938640_0_0 .concat [ 1 10 1 8], L_0x7fab09e738c0, L_0x7fab0a938800, L_0x7fab0a938240, L_0x7fab0a935ec0;
LS_0x7fab0a938640_0_4 .concat [ 1 11 0 0], L_0x7fab0a9381a0, L_0x7fab0a938010;
L_0x7fab0a938640 .concat [ 20 12 0 0], LS_0x7fab0a938640_0_0, LS_0x7fab0a938640_0_4;
L_0x7fab0a936000 .cmp/eq 3, v0x7fab0a92f560_0, L_0x7fab09e73908;
L_0x7fab0a9388a0 .part L_0x7fab0a934610, 12, 2;
L_0x7fab0a938940 .cmp/eq 2, L_0x7fab0a9388a0, L_0x7fab09e73950;
L_0x7fab0a938f90 .part L_0x7fab0a934610, 24, 1;
LS_0x7fab0a939030_0_0 .concat [ 1 1 1 1], L_0x7fab0a938f90, L_0x7fab0a938f90, L_0x7fab0a938f90, L_0x7fab0a938f90;
LS_0x7fab0a939030_0_4 .concat [ 1 1 1 1], L_0x7fab0a938f90, L_0x7fab0a938f90, L_0x7fab0a938f90, L_0x7fab0a938f90;
LS_0x7fab0a939030_0_8 .concat [ 1 1 1 1], L_0x7fab0a938f90, L_0x7fab0a938f90, L_0x7fab0a938f90, L_0x7fab0a938f90;
LS_0x7fab0a939030_0_12 .concat [ 1 1 1 1], L_0x7fab0a938f90, L_0x7fab0a938f90, L_0x7fab0a938f90, L_0x7fab0a938f90;
LS_0x7fab0a939030_0_16 .concat [ 1 1 1 1], L_0x7fab0a938f90, L_0x7fab0a938f90, L_0x7fab0a938f90, L_0x7fab0a938f90;
LS_0x7fab0a939030_0_20 .concat [ 1 1 1 1], L_0x7fab0a938f90, L_0x7fab0a938f90, L_0x7fab0a938f90, L_0x7fab0a938f90;
LS_0x7fab0a939030_0_24 .concat [ 1 1 1 0], L_0x7fab0a938f90, L_0x7fab0a938f90, L_0x7fab0a938f90;
LS_0x7fab0a939030_1_0 .concat [ 4 4 4 4], LS_0x7fab0a939030_0_0, LS_0x7fab0a939030_0_4, LS_0x7fab0a939030_0_8, LS_0x7fab0a939030_0_12;
LS_0x7fab0a939030_1_4 .concat [ 4 4 3 0], LS_0x7fab0a939030_0_16, LS_0x7fab0a939030_0_20, LS_0x7fab0a939030_0_24;
L_0x7fab0a939030 .concat [ 16 11 0 0], LS_0x7fab0a939030_1_0, LS_0x7fab0a939030_1_4;
L_0x7fab0a939270 .part L_0x7fab0a934610, 20, 5;
L_0x7fab0a9391b0 .concat [ 5 27 0 0], L_0x7fab0a939270, L_0x7fab0a939030;
L_0x7fab0a938cf0 .cmp/eq 3, v0x7fab0a92f560_0, L_0x7fab09e73998;
L_0x7fab0a938dd0 .part L_0x7fab0a934610, 31, 1;
LS_0x7fab0a939790_0_0 .concat [ 1 1 1 1], L_0x7fab0a938dd0, L_0x7fab0a938dd0, L_0x7fab0a938dd0, L_0x7fab0a938dd0;
LS_0x7fab0a939790_0_4 .concat [ 1 1 1 1], L_0x7fab0a938dd0, L_0x7fab0a938dd0, L_0x7fab0a938dd0, L_0x7fab0a938dd0;
LS_0x7fab0a939790_0_8 .concat [ 1 1 1 1], L_0x7fab0a938dd0, L_0x7fab0a938dd0, L_0x7fab0a938dd0, L_0x7fab0a938dd0;
LS_0x7fab0a939790_0_12 .concat [ 1 1 1 1], L_0x7fab0a938dd0, L_0x7fab0a938dd0, L_0x7fab0a938dd0, L_0x7fab0a938dd0;
LS_0x7fab0a939790_0_16 .concat [ 1 1 1 1], L_0x7fab0a938dd0, L_0x7fab0a938dd0, L_0x7fab0a938dd0, L_0x7fab0a938dd0;
LS_0x7fab0a939790_1_0 .concat [ 4 4 4 4], LS_0x7fab0a939790_0_0, LS_0x7fab0a939790_0_4, LS_0x7fab0a939790_0_8, LS_0x7fab0a939790_0_12;
LS_0x7fab0a939790_1_4 .concat [ 4 0 0 0], LS_0x7fab0a939790_0_16;
L_0x7fab0a939790 .concat [ 16 4 0 0], LS_0x7fab0a939790_1_0, LS_0x7fab0a939790_1_4;
L_0x7fab0a9399a0 .part L_0x7fab0a934610, 20, 12;
L_0x7fab0a9398e0 .concat [ 12 20 0 0], L_0x7fab0a9399a0, L_0x7fab0a939790;
L_0x7fab0a9395b0 .cmp/eq 3, v0x7fab0a92f560_0, L_0x7fab09e739e0;
L_0x7fab0a939690 .part L_0x7fab0a934610, 31, 1;
LS_0x7fab0a939ee0_0_0 .concat [ 1 1 1 1], L_0x7fab0a939690, L_0x7fab0a939690, L_0x7fab0a939690, L_0x7fab0a939690;
LS_0x7fab0a939ee0_0_4 .concat [ 1 1 1 1], L_0x7fab0a939690, L_0x7fab0a939690, L_0x7fab0a939690, L_0x7fab0a939690;
LS_0x7fab0a939ee0_0_8 .concat [ 1 1 1 1], L_0x7fab0a939690, L_0x7fab0a939690, L_0x7fab0a939690, L_0x7fab0a939690;
LS_0x7fab0a939ee0_0_12 .concat [ 1 1 1 1], L_0x7fab0a939690, L_0x7fab0a939690, L_0x7fab0a939690, L_0x7fab0a939690;
LS_0x7fab0a939ee0_0_16 .concat [ 1 1 1 0], L_0x7fab0a939690, L_0x7fab0a939690, L_0x7fab0a939690;
LS_0x7fab0a939ee0_1_0 .concat [ 4 4 4 4], LS_0x7fab0a939ee0_0_0, LS_0x7fab0a939ee0_0_4, LS_0x7fab0a939ee0_0_8, LS_0x7fab0a939ee0_0_12;
LS_0x7fab0a939ee0_1_4 .concat [ 3 0 0 0], LS_0x7fab0a939ee0_0_16;
L_0x7fab0a939ee0 .concat [ 16 3 0 0], LS_0x7fab0a939ee0_1_0, LS_0x7fab0a939ee0_1_4;
L_0x7fab0a93a0a0 .part L_0x7fab0a934610, 31, 1;
L_0x7fab0a939ca0 .part L_0x7fab0a934610, 7, 1;
L_0x7fab0a939d40 .part L_0x7fab0a934610, 25, 6;
L_0x7fab0a939de0 .part L_0x7fab0a934610, 8, 4;
LS_0x7fab0a93a610_0_0 .concat [ 1 4 6 1], L_0x7fab09e73a28, L_0x7fab0a939de0, L_0x7fab0a939d40, L_0x7fab0a939ca0;
LS_0x7fab0a93a610_0_4 .concat [ 1 19 0 0], L_0x7fab0a93a0a0, L_0x7fab0a939ee0;
L_0x7fab0a93a610 .concat [ 12 20 0 0], LS_0x7fab0a93a610_0_0, LS_0x7fab0a93a610_0_4;
L_0x7fab0a93a730 .cmp/eq 3, v0x7fab0a92f560_0, L_0x7fab09e73a70;
L_0x7fab0a93a3a0 .part L_0x7fab0a934610, 31, 1;
LS_0x7fab0a93a440_0_0 .concat [ 1 1 1 1], L_0x7fab0a93a3a0, L_0x7fab0a93a3a0, L_0x7fab0a93a3a0, L_0x7fab0a93a3a0;
LS_0x7fab0a93a440_0_4 .concat [ 1 1 1 1], L_0x7fab0a93a3a0, L_0x7fab0a93a3a0, L_0x7fab0a93a3a0, L_0x7fab0a93a3a0;
LS_0x7fab0a93a440_0_8 .concat [ 1 1 1 1], L_0x7fab0a93a3a0, L_0x7fab0a93a3a0, L_0x7fab0a93a3a0, L_0x7fab0a93a3a0;
LS_0x7fab0a93a440_0_12 .concat [ 1 1 1 1], L_0x7fab0a93a3a0, L_0x7fab0a93a3a0, L_0x7fab0a93a3a0, L_0x7fab0a93a3a0;
LS_0x7fab0a93a440_0_16 .concat [ 1 1 1 1], L_0x7fab0a93a3a0, L_0x7fab0a93a3a0, L_0x7fab0a93a3a0, L_0x7fab0a93a3a0;
LS_0x7fab0a93a440_1_0 .concat [ 4 4 4 4], LS_0x7fab0a93a440_0_0, LS_0x7fab0a93a440_0_4, LS_0x7fab0a93a440_0_8, LS_0x7fab0a93a440_0_12;
LS_0x7fab0a93a440_1_4 .concat [ 4 0 0 0], LS_0x7fab0a93a440_0_16;
L_0x7fab0a93a440 .concat [ 16 4 0 0], LS_0x7fab0a93a440_1_0, LS_0x7fab0a93a440_1_4;
L_0x7fab0a93ab10 .part L_0x7fab0a934610, 25, 7;
L_0x7fab0a938320 .part L_0x7fab0a934610, 7, 5;
L_0x7fab0a9383c0 .concat [ 5 7 20 0], L_0x7fab0a938320, L_0x7fab0a93ab10, L_0x7fab0a93a440;
L_0x7fab0a938460 .cmp/eq 3, v0x7fab0a92f560_0, L_0x7fab09e73ab8;
L_0x7fab0a93a810 .functor MUXZ 32, L_0x7fab09e73b48, L_0x7fab09e73b00, L_0x7fab0a938460, C4<>;
L_0x7fab0a93a930 .functor MUXZ 32, L_0x7fab0a93a810, L_0x7fab0a9383c0, L_0x7fab0a93a730, C4<>;
L_0x7fab0a93b0d0 .functor MUXZ 32, L_0x7fab0a93a930, L_0x7fab0a93a610, L_0x7fab0a9395b0, C4<>;
L_0x7fab0a93b230 .functor MUXZ 32, L_0x7fab0a93b0d0, L_0x7fab0a9398e0, L_0x7fab0a938cf0, C4<>;
L_0x7fab0a93aed0 .functor MUXZ 32, L_0x7fab0a93b230, L_0x7fab0a9391b0, L_0x7fab0a938ea0, C4<>;
L_0x7fab0a93b030 .functor MUXZ 32, L_0x7fab0a93aed0, L_0x7fab0a938640, L_0x7fab0a938100, C4<>;
L_0x7fab0a93b670 .functor MUXZ 32, L_0x7fab0a93b030, L_0x7fab0a937d10, L_0x7fab0a937b00, C4<>;
S_0x7fab0a92f930 .scope module, "execute_body" "execute" 2 68, 5 4 0, S_0x7fab0a9171c0;
 .timescale -9 -12;
    .port_info 0 /INPUT 32 "pc";
    .port_info 1 /INPUT 2 "aluop1_type";
    .port_info 2 /INPUT 2 "aluop2_type";
    .port_info 3 /INPUT 6 "alucode";
    .port_info 4 /INPUT 32 "srcreg1";
    .port_info 5 /INPUT 32 "srcreg2";
    .port_info 6 /INPUT 32 "imm";
    .port_info 7 /OUTPUT 32 "alu_result";
    .port_info 8 /OUTPUT 32 "npc";
L_0x7fab09e73bd8 .functor BUFT 1, C4<1>, C4<0>, C4<0>, C4<0>;
L_0x7fab0a93bc70 .functor XNOR 1, v0x7fab0a930040_0, L_0x7fab09e73bd8, C4<0>, C4<0>;
v0x7fab0a930830_0 .net/2u *"_ivl_10", 0 0, L_0x7fab09e73bd8;  1 drivers
v0x7fab0a9308f0_0 .net *"_ivl_12", 0 0, L_0x7fab0a93bc70;  1 drivers
v0x7fab0a930990_0 .net *"_ivl_14", 31 0, L_0x7fab0a93bce0;  1 drivers
L_0x7fab09e73c20 .functor BUFT 1, C4<00000000000000000000000000000100>, C4<0>, C4<0>, C4<0>;
v0x7fab0a930a30_0 .net/2u *"_ivl_16", 31 0, L_0x7fab09e73c20;  1 drivers
v0x7fab0a930ae0_0 .net *"_ivl_18", 31 0, L_0x7fab0a93bde0;  1 drivers
v0x7fab0a930bd0_0 .net *"_ivl_20", 31 0, L_0x7fab0a93bf80;  1 drivers
L_0x7fab09e73b90 .functor BUFT 1, C4<000010>, C4<0>, C4<0>, C4<0>;
v0x7fab0a930c80_0 .net/2u *"_ivl_4", 5 0, L_0x7fab09e73b90;  1 drivers
v0x7fab0a930d30_0 .net *"_ivl_6", 0 0, L_0x7fab0a93ba50;  1 drivers
v0x7fab0a930dd0_0 .net *"_ivl_8", 31 0, L_0x7fab0a93baf0;  1 drivers
v0x7fab0a930ee0_0 .net "alu_result", 31 0, v0x7fab0a92feb0_0;  alias, 1 drivers
v0x7fab0a930f80_0 .net "alucode", 5 0, v0x7fab0a92ef20_0;  alias, 1 drivers
v0x7fab0a931020_0 .net "aluop1_type", 1 0, v0x7fab0a92efe0_0;  alias, 1 drivers
v0x7fab0a9310c0_0 .net "aluop2_type", 1 0, v0x7fab0a92f070_0;  alias, 1 drivers
v0x7fab0a931170_0 .net "br_taken", 0 0, v0x7fab0a930040_0;  1 drivers
v0x7fab0a931220_0 .net "imm", 31 0, L_0x7fab0a93b670;  alias, 1 drivers
v0x7fab0a9312d0_0 .net "npc", 31 0, L_0x7fab0a93c0a0;  alias, 1 drivers
v0x7fab0a931360_0 .net "op1", 31 0, L_0x7fab0a93b7d0;  1 drivers
v0x7fab0a931520_0 .net "op2", 31 0, L_0x7fab0a93b930;  1 drivers
v0x7fab0a9315b0_0 .net "pc", 31 0, v0x7fab0a933140_0;  alias, 1 drivers
v0x7fab0a931640_0 .net "srcreg1", 31 0, L_0x7fab0a93c560;  alias, 1 drivers
v0x7fab0a9316d0_0 .net "srcreg2", 31 0, L_0x7fab0a93c810;  alias, 1 drivers
L_0x7fab0a93b7d0 .ufunc/vec4 TD_cpu.execute_body.op, 32, v0x7fab0a92efe0_0, L_0x7fab0a93c560, L_0x7fab0a93b670, v0x7fab0a933140_0 (v0x7fab0a9304b0_0, v0x7fab0a930740_0, v0x7fab0a930540_0, v0x7fab0a930690_0) S_0x7fab0a9302f0;
L_0x7fab0a93b930 .ufunc/vec4 TD_cpu.execute_body.op, 32, v0x7fab0a92f070_0, L_0x7fab0a93c810, L_0x7fab0a93b670, v0x7fab0a933140_0 (v0x7fab0a9304b0_0, v0x7fab0a930740_0, v0x7fab0a930540_0, v0x7fab0a930690_0) S_0x7fab0a9302f0;
L_0x7fab0a93ba50 .cmp/eq 6, v0x7fab0a92ef20_0, L_0x7fab09e73b90;
L_0x7fab0a93baf0 .arith/sum 32, L_0x7fab0a93c560, L_0x7fab0a93b670;
L_0x7fab0a93bce0 .arith/sum 32, v0x7fab0a933140_0, L_0x7fab0a93b670;
L_0x7fab0a93bde0 .arith/sum 32, v0x7fab0a933140_0, L_0x7fab09e73c20;
L_0x7fab0a93bf80 .functor MUXZ 32, L_0x7fab0a93bde0, L_0x7fab0a93bce0, L_0x7fab0a93bc70, C4<>;
L_0x7fab0a93c0a0 .functor MUXZ 32, L_0x7fab0a93bf80, L_0x7fab0a93baf0, L_0x7fab0a93ba50, C4<>;
S_0x7fab0a92fbf0 .scope module, "alu_body" "alu" 5 33, 6 5 0, S_0x7fab0a92f930;
 .timescale -9 -12;
    .port_info 0 /INPUT 6 "alucode";
    .port_info 1 /INPUT 32 "op1";
    .port_info 2 /INPUT 32 "op2";
    .port_info 3 /OUTPUT 32 "alu_result";
    .port_info 4 /OUTPUT 1 "br_taken";
v0x7fab0a92feb0_0 .var "alu_result", 31 0;
v0x7fab0a92ff70_0 .net "alucode", 5 0, v0x7fab0a92ef20_0;  alias, 1 drivers
v0x7fab0a930040_0 .var "br_taken", 0 0;
v0x7fab0a9300d0_0 .net "op1", 31 0, L_0x7fab0a93b7d0;  alias, 1 drivers
v0x7fab0a930180_0 .net "op2", 31 0, L_0x7fab0a93b930;  alias, 1 drivers
E_0x7fab0a92fe60 .event edge, v0x7fab0a928e20_0, v0x7fab0a930180_0, v0x7fab0a9300d0_0;
S_0x7fab0a9302f0 .scope function.vec4.s32, "op" "op" 5 18, 5 18 0, S_0x7fab0a92f930;
 .timescale -9 -12;
v0x7fab0a9304b0_0 .var "aluop_type", 1 0;
v0x7fab0a930540_0 .var "imm", 31 0;
; Variable op is vec4 return value of scope S_0x7fab0a9302f0
v0x7fab0a930690_0 .var "pc", 31 0;
v0x7fab0a930740_0 .var "srcreg", 31 0;
TD_cpu.execute_body.op ;
    %load/vec4 v0x7fab0a9304b0_0;
    %dup/vec4;
    %pushi/vec4 2, 0, 2;
    %cmp/u;
    %jmp/1 T_0.0, 6;
    %dup/vec4;
    %pushi/vec4 3, 0, 2;
    %cmp/u;
    %jmp/1 T_0.1, 6;
    %load/vec4 v0x7fab0a930740_0;
    %ret/vec4 0, 0, 32;  Assign to op (store_vec4_to_lval)
    %jmp T_0.3;
T_0.0 ;
    %load/vec4 v0x7fab0a930540_0;
    %ret/vec4 0, 0, 32;  Assign to op (store_vec4_to_lval)
    %jmp T_0.3;
T_0.1 ;
    %load/vec4 v0x7fab0a930690_0;
    %ret/vec4 0, 0, 32;  Assign to op (store_vec4_to_lval)
    %jmp T_0.3;
T_0.3 ;
    %pop/vec4 1;
    %end;
S_0x7fab0a931830 .scope module, "fetch_body" "fetch" 2 45, 7 1 0, S_0x7fab0a9171c0;
 .timescale 0 0;
    .port_info 0 /INPUT 32 "pc";
    .port_info 1 /OUTPUT 32 "ir";
L_0x7fab0a934610 .functor BUFZ 32, L_0x7fab0a9344f0, C4<00000000000000000000000000000000>, C4<00000000000000000000000000000000>, C4<00000000000000000000000000000000>;
v0x7fab0a9319e0_0 .net *"_ivl_0", 31 0, L_0x7fab0a9344f0;  1 drivers
v0x7fab0a931aa0_0 .net "ir", 31 0, L_0x7fab0a934610;  alias, 1 drivers
v0x7fab0a931b60 .array "ir_mem", 32768 0, 31 0;
v0x7fab0a931c10_0 .net "pc", 31 0, v0x7fab0a933140_0;  alias, 1 drivers
L_0x7fab0a9344f0 .array/port v0x7fab0a931b60, v0x7fab0a933140_0;
S_0x7fab0a931ce0 .scope module, "register_file_body" "register_file" 2 102, 8 7 0, S_0x7fab0a9171c0;
 .timescale -9 -12;
    .port_info 0 /INPUT 1 "clk";
    .port_info 1 /INPUT 1 "rst";
    .port_info 2 /INPUT 1 "reg_we";
    .port_info 3 /INPUT 5 "srcreg1_num";
    .port_info 4 /INPUT 5 "srcreg2_num";
    .port_info 5 /INPUT 5 "dstreg_num";
    .port_info 6 /INPUT 32 "dstreg_data";
    .port_info 7 /OUTPUT 32 "srcreg1_data";
    .port_info 8 /OUTPUT 32 "srcreg2_data";
L_0x7fab0a93c560 .functor BUFZ 32, L_0x7fab0a93c360, C4<00000000000000000000000000000000>, C4<00000000000000000000000000000000>, C4<00000000000000000000000000000000>;
L_0x7fab0a93c810 .functor BUFZ 32, L_0x7fab0a93c610, C4<00000000000000000000000000000000>, C4<00000000000000000000000000000000>, C4<00000000000000000000000000000000>;
v0x7fab0a932050_0 .net *"_ivl_0", 31 0, L_0x7fab0a93c360;  1 drivers
v0x7fab0a932110_0 .net *"_ivl_10", 6 0, L_0x7fab0a93c6b0;  1 drivers
L_0x7fab09e73cb0 .functor BUFT 1, C4<00>, C4<0>, C4<0>, C4<0>;
v0x7fab0a9321b0_0 .net *"_ivl_13", 1 0, L_0x7fab09e73cb0;  1 drivers
v0x7fab0a932260_0 .net *"_ivl_2", 6 0, L_0x7fab0a93c400;  1 drivers
L_0x7fab09e73c68 .functor BUFT 1, C4<00>, C4<0>, C4<0>, C4<0>;
v0x7fab0a932310_0 .net *"_ivl_5", 1 0, L_0x7fab09e73c68;  1 drivers
v0x7fab0a932400_0 .net *"_ivl_8", 31 0, L_0x7fab0a93c610;  1 drivers
o0x7fab09e44798 .functor BUFZ 1, C4<z>; HiZ drive
v0x7fab0a9324b0_0 .net "clk", 0 0, o0x7fab09e44798;  0 drivers
v0x7fab0a932550_0 .net "dstreg_data", 31 0, L_0x7fab0a93c200;  alias, 1 drivers
v0x7fab0a932600_0 .net "dstreg_num", 4 0, L_0x7fab0a937c70;  alias, 1 drivers
v0x7fab0a932730_0 .var/i "i", 31 0;
v0x7fab0a9327c0_0 .net "reg_we", 0 0, v0x7fab0a92f5f0_0;  alias, 1 drivers
v0x7fab0a932850 .array "register_file", 31 0, 31 0;
v0x7fab0a9328e0_0 .net "rst", 0 0, o0x7fab09e44828;  alias, 0 drivers
v0x7fab0a932970_0 .net "srcreg1_data", 31 0, L_0x7fab0a93c560;  alias, 1 drivers
v0x7fab0a932a20_0 .net "srcreg1_num", 4 0, L_0x7fab0a935810;  alias, 1 drivers
v0x7fab0a932ad0_0 .net "srcreg2_data", 31 0, L_0x7fab0a93c810;  alias, 1 drivers
v0x7fab0a932ba0_0 .net "srcreg2_num", 4 0, L_0x7fab0a9369f0;  alias, 1 drivers
E_0x7fab0a932010/0 .event negedge, v0x7fab0a9328e0_0;
E_0x7fab0a932010/1 .event posedge, v0x7fab0a9324b0_0;
E_0x7fab0a932010 .event/or E_0x7fab0a932010/0, E_0x7fab0a932010/1;
L_0x7fab0a93c360 .array/port v0x7fab0a932850, L_0x7fab0a93c400;
L_0x7fab0a93c400 .concat [ 5 2 0 0], L_0x7fab0a935810, L_0x7fab09e73c68;
L_0x7fab0a93c610 .array/port v0x7fab0a932850, L_0x7fab0a93c6b0;
L_0x7fab0a93c6b0 .concat [ 5 2 0 0], L_0x7fab0a9369f0, L_0x7fab09e73cb0;
S_0x7fab0a932d90 .scope module, "writeback_body" "writeback" 2 92, 9 1 0, S_0x7fab0a9171c0;
 .timescale -9 -12;
    .port_info 0 /INOUT 1 "clk";
    .port_info 1 /INPUT 1 "rst";
    .port_info 2 /INPUT 32 "nextpc";
    .port_info 3 /OUTPUT 32 "pc";
v0x7fab0a932fd0_0 .net "clk", 0 0, o0x7fab09e43b68;  alias, 0 drivers
v0x7fab0a933090_0 .net "nextpc", 31 0, L_0x7fab0a93c0a0;  alias, 1 drivers
v0x7fab0a933140_0 .var "pc", 31 0;
v0x7fab0a933230_0 .net "rst", 0 0, o0x7fab09e44828;  alias, 0 drivers
E_0x7fab0a932f80/0 .event negedge, v0x7fab0a9328e0_0;
E_0x7fab0a932f80/1 .event posedge, v0x7fab0a92f100_0;
E_0x7fab0a932f80 .event/or E_0x7fab0a932f80/0, E_0x7fab0a932f80/1;
    .scope S_0x7fab0a931830;
T_1 ;
    %vpi_call 7 6 "$readmemh", "/Users/momoka/git/microprocessor/benchmarks/tests/ControlTransfer/code.hex", v0x7fab0a931b60 {0 0 0};
    %end;
    .thread T_1;
    .scope S_0x7fab0a929390;
T_2 ;
    %wait E_0x7fab0a918cb0;
    %load/vec4 v0x7fab0a92f2b0_0;
    %parti/s 7, 0, 2;
    %dup/vec4;
    %pushi/vec4 19, 0, 7;
    %cmp/u;
    %jmp/1 T_2.0, 6;
    %dup/vec4;
    %pushi/vec4 51, 0, 7;
    %cmp/u;
    %jmp/1 T_2.1, 6;
    %dup/vec4;
    %pushi/vec4 55, 0, 7;
    %cmp/u;
    %jmp/1 T_2.2, 6;
    %dup/vec4;
    %pushi/vec4 23, 0, 7;
    %cmp/u;
    %jmp/1 T_2.3, 6;
    %dup/vec4;
    %pushi/vec4 111, 0, 7;
    %cmp/u;
    %jmp/1 T_2.4, 6;
    %dup/vec4;
    %pushi/vec4 103, 0, 7;
    %cmp/u;
    %jmp/1 T_2.5, 6;
    %dup/vec4;
    %pushi/vec4 99, 0, 7;
    %cmp/u;
    %jmp/1 T_2.6, 6;
    %dup/vec4;
    %pushi/vec4 35, 0, 7;
    %cmp/u;
    %jmp/1 T_2.7, 6;
    %dup/vec4;
    %pushi/vec4 3, 0, 7;
    %cmp/u;
    %jmp/1 T_2.8, 6;
    %jmp T_2.9;
T_2.0 ;
    %pushi/vec4 3, 0, 3;
    %assign/vec4 v0x7fab0a92f560_0, 0;
    %load/vec4 v0x7fab0a92f2b0_0;
    %parti/s 3, 12, 5;
    %dup/vec4;
    %pushi/vec4 0, 0, 3;
    %cmp/u;
    %jmp/1 T_2.10, 6;
    %dup/vec4;
    %pushi/vec4 2, 0, 3;
    %cmp/u;
    %jmp/1 T_2.11, 6;
    %dup/vec4;
    %pushi/vec4 3, 0, 3;
    %cmp/u;
    %jmp/1 T_2.12, 6;
    %dup/vec4;
    %pushi/vec4 4, 0, 3;
    %cmp/u;
    %jmp/1 T_2.13, 6;
    %dup/vec4;
    %pushi/vec4 6, 0, 3;
    %cmp/u;
    %jmp/1 T_2.14, 6;
    %dup/vec4;
    %pushi/vec4 7, 0, 3;
    %cmp/u;
    %jmp/1 T_2.15, 6;
    %dup/vec4;
    %pushi/vec4 1, 0, 3;
    %cmp/u;
    %jmp/1 T_2.16, 6;
    %dup/vec4;
    %pushi/vec4 5, 0, 3;
    %cmp/u;
    %jmp/1 T_2.17, 6;
    %jmp T_2.18;
T_2.10 ;
    %pushi/vec4 17, 0, 6;
    %assign/vec4 v0x7fab0a92ef20_0, 0;
    %jmp T_2.18;
T_2.11 ;
    %pushi/vec4 19, 0, 6;
    %assign/vec4 v0x7fab0a92ef20_0, 0;
    %jmp T_2.18;
T_2.12 ;
    %pushi/vec4 20, 0, 6;
    %assign/vec4 v0x7fab0a92ef20_0, 0;
    %jmp T_2.18;
T_2.13 ;
    %pushi/vec4 21, 0, 6;
    %assign/vec4 v0x7fab0a92ef20_0, 0;
    %jmp T_2.18;
T_2.14 ;
    %pushi/vec4 22, 0, 6;
    %assign/vec4 v0x7fab0a92ef20_0, 0;
    %jmp T_2.18;
T_2.15 ;
    %pushi/vec4 23, 0, 6;
    %assign/vec4 v0x7fab0a92ef20_0, 0;
    %jmp T_2.18;
T_2.16 ;
    %pushi/vec4 24, 0, 6;
    %assign/vec4 v0x7fab0a92ef20_0, 0;
    %jmp T_2.18;
T_2.17 ;
    %load/vec4 v0x7fab0a92f2b0_0;
    %parti/s 1, 30, 6;
    %flag_set/vec4 8;
    %jmp/0 T_2.19, 8;
    %pushi/vec4 26, 0, 6;
    %jmp/1 T_2.20, 8;
T_2.19 ; End of true expr.
    %pushi/vec4 25, 0, 6;
    %jmp/0 T_2.20, 8;
 ; End of false expr.
    %blend;
T_2.20;
    %assign/vec4 v0x7fab0a92ef20_0, 0;
    %jmp T_2.18;
T_2.18 ;
    %pop/vec4 1;
    %pushi/vec4 1, 0, 2;
    %assign/vec4 v0x7fab0a92efe0_0, 0;
    %pushi/vec4 2, 0, 2;
    %assign/vec4 v0x7fab0a92f070_0, 0;
    %pushi/vec4 1, 0, 1;
    %assign/vec4 v0x7fab0a92f5f0_0, 0;
    %pushi/vec4 0, 0, 1;
    %assign/vec4 v0x7fab0a92f400_0, 0;
    %pushi/vec4 0, 0, 1;
    %assign/vec4 v0x7fab0a92f4b0_0, 0;
    %pushi/vec4 0, 0, 1;
    %assign/vec4 v0x7fab0a92f360_0, 0;
    %jmp T_2.9;
T_2.1 ;
    %pushi/vec4 6, 0, 3;
    %assign/vec4 v0x7fab0a92f560_0, 0;
    %load/vec4 v0x7fab0a92f2b0_0;
    %parti/s 3, 12, 5;
    %dup/vec4;
    %pushi/vec4 0, 0, 3;
    %cmp/u;
    %jmp/1 T_2.21, 6;
    %dup/vec4;
    %pushi/vec4 2, 0, 3;
    %cmp/u;
    %jmp/1 T_2.22, 6;
    %dup/vec4;
    %pushi/vec4 3, 0, 3;
    %cmp/u;
    %jmp/1 T_2.23, 6;
    %dup/vec4;
    %pushi/vec4 4, 0, 3;
    %cmp/u;
    %jmp/1 T_2.24, 6;
    %dup/vec4;
    %pushi/vec4 6, 0, 3;
    %cmp/u;
    %jmp/1 T_2.25, 6;
    %dup/vec4;
    %pushi/vec4 7, 0, 3;
    %cmp/u;
    %jmp/1 T_2.26, 6;
    %dup/vec4;
    %pushi/vec4 1, 0, 3;
    %cmp/u;
    %jmp/1 T_2.27, 6;
    %dup/vec4;
    %pushi/vec4 5, 0, 3;
    %cmp/u;
    %jmp/1 T_2.28, 6;
    %jmp T_2.29;
T_2.21 ;
    %load/vec4 v0x7fab0a92f2b0_0;
    %parti/s 1, 30, 6;
    %flag_set/vec4 8;
    %jmp/0 T_2.30, 8;
    %pushi/vec4 18, 0, 6;
    %jmp/1 T_2.31, 8;
T_2.30 ; End of true expr.
    %pushi/vec4 17, 0, 6;
    %jmp/0 T_2.31, 8;
 ; End of false expr.
    %blend;
T_2.31;
    %assign/vec4 v0x7fab0a92ef20_0, 0;
    %jmp T_2.29;
T_2.22 ;
    %pushi/vec4 19, 0, 6;
    %assign/vec4 v0x7fab0a92ef20_0, 0;
    %jmp T_2.29;
T_2.23 ;
    %pushi/vec4 20, 0, 6;
    %assign/vec4 v0x7fab0a92ef20_0, 0;
    %jmp T_2.29;
T_2.24 ;
    %pushi/vec4 21, 0, 6;
    %assign/vec4 v0x7fab0a92ef20_0, 0;
    %jmp T_2.29;
T_2.25 ;
    %pushi/vec4 22, 0, 6;
    %assign/vec4 v0x7fab0a92ef20_0, 0;
    %jmp T_2.29;
T_2.26 ;
    %pushi/vec4 23, 0, 6;
    %assign/vec4 v0x7fab0a92ef20_0, 0;
    %jmp T_2.29;
T_2.27 ;
    %pushi/vec4 24, 0, 6;
    %assign/vec4 v0x7fab0a92ef20_0, 0;
    %jmp T_2.29;
T_2.28 ;
    %load/vec4 v0x7fab0a92f2b0_0;
    %parti/s 1, 30, 6;
    %flag_set/vec4 8;
    %jmp/0 T_2.32, 8;
    %pushi/vec4 26, 0, 6;
    %jmp/1 T_2.33, 8;
T_2.32 ; End of true expr.
    %pushi/vec4 25, 0, 6;
    %jmp/0 T_2.33, 8;
 ; End of false expr.
    %blend;
T_2.33;
    %assign/vec4 v0x7fab0a92ef20_0, 0;
    %jmp T_2.29;
T_2.29 ;
    %pop/vec4 1;
    %pushi/vec4 1, 0, 2;
    %assign/vec4 v0x7fab0a92efe0_0, 0;
    %pushi/vec4 1, 0, 2;
    %assign/vec4 v0x7fab0a92f070_0, 0;
    %pushi/vec4 1, 0, 1;
    %assign/vec4 v0x7fab0a92f5f0_0, 0;
    %pushi/vec4 0, 0, 1;
    %assign/vec4 v0x7fab0a92f400_0, 0;
    %pushi/vec4 0, 0, 1;
    %assign/vec4 v0x7fab0a92f4b0_0, 0;
    %pushi/vec4 0, 0, 1;
    %assign/vec4 v0x7fab0a92f360_0, 0;
    %jmp T_2.9;
T_2.2 ;
    %pushi/vec4 1, 0, 3;
    %assign/vec4 v0x7fab0a92f560_0, 0;
    %pushi/vec4 0, 0, 6;
    %assign/vec4 v0x7fab0a92ef20_0, 0;
    %pushi/vec4 1, 0, 1;
    %assign/vec4 v0x7fab0a92f5f0_0, 0;
    %pushi/vec4 0, 0, 2;
    %assign/vec4 v0x7fab0a92efe0_0, 0;
    %pushi/vec4 2, 0, 2;
    %assign/vec4 v0x7fab0a92f070_0, 0;
    %pushi/vec4 0, 0, 1;
    %assign/vec4 v0x7fab0a92f400_0, 0;
    %pushi/vec4 0, 0, 1;
    %assign/vec4 v0x7fab0a92f4b0_0, 0;
    %pushi/vec4 0, 0, 1;
    %assign/vec4 v0x7fab0a92f360_0, 0;
    %jmp T_2.9;
T_2.3 ;
    %pushi/vec4 1, 0, 3;
    %assign/vec4 v0x7fab0a92f560_0, 0;
    %pushi/vec4 1, 0, 1;
    %assign/vec4 v0x7fab0a92f5f0_0, 0;
    %pushi/vec4 17, 0, 6;
    %assign/vec4 v0x7fab0a92ef20_0, 0;
    %pushi/vec4 2, 0, 2;
    %assign/vec4 v0x7fab0a92efe0_0, 0;
    %pushi/vec4 3, 0, 2;
    %assign/vec4 v0x7fab0a92f070_0, 0;
    %pushi/vec4 0, 0, 1;
    %assign/vec4 v0x7fab0a92f400_0, 0;
    %pushi/vec4 0, 0, 1;
    %assign/vec4 v0x7fab0a92f4b0_0, 0;
    %pushi/vec4 0, 0, 1;
    %assign/vec4 v0x7fab0a92f360_0, 0;
    %jmp T_2.9;
T_2.4 ;
    %pushi/vec4 2, 0, 3;
    %assign/vec4 v0x7fab0a92f560_0, 0;
    %load/vec4 v0x7fab0a92f2b0_0;
    %parti/s 5, 7, 4;
    %cmpi/ne 0, 0, 5;
    %flag_mov 8, 4;
    %jmp/0 T_2.34, 8;
    %pushi/vec4 1, 0, 1;
    %jmp/1 T_2.35, 8;
T_2.34 ; End of true expr.
    %pushi/vec4 0, 0, 1;
    %jmp/0 T_2.35, 8;
 ; End of false expr.
    %blend;
T_2.35;
    %assign/vec4 v0x7fab0a92f5f0_0, 0;
    %pushi/vec4 1, 0, 6;
    %assign/vec4 v0x7fab0a92ef20_0, 0;
    %pushi/vec4 0, 0, 2;
    %assign/vec4 v0x7fab0a92efe0_0, 0;
    %pushi/vec4 3, 0, 2;
    %assign/vec4 v0x7fab0a92f070_0, 0;
    %pushi/vec4 0, 0, 1;
    %assign/vec4 v0x7fab0a92f400_0, 0;
    %pushi/vec4 0, 0, 1;
    %assign/vec4 v0x7fab0a92f4b0_0, 0;
    %pushi/vec4 0, 0, 1;
    %assign/vec4 v0x7fab0a92f360_0, 0;
    %jmp T_2.9;
T_2.5 ;
    %pushi/vec4 3, 0, 3;
    %assign/vec4 v0x7fab0a92f560_0, 0;
    %load/vec4 v0x7fab0a92f2b0_0;
    %parti/s 5, 7, 4;
    %cmpi/ne 0, 0, 5;
    %flag_mov 8, 4;
    %jmp/0 T_2.36, 8;
    %pushi/vec4 1, 0, 1;
    %jmp/1 T_2.37, 8;
T_2.36 ; End of true expr.
    %pushi/vec4 0, 0, 1;
    %jmp/0 T_2.37, 8;
 ; End of false expr.
    %blend;
T_2.37;
    %assign/vec4 v0x7fab0a92f5f0_0, 0;
    %pushi/vec4 2, 0, 6;
    %assign/vec4 v0x7fab0a92ef20_0, 0;
    %pushi/vec4 1, 0, 2;
    %assign/vec4 v0x7fab0a92efe0_0, 0;
    %pushi/vec4 3, 0, 2;
    %assign/vec4 v0x7fab0a92f070_0, 0;
    %pushi/vec4 0, 0, 1;
    %assign/vec4 v0x7fab0a92f400_0, 0;
    %pushi/vec4 0, 0, 1;
    %assign/vec4 v0x7fab0a92f4b0_0, 0;
    %pushi/vec4 0, 0, 1;
    %assign/vec4 v0x7fab0a92f360_0, 0;
    %jmp T_2.9;
T_2.6 ;
    %pushi/vec4 4, 0, 3;
    %assign/vec4 v0x7fab0a92f560_0, 0;
    %pushi/vec4 0, 0, 1;
    %assign/vec4 v0x7fab0a92f5f0_0, 0;
    %pushi/vec4 1, 0, 2;
    %assign/vec4 v0x7fab0a92efe0_0, 0;
    %pushi/vec4 1, 0, 2;
    %assign/vec4 v0x7fab0a92f070_0, 0;
    %pushi/vec4 0, 0, 1;
    %assign/vec4 v0x7fab0a92f400_0, 0;
    %pushi/vec4 0, 0, 1;
    %assign/vec4 v0x7fab0a92f4b0_0, 0;
    %pushi/vec4 0, 0, 1;
    %assign/vec4 v0x7fab0a92f360_0, 0;
    %load/vec4 v0x7fab0a92f2b0_0;
    %parti/s 3, 12, 5;
    %dup/vec4;
    %pushi/vec4 0, 0, 3;
    %cmp/u;
    %jmp/1 T_2.38, 6;
    %dup/vec4;
    %pushi/vec4 1, 0, 3;
    %cmp/u;
    %jmp/1 T_2.39, 6;
    %dup/vec4;
    %pushi/vec4 4, 0, 3;
    %cmp/u;
    %jmp/1 T_2.40, 6;
    %dup/vec4;
    %pushi/vec4 5, 0, 3;
    %cmp/u;
    %jmp/1 T_2.41, 6;
    %dup/vec4;
    %pushi/vec4 6, 0, 3;
    %cmp/u;
    %jmp/1 T_2.42, 6;
    %dup/vec4;
    %pushi/vec4 7, 0, 3;
    %cmp/u;
    %jmp/1 T_2.43, 6;
    %jmp T_2.44;
T_2.38 ;
    %pushi/vec4 3, 0, 6;
    %assign/vec4 v0x7fab0a92ef20_0, 0;
    %jmp T_2.44;
T_2.39 ;
    %pushi/vec4 4, 0, 6;
    %assign/vec4 v0x7fab0a92ef20_0, 0;
    %jmp T_2.44;
T_2.40 ;
    %pushi/vec4 5, 0, 6;
    %assign/vec4 v0x7fab0a92ef20_0, 0;
    %jmp T_2.44;
T_2.41 ;
    %pushi/vec4 6, 0, 6;
    %assign/vec4 v0x7fab0a92ef20_0, 0;
    %jmp T_2.44;
T_2.42 ;
    %pushi/vec4 7, 0, 6;
    %assign/vec4 v0x7fab0a92ef20_0, 0;
    %jmp T_2.44;
T_2.43 ;
    %pushi/vec4 8, 0, 6;
    %assign/vec4 v0x7fab0a92ef20_0, 0;
    %jmp T_2.44;
T_2.44 ;
    %pop/vec4 1;
    %jmp T_2.9;
T_2.7 ;
    %pushi/vec4 5, 0, 3;
    %assign/vec4 v0x7fab0a92f560_0, 0;
    %pushi/vec4 0, 0, 1;
    %assign/vec4 v0x7fab0a92f5f0_0, 0;
    %pushi/vec4 1, 0, 2;
    %assign/vec4 v0x7fab0a92efe0_0, 0;
    %pushi/vec4 2, 0, 2;
    %assign/vec4 v0x7fab0a92f070_0, 0;
    %pushi/vec4 0, 0, 1;
    %assign/vec4 v0x7fab0a92f400_0, 0;
    %pushi/vec4 1, 0, 1;
    %assign/vec4 v0x7fab0a92f4b0_0, 0;
    %pushi/vec4 0, 0, 1;
    %assign/vec4 v0x7fab0a92f360_0, 0;
    %load/vec4 v0x7fab0a92f2b0_0;
    %parti/s 3, 12, 5;
    %dup/vec4;
    %pushi/vec4 0, 0, 3;
    %cmp/u;
    %jmp/1 T_2.45, 6;
    %dup/vec4;
    %pushi/vec4 1, 0, 3;
    %cmp/u;
    %jmp/1 T_2.46, 6;
    %dup/vec4;
    %pushi/vec4 2, 0, 3;
    %cmp/u;
    %jmp/1 T_2.47, 6;
    %jmp T_2.48;
T_2.45 ;
    %pushi/vec4 14, 0, 6;
    %assign/vec4 v0x7fab0a92ef20_0, 0;
    %jmp T_2.48;
T_2.46 ;
    %pushi/vec4 15, 0, 6;
    %assign/vec4 v0x7fab0a92ef20_0, 0;
    %jmp T_2.48;
T_2.47 ;
    %pushi/vec4 16, 0, 6;
    %assign/vec4 v0x7fab0a92ef20_0, 0;
    %jmp T_2.48;
T_2.48 ;
    %pop/vec4 1;
    %jmp T_2.9;
T_2.8 ;
    %pushi/vec4 3, 0, 3;
    %assign/vec4 v0x7fab0a92f560_0, 0;
    %pushi/vec4 1, 0, 1;
    %assign/vec4 v0x7fab0a92f5f0_0, 0;
    %pushi/vec4 1, 0, 2;
    %assign/vec4 v0x7fab0a92efe0_0, 0;
    %pushi/vec4 2, 0, 2;
    %assign/vec4 v0x7fab0a92f070_0, 0;
    %pushi/vec4 1, 0, 1;
    %assign/vec4 v0x7fab0a92f400_0, 0;
    %pushi/vec4 0, 0, 1;
    %assign/vec4 v0x7fab0a92f4b0_0, 0;
    %pushi/vec4 0, 0, 1;
    %assign/vec4 v0x7fab0a92f360_0, 0;
    %load/vec4 v0x7fab0a92f2b0_0;
    %parti/s 3, 12, 5;
    %dup/vec4;
    %pushi/vec4 0, 0, 3;
    %cmp/u;
    %jmp/1 T_2.49, 6;
    %dup/vec4;
    %pushi/vec4 1, 0, 3;
    %cmp/u;
    %jmp/1 T_2.50, 6;
    %dup/vec4;
    %pushi/vec4 2, 0, 3;
    %cmp/u;
    %jmp/1 T_2.51, 6;
    %dup/vec4;
    %pushi/vec4 4, 0, 3;
    %cmp/u;
    %jmp/1 T_2.52, 6;
    %dup/vec4;
    %pushi/vec4 5, 0, 3;
    %cmp/u;
    %jmp/1 T_2.53, 6;
    %jmp T_2.54;
T_2.49 ;
    %pushi/vec4 9, 0, 6;
    %assign/vec4 v0x7fab0a92ef20_0, 0;
    %jmp T_2.54;
T_2.50 ;
    %pushi/vec4 10, 0, 6;
    %assign/vec4 v0x7fab0a92ef20_0, 0;
    %jmp T_2.54;
T_2.51 ;
    %pushi/vec4 11, 0, 6;
    %assign/vec4 v0x7fab0a92ef20_0, 0;
    %jmp T_2.54;
T_2.52 ;
    %pushi/vec4 12, 0, 6;
    %assign/vec4 v0x7fab0a92ef20_0, 0;
    %jmp T_2.54;
T_2.53 ;
    %pushi/vec4 13, 0, 6;
    %assign/vec4 v0x7fab0a92ef20_0, 0;
    %jmp T_2.54;
T_2.54 ;
    %pop/vec4 1;
    %jmp T_2.9;
T_2.9 ;
    %pop/vec4 1;
    %jmp T_2;
    .thread T_2, $push;
    .scope S_0x7fab0a92fbf0;
T_3 ;
    %wait E_0x7fab0a92fe60;
    %load/vec4 v0x7fab0a92ff70_0;
    %dup/vec4;
    %pushi/vec4 0, 0, 6;
    %cmp/u;
    %jmp/1 T_3.0, 6;
    %dup/vec4;
    %pushi/vec4 1, 0, 6;
    %cmp/u;
    %jmp/1 T_3.1, 6;
    %dup/vec4;
    %pushi/vec4 2, 0, 6;
    %cmp/u;
    %jmp/1 T_3.2, 6;
    %dup/vec4;
    %pushi/vec4 3, 0, 6;
    %cmp/u;
    %jmp/1 T_3.3, 6;
    %dup/vec4;
    %pushi/vec4 4, 0, 6;
    %cmp/u;
    %jmp/1 T_3.4, 6;
    %dup/vec4;
    %pushi/vec4 5, 0, 6;
    %cmp/u;
    %jmp/1 T_3.5, 6;
    %dup/vec4;
    %pushi/vec4 6, 0, 6;
    %cmp/u;
    %jmp/1 T_3.6, 6;
    %dup/vec4;
    %pushi/vec4 7, 0, 6;
    %cmp/u;
    %jmp/1 T_3.7, 6;
    %dup/vec4;
    %pushi/vec4 8, 0, 6;
    %cmp/u;
    %jmp/1 T_3.8, 6;
    %dup/vec4;
    %pushi/vec4 9, 0, 6;
    %cmp/u;
    %jmp/1 T_3.9, 6;
    %dup/vec4;
    %pushi/vec4 10, 0, 6;
    %cmp/u;
    %jmp/1 T_3.10, 6;
    %dup/vec4;
    %pushi/vec4 11, 0, 6;
    %cmp/u;
    %jmp/1 T_3.11, 6;
    %dup/vec4;
    %pushi/vec4 12, 0, 6;
    %cmp/u;
    %jmp/1 T_3.12, 6;
    %dup/vec4;
    %pushi/vec4 13, 0, 6;
    %cmp/u;
    %jmp/1 T_3.13, 6;
    %dup/vec4;
    %pushi/vec4 14, 0, 6;
    %cmp/u;
    %jmp/1 T_3.14, 6;
    %dup/vec4;
    %pushi/vec4 15, 0, 6;
    %cmp/u;
    %jmp/1 T_3.15, 6;
    %dup/vec4;
    %pushi/vec4 16, 0, 6;
    %cmp/u;
    %jmp/1 T_3.16, 6;
    %dup/vec4;
    %pushi/vec4 17, 0, 6;
    %cmp/u;
    %jmp/1 T_3.17, 6;
    %dup/vec4;
    %pushi/vec4 18, 0, 6;
    %cmp/u;
    %jmp/1 T_3.18, 6;
    %dup/vec4;
    %pushi/vec4 19, 0, 6;
    %cmp/u;
    %jmp/1 T_3.19, 6;
    %dup/vec4;
    %pushi/vec4 20, 0, 6;
    %cmp/u;
    %jmp/1 T_3.20, 6;
    %dup/vec4;
    %pushi/vec4 21, 0, 6;
    %cmp/u;
    %jmp/1 T_3.21, 6;
    %dup/vec4;
    %pushi/vec4 22, 0, 6;
    %cmp/u;
    %jmp/1 T_3.22, 6;
    %dup/vec4;
    %pushi/vec4 23, 0, 6;
    %cmp/u;
    %jmp/1 T_3.23, 6;
    %dup/vec4;
    %pushi/vec4 24, 0, 6;
    %cmp/u;
    %jmp/1 T_3.24, 6;
    %dup/vec4;
    %pushi/vec4 25, 0, 6;
    %cmp/u;
    %jmp/1 T_3.25, 6;
    %dup/vec4;
    %pushi/vec4 26, 0, 6;
    %cmp/u;
    %jmp/1 T_3.26, 6;
    %jmp T_3.27;
T_3.0 ;
    %load/vec4 v0x7fab0a930180_0;
    %parti/s 20, 12, 5;
    %concati/vec4 0, 0, 12;
    %assign/vec4 v0x7fab0a92feb0_0, 0;
    %pushi/vec4 0, 0, 1;
    %assign/vec4 v0x7fab0a930040_0, 0;
    %jmp T_3.27;
T_3.1 ;
    %load/vec4 v0x7fab0a930180_0;
    %addi 4, 0, 32;
    %assign/vec4 v0x7fab0a92feb0_0, 0;
    %pushi/vec4 1, 0, 1;
    %assign/vec4 v0x7fab0a930040_0, 0;
    %jmp T_3.27;
T_3.2 ;
    %load/vec4 v0x7fab0a930180_0;
    %addi 4, 0, 32;
    %assign/vec4 v0x7fab0a92feb0_0, 0;
    %pushi/vec4 1, 0, 1;
    %assign/vec4 v0x7fab0a930040_0, 0;
    %jmp T_3.27;
T_3.3 ;
    %load/vec4 v0x7fab0a9300d0_0;
    %load/vec4 v0x7fab0a930180_0;
    %cmp/e;
    %jmp/0xz  T_3.28, 4;
    %pushi/vec4 1, 0, 1;
    %assign/vec4 v0x7fab0a930040_0, 0;
    %jmp T_3.29;
T_3.28 ;
    %pushi/vec4 0, 0, 1;
    %assign/vec4 v0x7fab0a930040_0, 0;
T_3.29 ;
    %pushi/vec4 0, 0, 32;
    %assign/vec4 v0x7fab0a92feb0_0, 0;
    %jmp T_3.27;
T_3.4 ;
    %load/vec4 v0x7fab0a9300d0_0;
    %load/vec4 v0x7fab0a930180_0;
    %cmp/ne;
    %jmp/0xz  T_3.30, 4;
    %pushi/vec4 1, 0, 1;
    %assign/vec4 v0x7fab0a930040_0, 0;
    %jmp T_3.31;
T_3.30 ;
    %pushi/vec4 0, 0, 1;
    %assign/vec4 v0x7fab0a930040_0, 0;
T_3.31 ;
    %pushi/vec4 0, 0, 32;
    %assign/vec4 v0x7fab0a92feb0_0, 0;
    %jmp T_3.27;
T_3.5 ;
    %load/vec4 v0x7fab0a9300d0_0;
    %load/vec4 v0x7fab0a930180_0;
    %cmp/s;
    %jmp/0xz  T_3.32, 5;
    %pushi/vec4 1, 0, 1;
    %assign/vec4 v0x7fab0a930040_0, 0;
    %jmp T_3.33;
T_3.32 ;
    %pushi/vec4 0, 0, 1;
    %assign/vec4 v0x7fab0a930040_0, 0;
T_3.33 ;
    %pushi/vec4 0, 0, 32;
    %assign/vec4 v0x7fab0a92feb0_0, 0;
    %jmp T_3.27;
T_3.6 ;
    %load/vec4 v0x7fab0a9300d0_0;
    %load/vec4 v0x7fab0a930180_0;
    %cmp/s;
    %jmp/0xz  T_3.34, 5;
    %pushi/vec4 0, 0, 1;
    %assign/vec4 v0x7fab0a930040_0, 0;
    %jmp T_3.35;
T_3.34 ;
    %pushi/vec4 1, 0, 1;
    %assign/vec4 v0x7fab0a930040_0, 0;
T_3.35 ;
    %pushi/vec4 0, 0, 32;
    %assign/vec4 v0x7fab0a92feb0_0, 0;
    %jmp T_3.27;
T_3.7 ;
    %load/vec4 v0x7fab0a9300d0_0;
    %load/vec4 v0x7fab0a930180_0;
    %cmp/u;
    %jmp/0xz  T_3.36, 5;
    %pushi/vec4 1, 0, 1;
    %assign/vec4 v0x7fab0a930040_0, 0;
    %jmp T_3.37;
T_3.36 ;
    %pushi/vec4 0, 0, 1;
    %assign/vec4 v0x7fab0a930040_0, 0;
T_3.37 ;
    %pushi/vec4 0, 0, 32;
    %assign/vec4 v0x7fab0a92feb0_0, 0;
    %jmp T_3.27;
T_3.8 ;
    %load/vec4 v0x7fab0a9300d0_0;
    %load/vec4 v0x7fab0a930180_0;
    %cmp/u;
    %jmp/0xz  T_3.38, 5;
    %pushi/vec4 0, 0, 1;
    %assign/vec4 v0x7fab0a930040_0, 0;
    %jmp T_3.39;
T_3.38 ;
    %pushi/vec4 1, 0, 1;
    %assign/vec4 v0x7fab0a930040_0, 0;
T_3.39 ;
    %pushi/vec4 0, 0, 32;
    %assign/vec4 v0x7fab0a92feb0_0, 0;
    %jmp T_3.27;
T_3.9 ;
    %load/vec4 v0x7fab0a9300d0_0;
    %load/vec4 v0x7fab0a930180_0;
    %add;
    %assign/vec4 v0x7fab0a92feb0_0, 0;
    %pushi/vec4 0, 0, 1;
    %assign/vec4 v0x7fab0a930040_0, 0;
    %jmp T_3.27;
T_3.10 ;
    %load/vec4 v0x7fab0a9300d0_0;
    %load/vec4 v0x7fab0a930180_0;
    %add;
    %assign/vec4 v0x7fab0a92feb0_0, 0;
    %pushi/vec4 0, 0, 1;
    %assign/vec4 v0x7fab0a930040_0, 0;
    %jmp T_3.27;
T_3.11 ;
    %load/vec4 v0x7fab0a9300d0_0;
    %load/vec4 v0x7fab0a930180_0;
    %add;
    %assign/vec4 v0x7fab0a92feb0_0, 0;
    %pushi/vec4 0, 0, 1;
    %assign/vec4 v0x7fab0a930040_0, 0;
    %jmp T_3.27;
T_3.12 ;
    %load/vec4 v0x7fab0a9300d0_0;
    %load/vec4 v0x7fab0a930180_0;
    %add;
    %assign/vec4 v0x7fab0a92feb0_0, 0;
    %pushi/vec4 0, 0, 1;
    %assign/vec4 v0x7fab0a930040_0, 0;
    %jmp T_3.27;
T_3.13 ;
    %load/vec4 v0x7fab0a9300d0_0;
    %load/vec4 v0x7fab0a930180_0;
    %add;
    %assign/vec4 v0x7fab0a92feb0_0, 0;
    %pushi/vec4 0, 0, 1;
    %assign/vec4 v0x7fab0a930040_0, 0;
    %jmp T_3.27;
T_3.14 ;
    %load/vec4 v0x7fab0a9300d0_0;
    %load/vec4 v0x7fab0a930180_0;
    %add;
    %assign/vec4 v0x7fab0a92feb0_0, 0;
    %pushi/vec4 0, 0, 1;
    %assign/vec4 v0x7fab0a930040_0, 0;
    %jmp T_3.27;
T_3.15 ;
    %load/vec4 v0x7fab0a9300d0_0;
    %load/vec4 v0x7fab0a930180_0;
    %add;
    %assign/vec4 v0x7fab0a92feb0_0, 0;
    %pushi/vec4 0, 0, 1;
    %assign/vec4 v0x7fab0a930040_0, 0;
    %jmp T_3.27;
T_3.16 ;
    %load/vec4 v0x7fab0a9300d0_0;
    %load/vec4 v0x7fab0a930180_0;
    %add;
    %assign/vec4 v0x7fab0a92feb0_0, 0;
    %pushi/vec4 0, 0, 1;
    %assign/vec4 v0x7fab0a930040_0, 0;
    %jmp T_3.27;
T_3.17 ;
    %load/vec4 v0x7fab0a9300d0_0;
    %load/vec4 v0x7fab0a930180_0;
    %add;
    %assign/vec4 v0x7fab0a92feb0_0, 0;
    %pushi/vec4 0, 0, 1;
    %assign/vec4 v0x7fab0a930040_0, 0;
    %jmp T_3.27;
T_3.18 ;
    %load/vec4 v0x7fab0a9300d0_0;
    %load/vec4 v0x7fab0a930180_0;
    %sub;
    %assign/vec4 v0x7fab0a92feb0_0, 0;
    %pushi/vec4 0, 0, 1;
    %assign/vec4 v0x7fab0a930040_0, 0;
    %jmp T_3.27;
T_3.19 ;
    %load/vec4 v0x7fab0a9300d0_0;
    %load/vec4 v0x7fab0a930180_0;
    %cmp/s;
    %jmp/0xz  T_3.40, 5;
    %pushi/vec4 1, 0, 32;
    %assign/vec4 v0x7fab0a92feb0_0, 0;
    %jmp T_3.41;
T_3.40 ;
    %pushi/vec4 0, 0, 32;
    %assign/vec4 v0x7fab0a92feb0_0, 0;
T_3.41 ;
    %pushi/vec4 0, 0, 1;
    %assign/vec4 v0x7fab0a930040_0, 0;
    %jmp T_3.27;
T_3.20 ;
    %load/vec4 v0x7fab0a9300d0_0;
    %load/vec4 v0x7fab0a930180_0;
    %cmp/u;
    %jmp/0xz  T_3.42, 5;
    %pushi/vec4 1, 0, 32;
    %assign/vec4 v0x7fab0a92feb0_0, 0;
    %jmp T_3.43;
T_3.42 ;
    %pushi/vec4 0, 0, 32;
    %assign/vec4 v0x7fab0a92feb0_0, 0;
T_3.43 ;
    %pushi/vec4 0, 0, 1;
    %assign/vec4 v0x7fab0a930040_0, 0;
    %jmp T_3.27;
T_3.21 ;
    %load/vec4 v0x7fab0a9300d0_0;
    %load/vec4 v0x7fab0a930180_0;
    %xor;
    %assign/vec4 v0x7fab0a92feb0_0, 0;
    %pushi/vec4 0, 0, 1;
    %assign/vec4 v0x7fab0a930040_0, 0;
    %jmp T_3.27;
T_3.22 ;
    %load/vec4 v0x7fab0a9300d0_0;
    %load/vec4 v0x7fab0a930180_0;
    %or;
    %assign/vec4 v0x7fab0a92feb0_0, 0;
    %pushi/vec4 0, 0, 1;
    %assign/vec4 v0x7fab0a930040_0, 0;
    %jmp T_3.27;
T_3.23 ;
    %load/vec4 v0x7fab0a9300d0_0;
    %load/vec4 v0x7fab0a930180_0;
    %and;
    %assign/vec4 v0x7fab0a92feb0_0, 0;
    %pushi/vec4 0, 0, 1;
    %assign/vec4 v0x7fab0a930040_0, 0;
    %jmp T_3.27;
T_3.24 ;
    %load/vec4 v0x7fab0a9300d0_0;
    %load/vec4 v0x7fab0a930180_0;
    %parti/s 5, 0, 2;
    %ix/vec4 4;
    %shiftl 4;
    %assign/vec4 v0x7fab0a92feb0_0, 0;
    %pushi/vec4 0, 0, 1;
    %assign/vec4 v0x7fab0a930040_0, 0;
    %jmp T_3.27;
T_3.25 ;
    %load/vec4 v0x7fab0a9300d0_0;
    %load/vec4 v0x7fab0a930180_0;
    %parti/s 5, 0, 2;
    %ix/vec4 4;
    %shiftr 4;
    %assign/vec4 v0x7fab0a92feb0_0, 0;
    %pushi/vec4 0, 0, 1;
    %assign/vec4 v0x7fab0a930040_0, 0;
    %jmp T_3.27;
T_3.26 ;
    %load/vec4 v0x7fab0a9300d0_0;
    %load/vec4 v0x7fab0a930180_0;
    %parti/s 5, 0, 2;
    %ix/vec4 4;
    %shiftr/s 4;
    %assign/vec4 v0x7fab0a92feb0_0, 0;
    %pushi/vec4 0, 0, 1;
    %assign/vec4 v0x7fab0a930040_0, 0;
    %jmp T_3.27;
T_3.27 ;
    %pop/vec4 1;
    %jmp T_3;
    .thread T_3, $push;
    .scope S_0x7fab0a918da0;
T_4 ;
    %vpi_call 3 18 "$readmemh", "/Users/momoka/git/microprocessor/benchmarks/Coremark/data.hex", v0x7fab0a929190 {0 0 0};
    %end;
    .thread T_4;
    .scope S_0x7fab0a918da0;
T_5 ;
    %wait E_0x7fab0a914940;
    %load/vec4 v0x7fab0a929000_0;
    %flag_set/vec4 8;
    %jmp/0xz  T_5.0, 8;
    %load/vec4 v0x7fab0a928e20_0;
    %dup/vec4;
    %pushi/vec4 14, 0, 6;
    %cmp/u;
    %jmp/1 T_5.2, 6;
    %dup/vec4;
    %pushi/vec4 15, 0, 6;
    %cmp/u;
    %jmp/1 T_5.3, 6;
    %dup/vec4;
    %pushi/vec4 16, 0, 6;
    %cmp/u;
    %jmp/1 T_5.4, 6;
    %jmp T_5.5;
T_5.2 ;
    %load/vec4 v0x7fab0a918f10_0;
    %parti/s 2, 0, 2;
    %dup/vec4;
    %pushi/vec4 0, 0, 2;
    %cmp/u;
    %jmp/1 T_5.6, 6;
    %dup/vec4;
    %pushi/vec4 1, 0, 2;
    %cmp/u;
    %jmp/1 T_5.7, 6;
    %dup/vec4;
    %pushi/vec4 2, 0, 2;
    %cmp/u;
    %jmp/1 T_5.8, 6;
    %dup/vec4;
    %pushi/vec4 3, 0, 2;
    %cmp/u;
    %jmp/1 T_5.9, 6;
    %jmp T_5.10;
T_5.6 ;
    %load/vec4 v0x7fab0a929230_0;
    %parti/s 8, 0, 2;
    %load/vec4 v0x7fab0a918f10_0;
    %parti/s 15, 2, 3;
    %pad/u 17;
    %ix/vec4 3;
    %ix/load 4, 0, 0; Constant delay
    %assign/vec4/a/d v0x7fab0a929190, 0, 4;
    %jmp T_5.10;
T_5.7 ;
    %load/vec4 v0x7fab0a929230_0;
    %parti/s 8, 0, 2;
    %load/vec4 v0x7fab0a918f10_0;
    %parti/s 15, 2, 3;
    %pad/u 17;
    %ix/vec4 3;
    %ix/load 4, 8, 0; part off
    %ix/load 5, 0, 0; Constant delay
    %assign/vec4/a/d v0x7fab0a929190, 4, 5;
    %jmp T_5.10;
T_5.8 ;
    %load/vec4 v0x7fab0a929230_0;
    %parti/s 8, 0, 2;
    %load/vec4 v0x7fab0a918f10_0;
    %parti/s 15, 2, 3;
    %pad/u 17;
    %ix/vec4 3;
    %ix/load 4, 16, 0; part off
    %ix/load 5, 0, 0; Constant delay
    %assign/vec4/a/d v0x7fab0a929190, 4, 5;
    %jmp T_5.10;
T_5.9 ;
    %load/vec4 v0x7fab0a929230_0;
    %parti/s 8, 0, 2;
    %load/vec4 v0x7fab0a918f10_0;
    %parti/s 15, 2, 3;
    %pad/u 17;
    %ix/vec4 3;
    %ix/load 4, 24, 0; part off
    %ix/load 5, 0, 0; Constant delay
    %assign/vec4/a/d v0x7fab0a929190, 4, 5;
    %jmp T_5.10;
T_5.10 ;
    %pop/vec4 1;
    %jmp T_5.5;
T_5.3 ;
    %load/vec4 v0x7fab0a918f10_0;
    %parti/s 2, 0, 2;
    %dup/vec4;
    %pushi/vec4 0, 0, 2;
    %cmp/u;
    %jmp/1 T_5.11, 6;
    %dup/vec4;
    %pushi/vec4 1, 0, 2;
    %cmp/u;
    %jmp/1 T_5.12, 6;
    %dup/vec4;
    %pushi/vec4 2, 0, 2;
    %cmp/u;
    %jmp/1 T_5.13, 6;
    %dup/vec4;
    %pushi/vec4 3, 0, 2;
    %cmp/u;
    %jmp/1 T_5.14, 6;
    %jmp T_5.15;
T_5.11 ;
    %load/vec4 v0x7fab0a929230_0;
    %parti/s 16, 0, 2;
    %load/vec4 v0x7fab0a918f10_0;
    %parti/s 15, 2, 3;
    %pad/u 17;
    %ix/vec4 3;
    %ix/load 4, 0, 0; Constant delay
    %assign/vec4/a/d v0x7fab0a929190, 0, 4;
    %jmp T_5.15;
T_5.12 ;
    %load/vec4 v0x7fab0a929230_0;
    %parti/s 16, 0, 2;
    %load/vec4 v0x7fab0a918f10_0;
    %parti/s 15, 2, 3;
    %pad/u 17;
    %ix/vec4 3;
    %ix/load 4, 8, 0; part off
    %ix/load 5, 0, 0; Constant delay
    %assign/vec4/a/d v0x7fab0a929190, 4, 5;
    %jmp T_5.15;
T_5.13 ;
    %load/vec4 v0x7fab0a929230_0;
    %parti/s 16, 0, 2;
    %load/vec4 v0x7fab0a918f10_0;
    %parti/s 15, 2, 3;
    %pad/u 17;
    %ix/vec4 3;
    %ix/load 4, 16, 0; part off
    %ix/load 5, 0, 0; Constant delay
    %assign/vec4/a/d v0x7fab0a929190, 4, 5;
    %jmp T_5.15;
T_5.14 ;
    %jmp T_5.15;
T_5.15 ;
    %pop/vec4 1;
    %jmp T_5.5;
T_5.4 ;
    %load/vec4 v0x7fab0a929230_0;
    %load/vec4 v0x7fab0a918f10_0;
    %parti/s 15, 2, 3;
    %pad/u 17;
    %ix/vec4 3;
    %ix/load 4, 0, 0; Constant delay
    %assign/vec4/a/d v0x7fab0a929190, 0, 4;
    %jmp T_5.5;
T_5.5 ;
    %pop/vec4 1;
T_5.0 ;
    %load/vec4 v0x7fab0a928f70_0;
    %flag_set/vec4 8;
    %jmp/0xz  T_5.16, 8;
    %load/vec4 v0x7fab0a928e20_0;
    %dup/vec4;
    %pushi/vec4 9, 0, 6;
    %cmp/u;
    %jmp/1 T_5.18, 6;
    %dup/vec4;
    %pushi/vec4 10, 0, 6;
    %cmp/u;
    %jmp/1 T_5.19, 6;
    %dup/vec4;
    %pushi/vec4 11, 0, 6;
    %cmp/u;
    %jmp/1 T_5.20, 6;
    %dup/vec4;
    %pushi/vec4 12, 0, 6;
    %cmp/u;
    %jmp/1 T_5.21, 6;
    %dup/vec4;
    %pushi/vec4 13, 0, 6;
    %cmp/u;
    %jmp/1 T_5.22, 6;
    %jmp T_5.23;
T_5.18 ;
    %load/vec4 v0x7fab0a918f10_0;
    %parti/s 2, 0, 2;
    %dup/vec4;
    %pushi/vec4 0, 0, 2;
    %cmp/u;
    %jmp/1 T_5.24, 6;
    %dup/vec4;
    %pushi/vec4 1, 0, 2;
    %cmp/u;
    %jmp/1 T_5.25, 6;
    %dup/vec4;
    %pushi/vec4 2, 0, 2;
    %cmp/u;
    %jmp/1 T_5.26, 6;
    %dup/vec4;
    %pushi/vec4 3, 0, 2;
    %cmp/u;
    %jmp/1 T_5.27, 6;
    %jmp T_5.28;
T_5.24 ;
    %load/vec4 v0x7fab0a918f10_0;
    %parti/s 15, 2, 3;
    %pad/u 17;
    %ix/vec4 4;
    %load/vec4a v0x7fab0a929190, 4;
    %parti/s 1, 7, 4;
    %replicate 24;
    %load/vec4 v0x7fab0a918f10_0;
    %parti/s 15, 2, 3;
    %pad/u 17;
    %ix/vec4 4;
    %load/vec4a v0x7fab0a929190, 4;
    %parti/s 8, 0, 2;
    %concat/vec4; draw_concat_vec4
    %assign/vec4 v0x7fab0a9290e0_0, 0;
    %jmp T_5.28;
T_5.25 ;
    %load/vec4 v0x7fab0a918f10_0;
    %parti/s 15, 2, 3;
    %pad/u 17;
    %ix/vec4 4;
    %load/vec4a v0x7fab0a929190, 4;
    %parti/s 1, 15, 5;
    %replicate 24;
    %load/vec4 v0x7fab0a918f10_0;
    %parti/s 15, 2, 3;
    %pad/u 17;
    %ix/vec4 4;
    %load/vec4a v0x7fab0a929190, 4;
    %parti/s 8, 8, 5;
    %concat/vec4; draw_concat_vec4
    %assign/vec4 v0x7fab0a9290e0_0, 0;
    %jmp T_5.28;
T_5.26 ;
    %load/vec4 v0x7fab0a918f10_0;
    %parti/s 15, 2, 3;
    %pad/u 17;
    %ix/vec4 4;
    %load/vec4a v0x7fab0a929190, 4;
    %parti/s 1, 23, 6;
    %replicate 24;
    %load/vec4 v0x7fab0a918f10_0;
    %parti/s 15, 2, 3;
    %pad/u 17;
    %ix/vec4 4;
    %load/vec4a v0x7fab0a929190, 4;
    %parti/s 8, 16, 6;
    %concat/vec4; draw_concat_vec4
    %assign/vec4 v0x7fab0a9290e0_0, 0;
    %jmp T_5.28;
T_5.27 ;
    %load/vec4 v0x7fab0a918f10_0;
    %parti/s 15, 2, 3;
    %pad/u 17;
    %ix/vec4 4;
    %load/vec4a v0x7fab0a929190, 4;
    %parti/s 1, 31, 6;
    %replicate 24;
    %load/vec4 v0x7fab0a918f10_0;
    %parti/s 15, 2, 3;
    %pad/u 17;
    %ix/vec4 4;
    %load/vec4a v0x7fab0a929190, 4;
    %parti/s 8, 24, 6;
    %concat/vec4; draw_concat_vec4
    %assign/vec4 v0x7fab0a9290e0_0, 0;
    %jmp T_5.28;
T_5.28 ;
    %pop/vec4 1;
    %jmp T_5.23;
T_5.19 ;
    %load/vec4 v0x7fab0a918f10_0;
    %parti/s 2, 0, 2;
    %dup/vec4;
    %pushi/vec4 0, 0, 2;
    %cmp/u;
    %jmp/1 T_5.29, 6;
    %dup/vec4;
    %pushi/vec4 1, 0, 2;
    %cmp/u;
    %jmp/1 T_5.30, 6;
    %dup/vec4;
    %pushi/vec4 2, 0, 2;
    %cmp/u;
    %jmp/1 T_5.31, 6;
    %dup/vec4;
    %pushi/vec4 3, 0, 2;
    %cmp/u;
    %jmp/1 T_5.32, 6;
    %jmp T_5.33;
T_5.29 ;
    %load/vec4 v0x7fab0a918f10_0;
    %parti/s 15, 2, 3;
    %pad/u 17;
    %ix/vec4 4;
    %load/vec4a v0x7fab0a929190, 4;
    %parti/s 1, 15, 5;
    %replicate 24;
    %load/vec4 v0x7fab0a918f10_0;
    %parti/s 15, 2, 3;
    %pad/u 17;
    %ix/vec4 4;
    %load/vec4a v0x7fab0a929190, 4;
    %parti/s 16, 0, 2;
    %concat/vec4; draw_concat_vec4
    %pad/u 32;
    %assign/vec4 v0x7fab0a9290e0_0, 0;
    %jmp T_5.33;
T_5.30 ;
    %load/vec4 v0x7fab0a918f10_0;
    %parti/s 15, 2, 3;
    %pad/u 17;
    %ix/vec4 4;
    %load/vec4a v0x7fab0a929190, 4;
    %parti/s 1, 23, 6;
    %replicate 24;
    %load/vec4 v0x7fab0a918f10_0;
    %parti/s 15, 2, 3;
    %pad/u 17;
    %ix/vec4 4;
    %load/vec4a v0x7fab0a929190, 4;
    %parti/s 16, 8, 5;
    %concat/vec4; draw_concat_vec4
    %pad/u 32;
    %assign/vec4 v0x7fab0a9290e0_0, 0;
    %jmp T_5.33;
T_5.31 ;
    %load/vec4 v0x7fab0a918f10_0;
    %parti/s 15, 2, 3;
    %pad/u 17;
    %ix/vec4 4;
    %load/vec4a v0x7fab0a929190, 4;
    %parti/s 1, 31, 6;
    %replicate 24;
    %load/vec4 v0x7fab0a918f10_0;
    %parti/s 15, 2, 3;
    %pad/u 17;
    %ix/vec4 4;
    %load/vec4a v0x7fab0a929190, 4;
    %parti/s 16, 16, 6;
    %concat/vec4; draw_concat_vec4
    %pad/u 32;
    %assign/vec4 v0x7fab0a9290e0_0, 0;
    %jmp T_5.33;
T_5.32 ;
    %jmp T_5.33;
T_5.33 ;
    %pop/vec4 1;
    %jmp T_5.23;
T_5.20 ;
    %load/vec4 v0x7fab0a918f10_0;
    %parti/s 15, 2, 3;
    %pad/u 17;
    %ix/vec4 4;
    %load/vec4a v0x7fab0a929190, 4;
    %assign/vec4 v0x7fab0a9290e0_0, 0;
    %jmp T_5.23;
T_5.21 ;
    %load/vec4 v0x7fab0a918f10_0;
    %parti/s 2, 0, 2;
    %dup/vec4;
    %pushi/vec4 0, 0, 2;
    %cmp/u;
    %jmp/1 T_5.34, 6;
    %dup/vec4;
    %pushi/vec4 1, 0, 2;
    %cmp/u;
    %jmp/1 T_5.35, 6;
    %dup/vec4;
    %pushi/vec4 2, 0, 2;
    %cmp/u;
    %jmp/1 T_5.36, 6;
    %dup/vec4;
    %pushi/vec4 3, 0, 2;
    %cmp/u;
    %jmp/1 T_5.37, 6;
    %jmp T_5.38;
T_5.34 ;
    %pushi/vec4 0, 0, 24;
    %load/vec4 v0x7fab0a918f10_0;
    %parti/s 15, 2, 3;
    %pad/u 17;
    %ix/vec4 4;
    %load/vec4a v0x7fab0a929190, 4;
    %parti/s 8, 0, 2;
    %concat/vec4; draw_concat_vec4
    %assign/vec4 v0x7fab0a9290e0_0, 0;
    %jmp T_5.38;
T_5.35 ;
    %pushi/vec4 0, 0, 24;
    %load/vec4 v0x7fab0a918f10_0;
    %parti/s 15, 2, 3;
    %pad/u 17;
    %ix/vec4 4;
    %load/vec4a v0x7fab0a929190, 4;
    %parti/s 8, 8, 5;
    %concat/vec4; draw_concat_vec4
    %assign/vec4 v0x7fab0a9290e0_0, 0;
    %jmp T_5.38;
T_5.36 ;
    %pushi/vec4 0, 0, 24;
    %load/vec4 v0x7fab0a918f10_0;
    %parti/s 15, 2, 3;
    %pad/u 17;
    %ix/vec4 4;
    %load/vec4a v0x7fab0a929190, 4;
    %parti/s 8, 16, 6;
    %concat/vec4; draw_concat_vec4
    %assign/vec4 v0x7fab0a9290e0_0, 0;
    %jmp T_5.38;
T_5.37 ;
    %pushi/vec4 0, 0, 24;
    %load/vec4 v0x7fab0a918f10_0;
    %parti/s 15, 2, 3;
    %pad/u 17;
    %ix/vec4 4;
    %load/vec4a v0x7fab0a929190, 4;
    %parti/s 8, 24, 6;
    %concat/vec4; draw_concat_vec4
    %assign/vec4 v0x7fab0a9290e0_0, 0;
    %jmp T_5.38;
T_5.38 ;
    %pop/vec4 1;
    %jmp T_5.23;
T_5.22 ;
    %load/vec4 v0x7fab0a918f10_0;
    %parti/s 2, 0, 2;
    %dup/vec4;
    %pushi/vec4 0, 0, 2;
    %cmp/u;
    %jmp/1 T_5.39, 6;
    %dup/vec4;
    %pushi/vec4 1, 0, 2;
    %cmp/u;
    %jmp/1 T_5.40, 6;
    %dup/vec4;
    %pushi/vec4 2, 0, 2;
    %cmp/u;
    %jmp/1 T_5.41, 6;
    %dup/vec4;
    %pushi/vec4 3, 0, 2;
    %cmp/u;
    %jmp/1 T_5.42, 6;
    %jmp T_5.43;
T_5.39 ;
    %pushi/vec4 0, 0, 24;
    %load/vec4 v0x7fab0a918f10_0;
    %parti/s 15, 2, 3;
    %pad/u 17;
    %ix/vec4 4;
    %load/vec4a v0x7fab0a929190, 4;
    %parti/s 16, 0, 2;
    %concat/vec4; draw_concat_vec4
    %pad/u 32;
    %assign/vec4 v0x7fab0a9290e0_0, 0;
    %jmp T_5.43;
T_5.40 ;
    %pushi/vec4 0, 0, 24;
    %load/vec4 v0x7fab0a918f10_0;
    %parti/s 15, 2, 3;
    %pad/u 17;
    %ix/vec4 4;
    %load/vec4a v0x7fab0a929190, 4;
    %parti/s 16, 8, 5;
    %concat/vec4; draw_concat_vec4
    %pad/u 32;
    %assign/vec4 v0x7fab0a9290e0_0, 0;
    %jmp T_5.43;
T_5.41 ;
    %pushi/vec4 0, 0, 24;
    %load/vec4 v0x7fab0a918f10_0;
    %parti/s 15, 2, 3;
    %pad/u 17;
    %ix/vec4 4;
    %load/vec4a v0x7fab0a929190, 4;
    %parti/s 16, 16, 6;
    %concat/vec4; draw_concat_vec4
    %pad/u 32;
    %assign/vec4 v0x7fab0a9290e0_0, 0;
    %jmp T_5.43;
T_5.42 ;
    %jmp T_5.43;
T_5.43 ;
    %pop/vec4 1;
    %jmp T_5.23;
T_5.23 ;
    %pop/vec4 1;
T_5.16 ;
    %jmp T_5;
    .thread T_5;
    .scope S_0x7fab0a932d90;
T_6 ;
    %wait E_0x7fab0a932f80;
    %load/vec4 v0x7fab0a933230_0;
    %pad/u 32;
    %cmpi/e 0, 0, 32;
    %jmp/0xz  T_6.0, 4;
    %pushi/vec4 8000, 0, 32;
    %assign/vec4 v0x7fab0a933140_0, 0;
    %jmp T_6.1;
T_6.0 ;
    %load/vec4 v0x7fab0a932fd0_0;
    %pad/u 32;
    %cmpi/e 1, 0, 32;
    %jmp/0xz  T_6.2, 4;
    %load/vec4 v0x7fab0a933090_0;
    %assign/vec4 v0x7fab0a933140_0, 0;
T_6.2 ;
T_6.1 ;
    %jmp T_6;
    .thread T_6;
    .scope S_0x7fab0a931ce0;
T_7 ;
    %pushi/vec4 0, 0, 32;
    %ix/load 4, 0, 0;
    %flag_set/imm 4, 0;
    %store/vec4a v0x7fab0a932850, 4, 0;
    %end;
    .thread T_7;
    .scope S_0x7fab0a931ce0;
T_8 ;
    %wait E_0x7fab0a932010;
    %load/vec4 v0x7fab0a9328e0_0;
    %cmpi/e 0, 0, 1;
    %jmp/0xz  T_8.0, 4;
    %pushi/vec4 0, 0, 32;
    %store/vec4 v0x7fab0a932730_0, 0, 32;
T_8.2 ;
    %load/vec4 v0x7fab0a932730_0;
    %cmpi/s 32, 0, 32;
    %jmp/0xz T_8.3, 5;
    %pushi/vec4 0, 0, 32;
    %ix/getv/s 3, v0x7fab0a932730_0;
    %ix/load 4, 0, 0; Constant delay
    %assign/vec4/a/d v0x7fab0a932850, 0, 4;
    %load/vec4 v0x7fab0a932730_0;
    %addi 1, 0, 32;
    %store/vec4 v0x7fab0a932730_0, 0, 32;
    %jmp T_8.2;
T_8.3 ;
    %jmp T_8.1;
T_8.0 ;
    %load/vec4 v0x7fab0a9327c0_0;
    %pushi/vec4 1, 0, 1;
    %cmp/e;
    %flag_get/vec4 4;
    %load/vec4 v0x7fab0a932600_0;
    %pushi/vec4 0, 0, 5;
    %cmp/ne;
    %flag_get/vec4 4;
    %and;
    %flag_set/vec4 8;
    %jmp/0xz  T_8.4, 8;
    %load/vec4 v0x7fab0a932550_0;
    %load/vec4 v0x7fab0a932600_0;
    %pad/u 7;
    %ix/vec4 3;
    %ix/load 4, 0, 0; Constant delay
    %assign/vec4/a/d v0x7fab0a932850, 0, 4;
T_8.4 ;
T_8.1 ;
    %jmp T_8;
    .thread T_8;
    .scope S_0x7fab0a9171c0;
T_9 ;
    %vpi_call 2 115 "$display", "pc=%d, pc=%b, reg1=%d, reg2=%d, uart=%d\012", v0x7fab0a933d90_0, v0x7fab0a933980_0, v0x7fab0a934150_0, v0x7fab0a934270_0, v0x7fab0a934460_0 {0 0 0};
    %end;
    .thread T_9;
# The file index is used to find the file name in the following table.
:file_names 10;
    "N/A";
    "<interactive>";
    "cpu.v";
    "./data_mem.v";
    "./decoder.v";
    "./execute.v";
    "./alu.v";
    "./fetch.v";
    "./reg_file.v";
    "./write_back.v";
