#! /usr/local/Cellar/icarus-verilog/11.0/bin/vvp
:ivl_version "11.0 (stable)";
:ivl_delay_selection "TYPICAL";
:vpi_time_precision - 12;
:vpi_module "/usr/local/Cellar/icarus-verilog/11.0/lib/ivl/system.vpi";
:vpi_module "/usr/local/Cellar/icarus-verilog/11.0/lib/ivl/vhdl_sys.vpi";
:vpi_module "/usr/local/Cellar/icarus-verilog/11.0/lib/ivl/vhdl_textio.vpi";
:vpi_module "/usr/local/Cellar/icarus-verilog/11.0/lib/ivl/v2005_math.vpi";
:vpi_module "/usr/local/Cellar/icarus-verilog/11.0/lib/ivl/va_math.vpi";
S_0x7f866c205010 .scope module, "cpu_tb" "cpu_tb" 2 3;
 .timescale -9 -12;
P_0x7f866c204b40 .param/l "CYCLE" 0 2 8, +C4<00000000000000000000000001100100>;
v0x7f866c220d90_0 .var "cpu_resetn", 0 0;
v0x7f866c220e20_0 .var "sysclk", 0 0;
o0x7f8669f34ac8 .functor BUFZ 1, C4<z>; HiZ drive
v0x7f866c220eb0_0 .net "uart_tx", 0 0, o0x7f8669f34ac8;  0 drivers
S_0x7f866c205180 .scope module, "cpu" "cpu" 2 12, 3 10 0, S_0x7f866c205010;
 .timescale -9 -12;
    .port_info 0 /INPUT 1 "clk";
    .port_info 1 /INPUT 1 "rst";
    .port_info 2 /OUTPUT 1 "uart";
v0x7f866c21fba0_0 .net "alu_result", 31 0, v0x7f866c21c750_0;  1 drivers
v0x7f866c21fc50_0 .net "alucode", 5 0, v0x7f866c21b7c0_0;  1 drivers
v0x7f866c21fd70_0 .net "aluop1_type", 1 0, v0x7f866c21b880_0;  1 drivers
v0x7f866c21fe00_0 .net "aluop2_type", 1 0, v0x7f866c21b910_0;  1 drivers
v0x7f866c21fee0_0 .net "clk", 0 0, v0x7f866c220e20_0;  1 drivers
v0x7f866c21fff0_0 .net "dstreg_data", 31 0, L_0x7f866c228bf0;  1 drivers
v0x7f866c220080_0 .net "dstreg_num", 4 0, L_0x7f866c224660;  1 drivers
v0x7f866c220150_0 .net "imm", 31 0, L_0x7f866c228060;  1 drivers
v0x7f866c220220_0 .net "ir", 31 0, L_0x7f866c221060;  1 drivers
v0x7f866c220330_0 .net "is_halt", 0 0, v0x7f866c21bc00_0;  1 drivers
v0x7f866c2203c0_0 .net "is_load", 0 0, v0x7f866c21bca0_0;  1 drivers
v0x7f866c220490_0 .net "is_store", 0 0, v0x7f866c21bd50_0;  1 drivers
v0x7f866c220560_0 .net "nextpc", 31 0, L_0x7f866c228a90;  1 drivers
v0x7f866c220630_0 .net "pc", 31 0, v0x7f866c21f9e0_0;  1 drivers
v0x7f866c2206c0_0 .net "r_data", 31 0, v0x7f866c215980_0;  1 drivers
v0x7f866c220750_0 .net "reg_we", 0 0, v0x7f866c21be90_0;  1 drivers
v0x7f866c220820_0 .net "rst", 0 0, v0x7f866c220d90_0;  1 drivers
v0x7f866c2209f0_0 .net "srcreg1_data", 31 0, L_0x7f866c228f50;  1 drivers
v0x7f866c220a80_0 .net "srcreg1_num", 4 0, L_0x7f866c222280;  1 drivers
v0x7f866c220b10_0 .net "srcreg2_data", 31 0, L_0x7f866c229200;  1 drivers
v0x7f866c220ba0_0 .net "srcreg2_num", 4 0, L_0x7f866c2233e0;  1 drivers
o0x7f8669f32068 .functor BUFZ 1, C4<z>; HiZ drive
v0x7f866c220c70_0 .net "sysclk", 0 0, o0x7f8669f32068;  0 drivers
v0x7f866c220d00_0 .net "uart", 0 0, o0x7f8669f34ac8;  alias, 0 drivers
L_0x7f866c228bf0 .functor MUXZ 32, v0x7f866c21c750_0, v0x7f866c215980_0, v0x7f866c21bca0_0, C4<>;
S_0x7f866c205340 .scope module, "data_mem_body" "data_mem" 3 81, 4 6 0, S_0x7f866c205180;
 .timescale -9 -12;
    .port_info 0 /INPUT 1 "clk";
    .port_info 1 /INPUT 6 "alucode";
    .port_info 2 /INPUT 1 "is_store";
    .port_info 3 /INPUT 1 "is_load";
    .port_info 4 /INPUT 32 "addr";
    .port_info 5 /INPUT 32 "w_data";
    .port_info 6 /OUTPUT 32 "r_data";
v0x7f866c2055f0_0 .net "addr", 31 0, v0x7f866c21c750_0;  alias, 1 drivers
v0x7f866c2156a0_0 .net "alucode", 5 0, v0x7f866c21b7c0_0;  alias, 1 drivers
v0x7f866c215750_0 .net "clk", 0 0, o0x7f8669f32068;  alias, 0 drivers
v0x7f866c215800_0 .net "is_load", 0 0, v0x7f866c21bca0_0;  alias, 1 drivers
v0x7f866c2158a0_0 .net "is_store", 0 0, v0x7f866c21bd50_0;  alias, 1 drivers
v0x7f866c215980_0 .var "r_data", 31 0;
v0x7f866c215a30 .array "ram", 32768 0, 31 0;
v0x7f866c215ad0_0 .net "w_data", 31 0, L_0x7f866c229200;  alias, 1 drivers
E_0x7f866c204c10 .event posedge, v0x7f866c215750_0;
S_0x7f866c215c30 .scope module, "decoder_body" "decoder" 3 50, 5 5 0, S_0x7f866c205180;
 .timescale -9 -12;
    .port_info 0 /INPUT 32 "ir";
    .port_info 1 /INPUT 1 "clk";
    .port_info 2 /OUTPUT 5 "srcreg1_num";
    .port_info 3 /OUTPUT 5 "srcreg2_num";
    .port_info 4 /OUTPUT 5 "dstreg_num";
    .port_info 5 /OUTPUT 32 "imm";
    .port_info 6 /OUTPUT 6 "alucode";
    .port_info 7 /OUTPUT 2 "aluop1_type";
    .port_info 8 /OUTPUT 2 "aluop2_type";
    .port_info 9 /OUTPUT 1 "reg_we";
    .port_info 10 /OUTPUT 1 "is_load";
    .port_info 11 /OUTPUT 1 "is_store";
    .port_info 12 /OUTPUT 1 "is_halt";
L_0x7f866c225890 .functor AND 1, L_0x7f866c222a30, L_0x7f866c225330, C4<1>, C4<1>;
L_0x7f8669f63008 .functor BUFT 1, C4<001>, C4<0>, C4<0>, C4<0>;
v0x7f866c215fa0_0 .net/2u *"_ivl_0", 2 0, L_0x7f8669f63008;  1 drivers
L_0x7f8669f630e0 .functor BUFT 1, C4<00000>, C4<0>, C4<0>, C4<0>;
v0x7f866c216050_0 .net/2u *"_ivl_10", 4 0, L_0x7f8669f630e0;  1 drivers
L_0x7f8669f63560 .functor BUFT 1, C4<001>, C4<0>, C4<0>, C4<0>;
v0x7f866c216100_0 .net/2u *"_ivl_100", 2 0, L_0x7f8669f63560;  1 drivers
v0x7f866c2161c0_0 .net *"_ivl_102", 0 0, L_0x7f866c2235c0;  1 drivers
v0x7f866c216260_0 .net *"_ivl_105", 4 0, L_0x7f866c223660;  1 drivers
L_0x7f8669f635a8 .functor BUFT 1, C4<010>, C4<0>, C4<0>, C4<0>;
v0x7f866c216350_0 .net/2u *"_ivl_106", 2 0, L_0x7f8669f635a8;  1 drivers
v0x7f866c216400_0 .net *"_ivl_108", 0 0, L_0x7f866c223480;  1 drivers
v0x7f866c2164a0_0 .net *"_ivl_111", 4 0, L_0x7f866c223810;  1 drivers
L_0x7f8669f635f0 .functor BUFT 1, C4<011>, C4<0>, C4<0>, C4<0>;
v0x7f866c216550_0 .net/2u *"_ivl_112", 2 0, L_0x7f8669f635f0;  1 drivers
v0x7f866c216660_0 .net *"_ivl_114", 0 0, L_0x7f866c223700;  1 drivers
v0x7f866c216700_0 .net *"_ivl_117", 4 0, L_0x7f866c2239d0;  1 drivers
L_0x7f8669f63638 .functor BUFT 1, C4<100>, C4<0>, C4<0>, C4<0>;
v0x7f866c2167b0_0 .net/2u *"_ivl_118", 2 0, L_0x7f8669f63638;  1 drivers
L_0x7f8669f63128 .functor BUFT 1, C4<011>, C4<0>, C4<0>, C4<0>;
v0x7f866c216860_0 .net/2u *"_ivl_12", 2 0, L_0x7f8669f63128;  1 drivers
v0x7f866c216910_0 .net *"_ivl_120", 0 0, L_0x7f866c2238b0;  1 drivers
L_0x7f8669f63680 .functor BUFT 1, C4<00000>, C4<0>, C4<0>, C4<0>;
v0x7f866c2169b0_0 .net/2u *"_ivl_122", 4 0, L_0x7f8669f63680;  1 drivers
L_0x7f8669f636c8 .functor BUFT 1, C4<101>, C4<0>, C4<0>, C4<0>;
v0x7f866c216a60_0 .net/2u *"_ivl_124", 2 0, L_0x7f8669f636c8;  1 drivers
v0x7f866c216b10_0 .net *"_ivl_126", 0 0, L_0x7f866c2225b0;  1 drivers
L_0x7f8669f63710 .functor BUFT 1, C4<00000>, C4<0>, C4<0>, C4<0>;
v0x7f866c216ca0_0 .net/2u *"_ivl_128", 4 0, L_0x7f8669f63710;  1 drivers
L_0x7f8669f63758 .functor BUFT 1, C4<110>, C4<0>, C4<0>, C4<0>;
v0x7f866c216d30_0 .net/2u *"_ivl_130", 2 0, L_0x7f8669f63758;  1 drivers
v0x7f866c216dd0_0 .net *"_ivl_132", 0 0, L_0x7f866c223a70;  1 drivers
v0x7f866c216e70_0 .net *"_ivl_135", 4 0, L_0x7f866c223ee0;  1 drivers
L_0x7f8669f637a0 .functor BUFT 1, C4<00000>, C4<0>, C4<0>, C4<0>;
v0x7f866c216f20_0 .net/2u *"_ivl_136", 4 0, L_0x7f8669f637a0;  1 drivers
v0x7f866c216fd0_0 .net *"_ivl_138", 4 0, L_0x7f866c223da0;  1 drivers
v0x7f866c217080_0 .net *"_ivl_14", 0 0, L_0x7f866c221370;  1 drivers
v0x7f866c217120_0 .net *"_ivl_140", 4 0, L_0x7f866c2240d0;  1 drivers
v0x7f866c2171d0_0 .net *"_ivl_142", 4 0, L_0x7f866c224000;  1 drivers
v0x7f866c217280_0 .net *"_ivl_144", 4 0, L_0x7f866c224390;  1 drivers
v0x7f866c217330_0 .net *"_ivl_146", 4 0, L_0x7f866c224230;  1 drivers
L_0x7f8669f637e8 .functor BUFT 1, C4<001>, C4<0>, C4<0>, C4<0>;
v0x7f866c2173e0_0 .net/2u *"_ivl_150", 2 0, L_0x7f8669f637e8;  1 drivers
v0x7f866c217490_0 .net *"_ivl_152", 0 0, L_0x7f866c2244f0;  1 drivers
v0x7f866c217530_0 .net *"_ivl_155", 19 0, L_0x7f866c2248c0;  1 drivers
L_0x7f8669f63830 .functor BUFT 1, C4<000000000000>, C4<0>, C4<0>, C4<0>;
v0x7f866c2175e0_0 .net/2u *"_ivl_156", 11 0, L_0x7f8669f63830;  1 drivers
v0x7f866c217690_0 .net *"_ivl_158", 31 0, L_0x7f866c224700;  1 drivers
L_0x7f8669f63878 .functor BUFT 1, C4<010>, C4<0>, C4<0>, C4<0>;
v0x7f866c216bc0_0 .net/2u *"_ivl_160", 2 0, L_0x7f8669f63878;  1 drivers
v0x7f866c217920_0 .net *"_ivl_162", 0 0, L_0x7f866c224af0;  1 drivers
v0x7f866c2179b0_0 .net *"_ivl_165", 0 0, L_0x7f866c224960;  1 drivers
v0x7f866c217a40_0 .net *"_ivl_166", 10 0, L_0x7f866c224a00;  1 drivers
v0x7f866c217af0_0 .net *"_ivl_169", 0 0, L_0x7f866c224b90;  1 drivers
v0x7f866c217ba0_0 .net *"_ivl_17", 4 0, L_0x7f866c221450;  1 drivers
v0x7f866c217c50_0 .net *"_ivl_171", 7 0, L_0x7f866c2228f0;  1 drivers
v0x7f866c217d00_0 .net *"_ivl_173", 0 0, L_0x7f866c224c30;  1 drivers
v0x7f866c217db0_0 .net *"_ivl_175", 9 0, L_0x7f866c2251f0;  1 drivers
L_0x7f8669f638c0 .functor BUFT 1, C4<0>, C4<0>, C4<0>, C4<0>;
v0x7f866c217e60_0 .net/2u *"_ivl_176", 0 0, L_0x7f8669f638c0;  1 drivers
v0x7f866c217f10_0 .net *"_ivl_178", 31 0, L_0x7f866c225030;  1 drivers
L_0x7f8669f63170 .functor BUFT 1, C4<100>, C4<0>, C4<0>, C4<0>;
v0x7f866c217fc0_0 .net/2u *"_ivl_18", 2 0, L_0x7f8669f63170;  1 drivers
L_0x7f8669f63908 .functor BUFT 1, C4<011>, C4<0>, C4<0>, C4<0>;
v0x7f866c218070_0 .net/2u *"_ivl_180", 2 0, L_0x7f8669f63908;  1 drivers
v0x7f866c218120_0 .net *"_ivl_182", 0 0, L_0x7f866c222a30;  1 drivers
v0x7f866c2181c0_0 .net *"_ivl_185", 1 0, L_0x7f866c225290;  1 drivers
L_0x7f8669f63950 .functor BUFT 1, C4<01>, C4<0>, C4<0>, C4<0>;
v0x7f866c218270_0 .net/2u *"_ivl_186", 1 0, L_0x7f8669f63950;  1 drivers
v0x7f866c218320_0 .net *"_ivl_188", 0 0, L_0x7f866c225330;  1 drivers
v0x7f866c2183c0_0 .net *"_ivl_191", 0 0, L_0x7f866c225890;  1 drivers
v0x7f866c218460_0 .net *"_ivl_193", 0 0, L_0x7f866c225980;  1 drivers
v0x7f866c218510_0 .net *"_ivl_194", 26 0, L_0x7f866c225a20;  1 drivers
v0x7f866c2185c0_0 .net *"_ivl_197", 4 0, L_0x7f866c225c60;  1 drivers
v0x7f866c218670_0 .net *"_ivl_198", 31 0, L_0x7f866c225ba0;  1 drivers
v0x7f866c218720_0 .net *"_ivl_2", 0 0, L_0x7f866c2210d0;  1 drivers
v0x7f866c2187c0_0 .net *"_ivl_20", 0 0, L_0x7f866c2215b0;  1 drivers
L_0x7f8669f63998 .functor BUFT 1, C4<011>, C4<0>, C4<0>, C4<0>;
v0x7f866c218860_0 .net/2u *"_ivl_200", 2 0, L_0x7f8669f63998;  1 drivers
v0x7f866c218910_0 .net *"_ivl_202", 0 0, L_0x7f866c2256e0;  1 drivers
v0x7f866c2189b0_0 .net *"_ivl_205", 0 0, L_0x7f866c2257c0;  1 drivers
v0x7f866c218a60_0 .net *"_ivl_206", 19 0, L_0x7f866c226180;  1 drivers
v0x7f866c218b10_0 .net *"_ivl_209", 11 0, L_0x7f866c226390;  1 drivers
v0x7f866c218bc0_0 .net *"_ivl_210", 31 0, L_0x7f866c2262d0;  1 drivers
L_0x7f8669f639e0 .functor BUFT 1, C4<100>, C4<0>, C4<0>, C4<0>;
v0x7f866c218c70_0 .net/2u *"_ivl_212", 2 0, L_0x7f8669f639e0;  1 drivers
v0x7f866c218d20_0 .net *"_ivl_214", 0 0, L_0x7f866c225fa0;  1 drivers
v0x7f866c217730_0 .net *"_ivl_217", 0 0, L_0x7f866c226080;  1 drivers
v0x7f866c2177e0_0 .net *"_ivl_218", 18 0, L_0x7f866c2268d0;  1 drivers
v0x7f866c217890_0 .net *"_ivl_221", 0 0, L_0x7f866c226a90;  1 drivers
v0x7f866c218dd0_0 .net *"_ivl_223", 0 0, L_0x7f866c226690;  1 drivers
v0x7f866c218e80_0 .net *"_ivl_225", 5 0, L_0x7f866c226730;  1 drivers
v0x7f866c218f30_0 .net *"_ivl_227", 3 0, L_0x7f866c2267d0;  1 drivers
L_0x7f8669f63a28 .functor BUFT 1, C4<0>, C4<0>, C4<0>, C4<0>;
v0x7f866c218fe0_0 .net/2u *"_ivl_228", 0 0, L_0x7f8669f63a28;  1 drivers
v0x7f866c219090_0 .net *"_ivl_23", 4 0, L_0x7f866c221700;  1 drivers
v0x7f866c219140_0 .net *"_ivl_230", 31 0, L_0x7f866c227000;  1 drivers
L_0x7f8669f63a70 .functor BUFT 1, C4<101>, C4<0>, C4<0>, C4<0>;
v0x7f866c2191f0_0 .net/2u *"_ivl_232", 2 0, L_0x7f8669f63a70;  1 drivers
v0x7f866c2192a0_0 .net *"_ivl_234", 0 0, L_0x7f866c227120;  1 drivers
v0x7f866c219340_0 .net *"_ivl_237", 0 0, L_0x7f866c226d90;  1 drivers
v0x7f866c2193f0_0 .net *"_ivl_238", 19 0, L_0x7f866c226e30;  1 drivers
L_0x7f8669f631b8 .functor BUFT 1, C4<101>, C4<0>, C4<0>, C4<0>;
v0x7f866c2194a0_0 .net/2u *"_ivl_24", 2 0, L_0x7f8669f631b8;  1 drivers
v0x7f866c219550_0 .net *"_ivl_241", 6 0, L_0x7f866c227500;  1 drivers
v0x7f866c219600_0 .net *"_ivl_243", 4 0, L_0x7f866c224d10;  1 drivers
v0x7f866c2196b0_0 .net *"_ivl_244", 31 0, L_0x7f866c224db0;  1 drivers
L_0x7f8669f63ab8 .functor BUFT 1, C4<110>, C4<0>, C4<0>, C4<0>;
v0x7f866c219760_0 .net/2u *"_ivl_246", 2 0, L_0x7f8669f63ab8;  1 drivers
v0x7f866c219810_0 .net *"_ivl_248", 0 0, L_0x7f866c224e50;  1 drivers
L_0x7f8669f63b00 .functor BUFT 1, C4<00000000000000000000000000000000>, C4<0>, C4<0>, C4<0>;
v0x7f866c2198b0_0 .net/2u *"_ivl_250", 31 0, L_0x7f8669f63b00;  1 drivers
L_0x7f8669f63b48 .functor BUFT 1, C4<00000000000000000000000000000000>, C4<0>, C4<0>, C4<0>;
v0x7f866c219960_0 .net/2u *"_ivl_252", 31 0, L_0x7f8669f63b48;  1 drivers
v0x7f866c219a10_0 .net *"_ivl_254", 31 0, L_0x7f866c227200;  1 drivers
v0x7f866c219ac0_0 .net *"_ivl_256", 31 0, L_0x7f866c227320;  1 drivers
v0x7f866c219b70_0 .net *"_ivl_258", 31 0, L_0x7f866c227ac0;  1 drivers
v0x7f866c219c20_0 .net *"_ivl_26", 0 0, L_0x7f866c2217a0;  1 drivers
v0x7f866c219cc0_0 .net *"_ivl_260", 31 0, L_0x7f866c227c20;  1 drivers
v0x7f866c219d70_0 .net *"_ivl_262", 31 0, L_0x7f866c2278c0;  1 drivers
v0x7f866c219e20_0 .net *"_ivl_264", 31 0, L_0x7f866c227a20;  1 drivers
v0x7f866c219ed0_0 .net *"_ivl_29", 4 0, L_0x7f866c2218c0;  1 drivers
L_0x7f8669f63200 .functor BUFT 1, C4<110>, C4<0>, C4<0>, C4<0>;
v0x7f866c219f80_0 .net/2u *"_ivl_30", 2 0, L_0x7f8669f63200;  1 drivers
v0x7f866c21a030_0 .net *"_ivl_32", 0 0, L_0x7f866c221960;  1 drivers
v0x7f866c21a0d0_0 .net *"_ivl_35", 4 0, L_0x7f866c221ab0;  1 drivers
L_0x7f8669f63248 .functor BUFT 1, C4<00000>, C4<0>, C4<0>, C4<0>;
v0x7f866c21a180_0 .net/2u *"_ivl_36", 4 0, L_0x7f8669f63248;  1 drivers
v0x7f866c21a230_0 .net *"_ivl_38", 4 0, L_0x7f866c221bd0;  1 drivers
L_0x7f8669f63050 .functor BUFT 1, C4<00000>, C4<0>, C4<0>, C4<0>;
v0x7f866c21a2e0_0 .net/2u *"_ivl_4", 4 0, L_0x7f8669f63050;  1 drivers
v0x7f866c21a390_0 .net *"_ivl_40", 4 0, L_0x7f866c221d10;  1 drivers
v0x7f866c21a440_0 .net *"_ivl_42", 4 0, L_0x7f866c221e70;  1 drivers
v0x7f866c21a4f0_0 .net *"_ivl_44", 4 0, L_0x7f866c221f80;  1 drivers
v0x7f866c21a5a0_0 .net *"_ivl_46", 4 0, L_0x7f866c2220e0;  1 drivers
L_0x7f8669f63290 .functor BUFT 1, C4<001>, C4<0>, C4<0>, C4<0>;
v0x7f866c21a650_0 .net/2u *"_ivl_50", 2 0, L_0x7f8669f63290;  1 drivers
v0x7f866c21a700_0 .net *"_ivl_52", 0 0, L_0x7f866c2223a0;  1 drivers
L_0x7f8669f632d8 .functor BUFT 1, C4<00000>, C4<0>, C4<0>, C4<0>;
v0x7f866c21a7a0_0 .net/2u *"_ivl_54", 4 0, L_0x7f8669f632d8;  1 drivers
L_0x7f8669f63320 .functor BUFT 1, C4<010>, C4<0>, C4<0>, C4<0>;
v0x7f866c21a850_0 .net/2u *"_ivl_56", 2 0, L_0x7f8669f63320;  1 drivers
v0x7f866c21a900_0 .net *"_ivl_58", 0 0, L_0x7f866c222510;  1 drivers
L_0x7f8669f63098 .functor BUFT 1, C4<010>, C4<0>, C4<0>, C4<0>;
v0x7f866c21a9a0_0 .net/2u *"_ivl_6", 2 0, L_0x7f8669f63098;  1 drivers
L_0x7f8669f63368 .functor BUFT 1, C4<00000>, C4<0>, C4<0>, C4<0>;
v0x7f866c21aa50_0 .net/2u *"_ivl_60", 4 0, L_0x7f8669f63368;  1 drivers
L_0x7f8669f633b0 .functor BUFT 1, C4<011>, C4<0>, C4<0>, C4<0>;
v0x7f866c21ab00_0 .net/2u *"_ivl_62", 2 0, L_0x7f8669f633b0;  1 drivers
v0x7f866c21abb0_0 .net *"_ivl_64", 0 0, L_0x7f866c221650;  1 drivers
L_0x7f8669f633f8 .functor BUFT 1, C4<00000>, C4<0>, C4<0>, C4<0>;
v0x7f866c21ac50_0 .net/2u *"_ivl_66", 4 0, L_0x7f8669f633f8;  1 drivers
L_0x7f8669f63440 .functor BUFT 1, C4<100>, C4<0>, C4<0>, C4<0>;
v0x7f866c21ad00_0 .net/2u *"_ivl_68", 2 0, L_0x7f8669f63440;  1 drivers
v0x7f866c21adb0_0 .net *"_ivl_70", 0 0, L_0x7f866c222750;  1 drivers
v0x7f866c21ae50_0 .net *"_ivl_73", 4 0, L_0x7f866c2227f0;  1 drivers
L_0x7f8669f63488 .functor BUFT 1, C4<101>, C4<0>, C4<0>, C4<0>;
v0x7f866c21af00_0 .net/2u *"_ivl_74", 2 0, L_0x7f8669f63488;  1 drivers
v0x7f866c21afb0_0 .net *"_ivl_76", 0 0, L_0x7f866c2226b0;  1 drivers
v0x7f866c21b050_0 .net *"_ivl_79", 4 0, L_0x7f866c222b40;  1 drivers
v0x7f866c21b100_0 .net *"_ivl_8", 0 0, L_0x7f866c2211f0;  1 drivers
L_0x7f8669f634d0 .functor BUFT 1, C4<110>, C4<0>, C4<0>, C4<0>;
v0x7f866c21b1a0_0 .net/2u *"_ivl_80", 2 0, L_0x7f8669f634d0;  1 drivers
v0x7f866c21b250_0 .net *"_ivl_82", 0 0, L_0x7f866c222990;  1 drivers
v0x7f866c21b2f0_0 .net *"_ivl_85", 4 0, L_0x7f866c222ca0;  1 drivers
L_0x7f8669f63518 .functor BUFT 1, C4<00000>, C4<0>, C4<0>, C4<0>;
v0x7f866c21b3a0_0 .net/2u *"_ivl_86", 4 0, L_0x7f8669f63518;  1 drivers
v0x7f866c21b450_0 .net *"_ivl_88", 4 0, L_0x7f866c222be0;  1 drivers
v0x7f866c21b500_0 .net *"_ivl_90", 4 0, L_0x7f866c222e90;  1 drivers
v0x7f866c21b5b0_0 .net *"_ivl_92", 4 0, L_0x7f866c223010;  1 drivers
v0x7f866c21b660_0 .net *"_ivl_94", 4 0, L_0x7f866c223130;  1 drivers
v0x7f866c21b710_0 .net *"_ivl_96", 4 0, L_0x7f866c2232c0;  1 drivers
v0x7f866c21b7c0_0 .var "alucode", 5 0;
v0x7f866c21b880_0 .var "aluop1_type", 1 0;
v0x7f866c21b910_0 .var "aluop2_type", 1 0;
v0x7f866c21b9a0_0 .net "clk", 0 0, v0x7f866c220e20_0;  alias, 1 drivers
v0x7f866c21ba30_0 .net "dstreg_num", 4 0, L_0x7f866c224660;  alias, 1 drivers
v0x7f866c21bac0_0 .net "imm", 31 0, L_0x7f866c228060;  alias, 1 drivers
v0x7f866c21bb50_0 .net "ir", 31 0, L_0x7f866c221060;  alias, 1 drivers
v0x7f866c21bc00_0 .var "is_halt", 0 0;
v0x7f866c21bca0_0 .var "is_load", 0 0;
v0x7f866c21bd50_0 .var "is_store", 0 0;
v0x7f866c21be00_0 .var "op_type", 2 0;
v0x7f866c21be90_0 .var "reg_we", 0 0;
v0x7f866c21bf30_0 .net "srcreg1_num", 4 0, L_0x7f866c222280;  alias, 1 drivers
v0x7f866c21bfe0_0 .net "srcreg2_num", 4 0, L_0x7f866c2233e0;  alias, 1 drivers
E_0x7f866c205500 .event edge, v0x7f866c21bb50_0;
L_0x7f866c2210d0 .cmp/eq 3, v0x7f866c21be00_0, L_0x7f8669f63008;
L_0x7f866c2211f0 .cmp/eq 3, v0x7f866c21be00_0, L_0x7f8669f63098;
L_0x7f866c221370 .cmp/eq 3, v0x7f866c21be00_0, L_0x7f8669f63128;
L_0x7f866c221450 .part L_0x7f866c221060, 15, 5;
L_0x7f866c2215b0 .cmp/eq 3, v0x7f866c21be00_0, L_0x7f8669f63170;
L_0x7f866c221700 .part L_0x7f866c221060, 15, 5;
L_0x7f866c2217a0 .cmp/eq 3, v0x7f866c21be00_0, L_0x7f8669f631b8;
L_0x7f866c2218c0 .part L_0x7f866c221060, 15, 5;
L_0x7f866c221960 .cmp/eq 3, v0x7f866c21be00_0, L_0x7f8669f63200;
L_0x7f866c221ab0 .part L_0x7f866c221060, 15, 5;
L_0x7f866c221bd0 .functor MUXZ 5, L_0x7f8669f63248, L_0x7f866c221ab0, L_0x7f866c221960, C4<>;
L_0x7f866c221d10 .functor MUXZ 5, L_0x7f866c221bd0, L_0x7f866c2218c0, L_0x7f866c2217a0, C4<>;
L_0x7f866c221e70 .functor MUXZ 5, L_0x7f866c221d10, L_0x7f866c221700, L_0x7f866c2215b0, C4<>;
L_0x7f866c221f80 .functor MUXZ 5, L_0x7f866c221e70, L_0x7f866c221450, L_0x7f866c221370, C4<>;
L_0x7f866c2220e0 .functor MUXZ 5, L_0x7f866c221f80, L_0x7f8669f630e0, L_0x7f866c2211f0, C4<>;
L_0x7f866c222280 .functor MUXZ 5, L_0x7f866c2220e0, L_0x7f8669f63050, L_0x7f866c2210d0, C4<>;
L_0x7f866c2223a0 .cmp/eq 3, v0x7f866c21be00_0, L_0x7f8669f63290;
L_0x7f866c222510 .cmp/eq 3, v0x7f866c21be00_0, L_0x7f8669f63320;
L_0x7f866c221650 .cmp/eq 3, v0x7f866c21be00_0, L_0x7f8669f633b0;
L_0x7f866c222750 .cmp/eq 3, v0x7f866c21be00_0, L_0x7f8669f63440;
L_0x7f866c2227f0 .part L_0x7f866c221060, 20, 5;
L_0x7f866c2226b0 .cmp/eq 3, v0x7f866c21be00_0, L_0x7f8669f63488;
L_0x7f866c222b40 .part L_0x7f866c221060, 20, 5;
L_0x7f866c222990 .cmp/eq 3, v0x7f866c21be00_0, L_0x7f8669f634d0;
L_0x7f866c222ca0 .part L_0x7f866c221060, 20, 5;
L_0x7f866c222be0 .functor MUXZ 5, L_0x7f8669f63518, L_0x7f866c222ca0, L_0x7f866c222990, C4<>;
L_0x7f866c222e90 .functor MUXZ 5, L_0x7f866c222be0, L_0x7f866c222b40, L_0x7f866c2226b0, C4<>;
L_0x7f866c223010 .functor MUXZ 5, L_0x7f866c222e90, L_0x7f866c2227f0, L_0x7f866c222750, C4<>;
L_0x7f866c223130 .functor MUXZ 5, L_0x7f866c223010, L_0x7f8669f633f8, L_0x7f866c221650, C4<>;
L_0x7f866c2232c0 .functor MUXZ 5, L_0x7f866c223130, L_0x7f8669f63368, L_0x7f866c222510, C4<>;
L_0x7f866c2233e0 .functor MUXZ 5, L_0x7f866c2232c0, L_0x7f8669f632d8, L_0x7f866c2223a0, C4<>;
L_0x7f866c2235c0 .cmp/eq 3, v0x7f866c21be00_0, L_0x7f8669f63560;
L_0x7f866c223660 .part L_0x7f866c221060, 7, 5;
L_0x7f866c223480 .cmp/eq 3, v0x7f866c21be00_0, L_0x7f8669f635a8;
L_0x7f866c223810 .part L_0x7f866c221060, 7, 5;
L_0x7f866c223700 .cmp/eq 3, v0x7f866c21be00_0, L_0x7f8669f635f0;
L_0x7f866c2239d0 .part L_0x7f866c221060, 7, 5;
L_0x7f866c2238b0 .cmp/eq 3, v0x7f866c21be00_0, L_0x7f8669f63638;
L_0x7f866c2225b0 .cmp/eq 3, v0x7f866c21be00_0, L_0x7f8669f636c8;
L_0x7f866c223a70 .cmp/eq 3, v0x7f866c21be00_0, L_0x7f8669f63758;
L_0x7f866c223ee0 .part L_0x7f866c221060, 7, 5;
L_0x7f866c223da0 .functor MUXZ 5, L_0x7f8669f637a0, L_0x7f866c223ee0, L_0x7f866c223a70, C4<>;
L_0x7f866c2240d0 .functor MUXZ 5, L_0x7f866c223da0, L_0x7f8669f63710, L_0x7f866c2225b0, C4<>;
L_0x7f866c224000 .functor MUXZ 5, L_0x7f866c2240d0, L_0x7f8669f63680, L_0x7f866c2238b0, C4<>;
L_0x7f866c224390 .functor MUXZ 5, L_0x7f866c224000, L_0x7f866c2239d0, L_0x7f866c223700, C4<>;
L_0x7f866c224230 .functor MUXZ 5, L_0x7f866c224390, L_0x7f866c223810, L_0x7f866c223480, C4<>;
L_0x7f866c224660 .functor MUXZ 5, L_0x7f866c224230, L_0x7f866c223660, L_0x7f866c2235c0, C4<>;
L_0x7f866c2244f0 .cmp/eq 3, v0x7f866c21be00_0, L_0x7f8669f637e8;
L_0x7f866c2248c0 .part L_0x7f866c221060, 12, 20;
L_0x7f866c224700 .concat [ 12 20 0 0], L_0x7f8669f63830, L_0x7f866c2248c0;
L_0x7f866c224af0 .cmp/eq 3, v0x7f866c21be00_0, L_0x7f8669f63878;
L_0x7f866c224960 .part L_0x7f866c221060, 31, 1;
LS_0x7f866c224a00_0_0 .concat [ 1 1 1 1], L_0x7f866c224960, L_0x7f866c224960, L_0x7f866c224960, L_0x7f866c224960;
LS_0x7f866c224a00_0_4 .concat [ 1 1 1 1], L_0x7f866c224960, L_0x7f866c224960, L_0x7f866c224960, L_0x7f866c224960;
LS_0x7f866c224a00_0_8 .concat [ 1 1 1 0], L_0x7f866c224960, L_0x7f866c224960, L_0x7f866c224960;
L_0x7f866c224a00 .concat [ 4 4 3 0], LS_0x7f866c224a00_0_0, LS_0x7f866c224a00_0_4, LS_0x7f866c224a00_0_8;
L_0x7f866c224b90 .part L_0x7f866c221060, 31, 1;
L_0x7f866c2228f0 .part L_0x7f866c221060, 12, 8;
L_0x7f866c224c30 .part L_0x7f866c221060, 20, 1;
L_0x7f866c2251f0 .part L_0x7f866c221060, 21, 10;
LS_0x7f866c225030_0_0 .concat [ 1 10 1 8], L_0x7f8669f638c0, L_0x7f866c2251f0, L_0x7f866c224c30, L_0x7f866c2228f0;
LS_0x7f866c225030_0_4 .concat [ 1 11 0 0], L_0x7f866c224b90, L_0x7f866c224a00;
L_0x7f866c225030 .concat [ 20 12 0 0], LS_0x7f866c225030_0_0, LS_0x7f866c225030_0_4;
L_0x7f866c222a30 .cmp/eq 3, v0x7f866c21be00_0, L_0x7f8669f63908;
L_0x7f866c225290 .part L_0x7f866c221060, 12, 2;
L_0x7f866c225330 .cmp/eq 2, L_0x7f866c225290, L_0x7f8669f63950;
L_0x7f866c225980 .part L_0x7f866c221060, 24, 1;
LS_0x7f866c225a20_0_0 .concat [ 1 1 1 1], L_0x7f866c225980, L_0x7f866c225980, L_0x7f866c225980, L_0x7f866c225980;
LS_0x7f866c225a20_0_4 .concat [ 1 1 1 1], L_0x7f866c225980, L_0x7f866c225980, L_0x7f866c225980, L_0x7f866c225980;
LS_0x7f866c225a20_0_8 .concat [ 1 1 1 1], L_0x7f866c225980, L_0x7f866c225980, L_0x7f866c225980, L_0x7f866c225980;
LS_0x7f866c225a20_0_12 .concat [ 1 1 1 1], L_0x7f866c225980, L_0x7f866c225980, L_0x7f866c225980, L_0x7f866c225980;
LS_0x7f866c225a20_0_16 .concat [ 1 1 1 1], L_0x7f866c225980, L_0x7f866c225980, L_0x7f866c225980, L_0x7f866c225980;
LS_0x7f866c225a20_0_20 .concat [ 1 1 1 1], L_0x7f866c225980, L_0x7f866c225980, L_0x7f866c225980, L_0x7f866c225980;
LS_0x7f866c225a20_0_24 .concat [ 1 1 1 0], L_0x7f866c225980, L_0x7f866c225980, L_0x7f866c225980;
LS_0x7f866c225a20_1_0 .concat [ 4 4 4 4], LS_0x7f866c225a20_0_0, LS_0x7f866c225a20_0_4, LS_0x7f866c225a20_0_8, LS_0x7f866c225a20_0_12;
LS_0x7f866c225a20_1_4 .concat [ 4 4 3 0], LS_0x7f866c225a20_0_16, LS_0x7f866c225a20_0_20, LS_0x7f866c225a20_0_24;
L_0x7f866c225a20 .concat [ 16 11 0 0], LS_0x7f866c225a20_1_0, LS_0x7f866c225a20_1_4;
L_0x7f866c225c60 .part L_0x7f866c221060, 20, 5;
L_0x7f866c225ba0 .concat [ 5 27 0 0], L_0x7f866c225c60, L_0x7f866c225a20;
L_0x7f866c2256e0 .cmp/eq 3, v0x7f866c21be00_0, L_0x7f8669f63998;
L_0x7f866c2257c0 .part L_0x7f866c221060, 31, 1;
LS_0x7f866c226180_0_0 .concat [ 1 1 1 1], L_0x7f866c2257c0, L_0x7f866c2257c0, L_0x7f866c2257c0, L_0x7f866c2257c0;
LS_0x7f866c226180_0_4 .concat [ 1 1 1 1], L_0x7f866c2257c0, L_0x7f866c2257c0, L_0x7f866c2257c0, L_0x7f866c2257c0;
LS_0x7f866c226180_0_8 .concat [ 1 1 1 1], L_0x7f866c2257c0, L_0x7f866c2257c0, L_0x7f866c2257c0, L_0x7f866c2257c0;
LS_0x7f866c226180_0_12 .concat [ 1 1 1 1], L_0x7f866c2257c0, L_0x7f866c2257c0, L_0x7f866c2257c0, L_0x7f866c2257c0;
LS_0x7f866c226180_0_16 .concat [ 1 1 1 1], L_0x7f866c2257c0, L_0x7f866c2257c0, L_0x7f866c2257c0, L_0x7f866c2257c0;
LS_0x7f866c226180_1_0 .concat [ 4 4 4 4], LS_0x7f866c226180_0_0, LS_0x7f866c226180_0_4, LS_0x7f866c226180_0_8, LS_0x7f866c226180_0_12;
LS_0x7f866c226180_1_4 .concat [ 4 0 0 0], LS_0x7f866c226180_0_16;
L_0x7f866c226180 .concat [ 16 4 0 0], LS_0x7f866c226180_1_0, LS_0x7f866c226180_1_4;
L_0x7f866c226390 .part L_0x7f866c221060, 20, 12;
L_0x7f866c2262d0 .concat [ 12 20 0 0], L_0x7f866c226390, L_0x7f866c226180;
L_0x7f866c225fa0 .cmp/eq 3, v0x7f866c21be00_0, L_0x7f8669f639e0;
L_0x7f866c226080 .part L_0x7f866c221060, 31, 1;
LS_0x7f866c2268d0_0_0 .concat [ 1 1 1 1], L_0x7f866c226080, L_0x7f866c226080, L_0x7f866c226080, L_0x7f866c226080;
LS_0x7f866c2268d0_0_4 .concat [ 1 1 1 1], L_0x7f866c226080, L_0x7f866c226080, L_0x7f866c226080, L_0x7f866c226080;
LS_0x7f866c2268d0_0_8 .concat [ 1 1 1 1], L_0x7f866c226080, L_0x7f866c226080, L_0x7f866c226080, L_0x7f866c226080;
LS_0x7f866c2268d0_0_12 .concat [ 1 1 1 1], L_0x7f866c226080, L_0x7f866c226080, L_0x7f866c226080, L_0x7f866c226080;
LS_0x7f866c2268d0_0_16 .concat [ 1 1 1 0], L_0x7f866c226080, L_0x7f866c226080, L_0x7f866c226080;
LS_0x7f866c2268d0_1_0 .concat [ 4 4 4 4], LS_0x7f866c2268d0_0_0, LS_0x7f866c2268d0_0_4, LS_0x7f866c2268d0_0_8, LS_0x7f866c2268d0_0_12;
LS_0x7f866c2268d0_1_4 .concat [ 3 0 0 0], LS_0x7f866c2268d0_0_16;
L_0x7f866c2268d0 .concat [ 16 3 0 0], LS_0x7f866c2268d0_1_0, LS_0x7f866c2268d0_1_4;
L_0x7f866c226a90 .part L_0x7f866c221060, 31, 1;
L_0x7f866c226690 .part L_0x7f866c221060, 7, 1;
L_0x7f866c226730 .part L_0x7f866c221060, 25, 6;
L_0x7f866c2267d0 .part L_0x7f866c221060, 8, 4;
LS_0x7f866c227000_0_0 .concat [ 1 4 6 1], L_0x7f8669f63a28, L_0x7f866c2267d0, L_0x7f866c226730, L_0x7f866c226690;
LS_0x7f866c227000_0_4 .concat [ 1 19 0 0], L_0x7f866c226a90, L_0x7f866c2268d0;
L_0x7f866c227000 .concat [ 12 20 0 0], LS_0x7f866c227000_0_0, LS_0x7f866c227000_0_4;
L_0x7f866c227120 .cmp/eq 3, v0x7f866c21be00_0, L_0x7f8669f63a70;
L_0x7f866c226d90 .part L_0x7f866c221060, 31, 1;
LS_0x7f866c226e30_0_0 .concat [ 1 1 1 1], L_0x7f866c226d90, L_0x7f866c226d90, L_0x7f866c226d90, L_0x7f866c226d90;
LS_0x7f866c226e30_0_4 .concat [ 1 1 1 1], L_0x7f866c226d90, L_0x7f866c226d90, L_0x7f866c226d90, L_0x7f866c226d90;
LS_0x7f866c226e30_0_8 .concat [ 1 1 1 1], L_0x7f866c226d90, L_0x7f866c226d90, L_0x7f866c226d90, L_0x7f866c226d90;
LS_0x7f866c226e30_0_12 .concat [ 1 1 1 1], L_0x7f866c226d90, L_0x7f866c226d90, L_0x7f866c226d90, L_0x7f866c226d90;
LS_0x7f866c226e30_0_16 .concat [ 1 1 1 1], L_0x7f866c226d90, L_0x7f866c226d90, L_0x7f866c226d90, L_0x7f866c226d90;
LS_0x7f866c226e30_1_0 .concat [ 4 4 4 4], LS_0x7f866c226e30_0_0, LS_0x7f866c226e30_0_4, LS_0x7f866c226e30_0_8, LS_0x7f866c226e30_0_12;
LS_0x7f866c226e30_1_4 .concat [ 4 0 0 0], LS_0x7f866c226e30_0_16;
L_0x7f866c226e30 .concat [ 16 4 0 0], LS_0x7f866c226e30_1_0, LS_0x7f866c226e30_1_4;
L_0x7f866c227500 .part L_0x7f866c221060, 25, 7;
L_0x7f866c224d10 .part L_0x7f866c221060, 7, 5;
L_0x7f866c224db0 .concat [ 5 7 20 0], L_0x7f866c224d10, L_0x7f866c227500, L_0x7f866c226e30;
L_0x7f866c224e50 .cmp/eq 3, v0x7f866c21be00_0, L_0x7f8669f63ab8;
L_0x7f866c227200 .functor MUXZ 32, L_0x7f8669f63b48, L_0x7f8669f63b00, L_0x7f866c224e50, C4<>;
L_0x7f866c227320 .functor MUXZ 32, L_0x7f866c227200, L_0x7f866c224db0, L_0x7f866c227120, C4<>;
L_0x7f866c227ac0 .functor MUXZ 32, L_0x7f866c227320, L_0x7f866c227000, L_0x7f866c225fa0, C4<>;
L_0x7f866c227c20 .functor MUXZ 32, L_0x7f866c227ac0, L_0x7f866c2262d0, L_0x7f866c2256e0, C4<>;
L_0x7f866c2278c0 .functor MUXZ 32, L_0x7f866c227c20, L_0x7f866c225ba0, L_0x7f866c225890, C4<>;
L_0x7f866c227a20 .functor MUXZ 32, L_0x7f866c2278c0, L_0x7f866c225030, L_0x7f866c224af0, C4<>;
L_0x7f866c228060 .functor MUXZ 32, L_0x7f866c227a20, L_0x7f866c224700, L_0x7f866c2244f0, C4<>;
S_0x7f866c21c1d0 .scope module, "execute_body" "execute" 3 68, 6 4 0, S_0x7f866c205180;
 .timescale -9 -12;
    .port_info 0 /INPUT 32 "pc";
    .port_info 1 /INPUT 2 "aluop1_type";
    .port_info 2 /INPUT 2 "aluop2_type";
    .port_info 3 /INPUT 6 "alucode";
    .port_info 4 /INPUT 32 "srcreg1";
    .port_info 5 /INPUT 32 "srcreg2";
    .port_info 6 /INPUT 32 "imm";
    .port_info 7 /OUTPUT 32 "alu_result";
    .port_info 8 /OUTPUT 32 "npc";
L_0x7f8669f63bd8 .functor BUFT 1, C4<1>, C4<0>, C4<0>, C4<0>;
L_0x7f866c228660 .functor XNOR 1, v0x7f866c21c8e0_0, L_0x7f8669f63bd8, C4<0>, C4<0>;
v0x7f866c21d0d0_0 .net/2u *"_ivl_10", 0 0, L_0x7f8669f63bd8;  1 drivers
v0x7f866c21d190_0 .net *"_ivl_12", 0 0, L_0x7f866c228660;  1 drivers
v0x7f866c21d230_0 .net *"_ivl_14", 31 0, L_0x7f866c2286d0;  1 drivers
L_0x7f8669f63c20 .functor BUFT 1, C4<00000000000000000000000000000100>, C4<0>, C4<0>, C4<0>;
v0x7f866c21d2d0_0 .net/2u *"_ivl_16", 31 0, L_0x7f8669f63c20;  1 drivers
v0x7f866c21d380_0 .net *"_ivl_18", 31 0, L_0x7f866c2287d0;  1 drivers
v0x7f866c21d470_0 .net *"_ivl_20", 31 0, L_0x7f866c228970;  1 drivers
L_0x7f8669f63b90 .functor BUFT 1, C4<000010>, C4<0>, C4<0>, C4<0>;
v0x7f866c21d520_0 .net/2u *"_ivl_4", 5 0, L_0x7f8669f63b90;  1 drivers
v0x7f866c21d5d0_0 .net *"_ivl_6", 0 0, L_0x7f866c228440;  1 drivers
v0x7f866c21d670_0 .net *"_ivl_8", 31 0, L_0x7f866c2284e0;  1 drivers
v0x7f866c21d780_0 .net "alu_result", 31 0, v0x7f866c21c750_0;  alias, 1 drivers
v0x7f866c21d820_0 .net "alucode", 5 0, v0x7f866c21b7c0_0;  alias, 1 drivers
v0x7f866c21d8c0_0 .net "aluop1_type", 1 0, v0x7f866c21b880_0;  alias, 1 drivers
v0x7f866c21d960_0 .net "aluop2_type", 1 0, v0x7f866c21b910_0;  alias, 1 drivers
v0x7f866c21da10_0 .net "br_taken", 0 0, v0x7f866c21c8e0_0;  1 drivers
v0x7f866c21dac0_0 .net "imm", 31 0, L_0x7f866c228060;  alias, 1 drivers
v0x7f866c21db70_0 .net "npc", 31 0, L_0x7f866c228a90;  alias, 1 drivers
v0x7f866c21dc00_0 .net "op1", 31 0, L_0x7f866c2281c0;  1 drivers
v0x7f866c21ddc0_0 .net "op2", 31 0, L_0x7f866c228320;  1 drivers
v0x7f866c21de50_0 .net "pc", 31 0, v0x7f866c21f9e0_0;  alias, 1 drivers
v0x7f866c21dee0_0 .net "srcreg1", 31 0, L_0x7f866c228f50;  alias, 1 drivers
v0x7f866c21df70_0 .net "srcreg2", 31 0, L_0x7f866c229200;  alias, 1 drivers
L_0x7f866c2281c0 .ufunc/vec4 TD_cpu_tb.cpu.execute_body.op, 32, v0x7f866c21b880_0, L_0x7f866c228f50, L_0x7f866c228060, v0x7f866c21f9e0_0 (v0x7f866c21cd50_0, v0x7f866c21cfe0_0, v0x7f866c21cde0_0, v0x7f866c21cf30_0) S_0x7f866c21cb90;
L_0x7f866c228320 .ufunc/vec4 TD_cpu_tb.cpu.execute_body.op, 32, v0x7f866c21b910_0, L_0x7f866c229200, L_0x7f866c228060, v0x7f866c21f9e0_0 (v0x7f866c21cd50_0, v0x7f866c21cfe0_0, v0x7f866c21cde0_0, v0x7f866c21cf30_0) S_0x7f866c21cb90;
L_0x7f866c228440 .cmp/eq 6, v0x7f866c21b7c0_0, L_0x7f8669f63b90;
L_0x7f866c2284e0 .arith/sum 32, L_0x7f866c228f50, L_0x7f866c228060;
L_0x7f866c2286d0 .arith/sum 32, v0x7f866c21f9e0_0, L_0x7f866c228060;
L_0x7f866c2287d0 .arith/sum 32, v0x7f866c21f9e0_0, L_0x7f8669f63c20;
L_0x7f866c228970 .functor MUXZ 32, L_0x7f866c2287d0, L_0x7f866c2286d0, L_0x7f866c228660, C4<>;
L_0x7f866c228a90 .functor MUXZ 32, L_0x7f866c228970, L_0x7f866c2284e0, L_0x7f866c228440, C4<>;
S_0x7f866c21c490 .scope module, "alu_body" "alu" 6 33, 7 5 0, S_0x7f866c21c1d0;
 .timescale -9 -12;
    .port_info 0 /INPUT 6 "alucode";
    .port_info 1 /INPUT 32 "op1";
    .port_info 2 /INPUT 32 "op2";
    .port_info 3 /OUTPUT 32 "alu_result";
    .port_info 4 /OUTPUT 1 "br_taken";
v0x7f866c21c750_0 .var "alu_result", 31 0;
v0x7f866c21c810_0 .net "alucode", 5 0, v0x7f866c21b7c0_0;  alias, 1 drivers
v0x7f866c21c8e0_0 .var "br_taken", 0 0;
v0x7f866c21c970_0 .net "op1", 31 0, L_0x7f866c2281c0;  alias, 1 drivers
v0x7f866c21ca20_0 .net "op2", 31 0, L_0x7f866c228320;  alias, 1 drivers
E_0x7f866c21c700 .event edge, v0x7f866c2156a0_0, v0x7f866c21ca20_0, v0x7f866c21c970_0;
S_0x7f866c21cb90 .scope function.vec4.s32, "op" "op" 6 18, 6 18 0, S_0x7f866c21c1d0;
 .timescale -9 -12;
v0x7f866c21cd50_0 .var "aluop_type", 1 0;
v0x7f866c21cde0_0 .var "imm", 31 0;
; Variable op is vec4 return value of scope S_0x7f866c21cb90
v0x7f866c21cf30_0 .var "pc", 31 0;
v0x7f866c21cfe0_0 .var "srcreg", 31 0;
TD_cpu_tb.cpu.execute_body.op ;
    %load/vec4 v0x7f866c21cd50_0;
    %dup/vec4;
    %pushi/vec4 2, 0, 2;
    %cmp/u;
    %jmp/1 T_0.0, 6;
    %dup/vec4;
    %pushi/vec4 3, 0, 2;
    %cmp/u;
    %jmp/1 T_0.1, 6;
    %load/vec4 v0x7f866c21cfe0_0;
    %ret/vec4 0, 0, 32;  Assign to op (store_vec4_to_lval)
    %jmp T_0.3;
T_0.0 ;
    %load/vec4 v0x7f866c21cde0_0;
    %ret/vec4 0, 0, 32;  Assign to op (store_vec4_to_lval)
    %jmp T_0.3;
T_0.1 ;
    %load/vec4 v0x7f866c21cf30_0;
    %ret/vec4 0, 0, 32;  Assign to op (store_vec4_to_lval)
    %jmp T_0.3;
T_0.3 ;
    %pop/vec4 1;
    %end;
S_0x7f866c21e0d0 .scope module, "fetch_body" "fetch" 3 45, 8 1 0, S_0x7f866c205180;
 .timescale 0 0;
    .port_info 0 /INPUT 32 "pc";
    .port_info 1 /OUTPUT 32 "ir";
L_0x7f866c221060 .functor BUFZ 32, L_0x7f866c220f40, C4<00000000000000000000000000000000>, C4<00000000000000000000000000000000>, C4<00000000000000000000000000000000>;
v0x7f866c21e280_0 .net *"_ivl_0", 31 0, L_0x7f866c220f40;  1 drivers
v0x7f866c21e340_0 .net "ir", 31 0, L_0x7f866c221060;  alias, 1 drivers
v0x7f866c21e400 .array "ir_mem", 32768 0, 31 0;
v0x7f866c21e4b0_0 .net "pc", 31 0, v0x7f866c21f9e0_0;  alias, 1 drivers
L_0x7f866c220f40 .array/port v0x7f866c21e400, v0x7f866c21f9e0_0;
S_0x7f866c21e580 .scope module, "register_file_body" "register_file" 3 102, 9 7 0, S_0x7f866c205180;
 .timescale -9 -12;
    .port_info 0 /INPUT 1 "clk";
    .port_info 1 /INPUT 1 "rst";
    .port_info 2 /INPUT 1 "reg_we";
    .port_info 3 /INPUT 5 "srcreg1_num";
    .port_info 4 /INPUT 5 "srcreg2_num";
    .port_info 5 /INPUT 5 "dstreg_num";
    .port_info 6 /INPUT 32 "dstreg_data";
    .port_info 7 /OUTPUT 32 "srcreg1_data";
    .port_info 8 /OUTPUT 32 "srcreg2_data";
L_0x7f866c228f50 .functor BUFZ 32, L_0x7f866c228d50, C4<00000000000000000000000000000000>, C4<00000000000000000000000000000000>, C4<00000000000000000000000000000000>;
L_0x7f866c229200 .functor BUFZ 32, L_0x7f866c229000, C4<00000000000000000000000000000000>, C4<00000000000000000000000000000000>, C4<00000000000000000000000000000000>;
v0x7f866c21e8f0_0 .net *"_ivl_0", 31 0, L_0x7f866c228d50;  1 drivers
v0x7f866c21e9b0_0 .net *"_ivl_10", 6 0, L_0x7f866c2290a0;  1 drivers
L_0x7f8669f63cb0 .functor BUFT 1, C4<00>, C4<0>, C4<0>, C4<0>;
v0x7f866c21ea50_0 .net *"_ivl_13", 1 0, L_0x7f8669f63cb0;  1 drivers
v0x7f866c21eb00_0 .net *"_ivl_2", 6 0, L_0x7f866c228df0;  1 drivers
L_0x7f8669f63c68 .functor BUFT 1, C4<00>, C4<0>, C4<0>, C4<0>;
v0x7f866c21ebb0_0 .net *"_ivl_5", 1 0, L_0x7f8669f63c68;  1 drivers
v0x7f866c21eca0_0 .net *"_ivl_8", 31 0, L_0x7f866c229000;  1 drivers
o0x7f8669f34798 .functor BUFZ 1, C4<z>; HiZ drive
v0x7f866c21ed50_0 .net "clk", 0 0, o0x7f8669f34798;  0 drivers
v0x7f866c21edf0_0 .net "dstreg_data", 31 0, L_0x7f866c228bf0;  alias, 1 drivers
v0x7f866c21eea0_0 .net "dstreg_num", 4 0, L_0x7f866c224660;  alias, 1 drivers
v0x7f866c21efd0_0 .var/i "i", 31 0;
v0x7f866c21f060_0 .net "reg_we", 0 0, v0x7f866c21be90_0;  alias, 1 drivers
v0x7f866c21f0f0 .array "register_file", 31 0, 31 0;
v0x7f866c21f180_0 .net "rst", 0 0, v0x7f866c220d90_0;  alias, 1 drivers
v0x7f866c21f210_0 .net "srcreg1_data", 31 0, L_0x7f866c228f50;  alias, 1 drivers
v0x7f866c21f2c0_0 .net "srcreg1_num", 4 0, L_0x7f866c222280;  alias, 1 drivers
v0x7f866c21f370_0 .net "srcreg2_data", 31 0, L_0x7f866c229200;  alias, 1 drivers
v0x7f866c21f440_0 .net "srcreg2_num", 4 0, L_0x7f866c2233e0;  alias, 1 drivers
E_0x7f866c21e8b0/0 .event negedge, v0x7f866c21f180_0;
E_0x7f866c21e8b0/1 .event posedge, v0x7f866c21ed50_0;
E_0x7f866c21e8b0 .event/or E_0x7f866c21e8b0/0, E_0x7f866c21e8b0/1;
L_0x7f866c228d50 .array/port v0x7f866c21f0f0, L_0x7f866c228df0;
L_0x7f866c228df0 .concat [ 5 2 0 0], L_0x7f866c222280, L_0x7f8669f63c68;
L_0x7f866c229000 .array/port v0x7f866c21f0f0, L_0x7f866c2290a0;
L_0x7f866c2290a0 .concat [ 5 2 0 0], L_0x7f866c2233e0, L_0x7f8669f63cb0;
S_0x7f866c21f630 .scope module, "writeback_body" "writeback" 3 92, 10 1 0, S_0x7f866c205180;
 .timescale -9 -12;
    .port_info 0 /INOUT 1 "clk";
    .port_info 1 /INPUT 1 "rst";
    .port_info 2 /INPUT 32 "nextpc";
    .port_info 3 /OUTPUT 32 "pc";
v0x7f866c21f870_0 .net "clk", 0 0, v0x7f866c220e20_0;  alias, 1 drivers
v0x7f866c21f930_0 .net "nextpc", 31 0, L_0x7f866c228a90;  alias, 1 drivers
v0x7f866c21f9e0_0 .var "pc", 31 0;
v0x7f866c21fad0_0 .net "rst", 0 0, v0x7f866c220d90_0;  alias, 1 drivers
E_0x7f866c21f820/0 .event negedge, v0x7f866c21f180_0;
E_0x7f866c21f820/1 .event posedge, v0x7f866c21b9a0_0;
E_0x7f866c21f820 .event/or E_0x7f866c21f820/0, E_0x7f866c21f820/1;
    .scope S_0x7f866c21e0d0;
T_1 ;
    %vpi_call 8 6 "$readmemh", "/Users/momoka/git/microprocessor/benchmarks/tests/ControlTransfer/code.hex", v0x7f866c21e400 {0 0 0};
    %end;
    .thread T_1;
    .scope S_0x7f866c215c30;
T_2 ;
    %wait E_0x7f866c205500;
    %load/vec4 v0x7f866c21bb50_0;
    %parti/s 7, 0, 2;
    %dup/vec4;
    %pushi/vec4 19, 0, 7;
    %cmp/u;
    %jmp/1 T_2.0, 6;
    %dup/vec4;
    %pushi/vec4 51, 0, 7;
    %cmp/u;
    %jmp/1 T_2.1, 6;
    %dup/vec4;
    %pushi/vec4 55, 0, 7;
    %cmp/u;
    %jmp/1 T_2.2, 6;
    %dup/vec4;
    %pushi/vec4 23, 0, 7;
    %cmp/u;
    %jmp/1 T_2.3, 6;
    %dup/vec4;
    %pushi/vec4 111, 0, 7;
    %cmp/u;
    %jmp/1 T_2.4, 6;
    %dup/vec4;
    %pushi/vec4 103, 0, 7;
    %cmp/u;
    %jmp/1 T_2.5, 6;
    %dup/vec4;
    %pushi/vec4 99, 0, 7;
    %cmp/u;
    %jmp/1 T_2.6, 6;
    %dup/vec4;
    %pushi/vec4 35, 0, 7;
    %cmp/u;
    %jmp/1 T_2.7, 6;
    %dup/vec4;
    %pushi/vec4 3, 0, 7;
    %cmp/u;
    %jmp/1 T_2.8, 6;
    %jmp T_2.9;
T_2.0 ;
    %pushi/vec4 3, 0, 3;
    %assign/vec4 v0x7f866c21be00_0, 0;
    %load/vec4 v0x7f866c21bb50_0;
    %parti/s 3, 12, 5;
    %dup/vec4;
    %pushi/vec4 0, 0, 3;
    %cmp/u;
    %jmp/1 T_2.10, 6;
    %dup/vec4;
    %pushi/vec4 2, 0, 3;
    %cmp/u;
    %jmp/1 T_2.11, 6;
    %dup/vec4;
    %pushi/vec4 3, 0, 3;
    %cmp/u;
    %jmp/1 T_2.12, 6;
    %dup/vec4;
    %pushi/vec4 4, 0, 3;
    %cmp/u;
    %jmp/1 T_2.13, 6;
    %dup/vec4;
    %pushi/vec4 6, 0, 3;
    %cmp/u;
    %jmp/1 T_2.14, 6;
    %dup/vec4;
    %pushi/vec4 7, 0, 3;
    %cmp/u;
    %jmp/1 T_2.15, 6;
    %dup/vec4;
    %pushi/vec4 1, 0, 3;
    %cmp/u;
    %jmp/1 T_2.16, 6;
    %dup/vec4;
    %pushi/vec4 5, 0, 3;
    %cmp/u;
    %jmp/1 T_2.17, 6;
    %jmp T_2.18;
T_2.10 ;
    %pushi/vec4 17, 0, 6;
    %assign/vec4 v0x7f866c21b7c0_0, 0;
    %jmp T_2.18;
T_2.11 ;
    %pushi/vec4 19, 0, 6;
    %assign/vec4 v0x7f866c21b7c0_0, 0;
    %jmp T_2.18;
T_2.12 ;
    %pushi/vec4 20, 0, 6;
    %assign/vec4 v0x7f866c21b7c0_0, 0;
    %jmp T_2.18;
T_2.13 ;
    %pushi/vec4 21, 0, 6;
    %assign/vec4 v0x7f866c21b7c0_0, 0;
    %jmp T_2.18;
T_2.14 ;
    %pushi/vec4 22, 0, 6;
    %assign/vec4 v0x7f866c21b7c0_0, 0;
    %jmp T_2.18;
T_2.15 ;
    %pushi/vec4 23, 0, 6;
    %assign/vec4 v0x7f866c21b7c0_0, 0;
    %jmp T_2.18;
T_2.16 ;
    %pushi/vec4 24, 0, 6;
    %assign/vec4 v0x7f866c21b7c0_0, 0;
    %jmp T_2.18;
T_2.17 ;
    %load/vec4 v0x7f866c21bb50_0;
    %parti/s 1, 30, 6;
    %flag_set/vec4 8;
    %jmp/0 T_2.19, 8;
    %pushi/vec4 26, 0, 6;
    %jmp/1 T_2.20, 8;
T_2.19 ; End of true expr.
    %pushi/vec4 25, 0, 6;
    %jmp/0 T_2.20, 8;
 ; End of false expr.
    %blend;
T_2.20;
    %assign/vec4 v0x7f866c21b7c0_0, 0;
    %jmp T_2.18;
T_2.18 ;
    %pop/vec4 1;
    %pushi/vec4 1, 0, 2;
    %assign/vec4 v0x7f866c21b880_0, 0;
    %pushi/vec4 2, 0, 2;
    %assign/vec4 v0x7f866c21b910_0, 0;
    %pushi/vec4 1, 0, 1;
    %assign/vec4 v0x7f866c21be90_0, 0;
    %pushi/vec4 0, 0, 1;
    %assign/vec4 v0x7f866c21bca0_0, 0;
    %pushi/vec4 0, 0, 1;
    %assign/vec4 v0x7f866c21bd50_0, 0;
    %pushi/vec4 0, 0, 1;
    %assign/vec4 v0x7f866c21bc00_0, 0;
    %jmp T_2.9;
T_2.1 ;
    %pushi/vec4 6, 0, 3;
    %assign/vec4 v0x7f866c21be00_0, 0;
    %load/vec4 v0x7f866c21bb50_0;
    %parti/s 3, 12, 5;
    %dup/vec4;
    %pushi/vec4 0, 0, 3;
    %cmp/u;
    %jmp/1 T_2.21, 6;
    %dup/vec4;
    %pushi/vec4 2, 0, 3;
    %cmp/u;
    %jmp/1 T_2.22, 6;
    %dup/vec4;
    %pushi/vec4 3, 0, 3;
    %cmp/u;
    %jmp/1 T_2.23, 6;
    %dup/vec4;
    %pushi/vec4 4, 0, 3;
    %cmp/u;
    %jmp/1 T_2.24, 6;
    %dup/vec4;
    %pushi/vec4 6, 0, 3;
    %cmp/u;
    %jmp/1 T_2.25, 6;
    %dup/vec4;
    %pushi/vec4 7, 0, 3;
    %cmp/u;
    %jmp/1 T_2.26, 6;
    %dup/vec4;
    %pushi/vec4 1, 0, 3;
    %cmp/u;
    %jmp/1 T_2.27, 6;
    %dup/vec4;
    %pushi/vec4 5, 0, 3;
    %cmp/u;
    %jmp/1 T_2.28, 6;
    %jmp T_2.29;
T_2.21 ;
    %load/vec4 v0x7f866c21bb50_0;
    %parti/s 1, 30, 6;
    %flag_set/vec4 8;
    %jmp/0 T_2.30, 8;
    %pushi/vec4 18, 0, 6;
    %jmp/1 T_2.31, 8;
T_2.30 ; End of true expr.
    %pushi/vec4 17, 0, 6;
    %jmp/0 T_2.31, 8;
 ; End of false expr.
    %blend;
T_2.31;
    %assign/vec4 v0x7f866c21b7c0_0, 0;
    %jmp T_2.29;
T_2.22 ;
    %pushi/vec4 19, 0, 6;
    %assign/vec4 v0x7f866c21b7c0_0, 0;
    %jmp T_2.29;
T_2.23 ;
    %pushi/vec4 20, 0, 6;
    %assign/vec4 v0x7f866c21b7c0_0, 0;
    %jmp T_2.29;
T_2.24 ;
    %pushi/vec4 21, 0, 6;
    %assign/vec4 v0x7f866c21b7c0_0, 0;
    %jmp T_2.29;
T_2.25 ;
    %pushi/vec4 22, 0, 6;
    %assign/vec4 v0x7f866c21b7c0_0, 0;
    %jmp T_2.29;
T_2.26 ;
    %pushi/vec4 23, 0, 6;
    %assign/vec4 v0x7f866c21b7c0_0, 0;
    %jmp T_2.29;
T_2.27 ;
    %pushi/vec4 24, 0, 6;
    %assign/vec4 v0x7f866c21b7c0_0, 0;
    %jmp T_2.29;
T_2.28 ;
    %load/vec4 v0x7f866c21bb50_0;
    %parti/s 1, 30, 6;
    %flag_set/vec4 8;
    %jmp/0 T_2.32, 8;
    %pushi/vec4 26, 0, 6;
    %jmp/1 T_2.33, 8;
T_2.32 ; End of true expr.
    %pushi/vec4 25, 0, 6;
    %jmp/0 T_2.33, 8;
 ; End of false expr.
    %blend;
T_2.33;
    %assign/vec4 v0x7f866c21b7c0_0, 0;
    %jmp T_2.29;
T_2.29 ;
    %pop/vec4 1;
    %pushi/vec4 1, 0, 2;
    %assign/vec4 v0x7f866c21b880_0, 0;
    %pushi/vec4 1, 0, 2;
    %assign/vec4 v0x7f866c21b910_0, 0;
    %pushi/vec4 1, 0, 1;
    %assign/vec4 v0x7f866c21be90_0, 0;
    %pushi/vec4 0, 0, 1;
    %assign/vec4 v0x7f866c21bca0_0, 0;
    %pushi/vec4 0, 0, 1;
    %assign/vec4 v0x7f866c21bd50_0, 0;
    %pushi/vec4 0, 0, 1;
    %assign/vec4 v0x7f866c21bc00_0, 0;
    %jmp T_2.9;
T_2.2 ;
    %pushi/vec4 1, 0, 3;
    %assign/vec4 v0x7f866c21be00_0, 0;
    %pushi/vec4 0, 0, 6;
    %assign/vec4 v0x7f866c21b7c0_0, 0;
    %pushi/vec4 1, 0, 1;
    %assign/vec4 v0x7f866c21be90_0, 0;
    %pushi/vec4 0, 0, 2;
    %assign/vec4 v0x7f866c21b880_0, 0;
    %pushi/vec4 2, 0, 2;
    %assign/vec4 v0x7f866c21b910_0, 0;
    %pushi/vec4 0, 0, 1;
    %assign/vec4 v0x7f866c21bca0_0, 0;
    %pushi/vec4 0, 0, 1;
    %assign/vec4 v0x7f866c21bd50_0, 0;
    %pushi/vec4 0, 0, 1;
    %assign/vec4 v0x7f866c21bc00_0, 0;
    %jmp T_2.9;
T_2.3 ;
    %pushi/vec4 1, 0, 3;
    %assign/vec4 v0x7f866c21be00_0, 0;
    %pushi/vec4 1, 0, 1;
    %assign/vec4 v0x7f866c21be90_0, 0;
    %pushi/vec4 17, 0, 6;
    %assign/vec4 v0x7f866c21b7c0_0, 0;
    %pushi/vec4 2, 0, 2;
    %assign/vec4 v0x7f866c21b880_0, 0;
    %pushi/vec4 3, 0, 2;
    %assign/vec4 v0x7f866c21b910_0, 0;
    %pushi/vec4 0, 0, 1;
    %assign/vec4 v0x7f866c21bca0_0, 0;
    %pushi/vec4 0, 0, 1;
    %assign/vec4 v0x7f866c21bd50_0, 0;
    %pushi/vec4 0, 0, 1;
    %assign/vec4 v0x7f866c21bc00_0, 0;
    %jmp T_2.9;
T_2.4 ;
    %pushi/vec4 2, 0, 3;
    %assign/vec4 v0x7f866c21be00_0, 0;
    %load/vec4 v0x7f866c21bb50_0;
    %parti/s 5, 7, 4;
    %cmpi/ne 0, 0, 5;
    %flag_mov 8, 4;
    %jmp/0 T_2.34, 8;
    %pushi/vec4 1, 0, 1;
    %jmp/1 T_2.35, 8;
T_2.34 ; End of true expr.
    %pushi/vec4 0, 0, 1;
    %jmp/0 T_2.35, 8;
 ; End of false expr.
    %blend;
T_2.35;
    %assign/vec4 v0x7f866c21be90_0, 0;
    %pushi/vec4 1, 0, 6;
    %assign/vec4 v0x7f866c21b7c0_0, 0;
    %pushi/vec4 0, 0, 2;
    %assign/vec4 v0x7f866c21b880_0, 0;
    %pushi/vec4 3, 0, 2;
    %assign/vec4 v0x7f866c21b910_0, 0;
    %pushi/vec4 0, 0, 1;
    %assign/vec4 v0x7f866c21bca0_0, 0;
    %pushi/vec4 0, 0, 1;
    %assign/vec4 v0x7f866c21bd50_0, 0;
    %pushi/vec4 0, 0, 1;
    %assign/vec4 v0x7f866c21bc00_0, 0;
    %jmp T_2.9;
T_2.5 ;
    %pushi/vec4 3, 0, 3;
    %assign/vec4 v0x7f866c21be00_0, 0;
    %load/vec4 v0x7f866c21bb50_0;
    %parti/s 5, 7, 4;
    %cmpi/ne 0, 0, 5;
    %flag_mov 8, 4;
    %jmp/0 T_2.36, 8;
    %pushi/vec4 1, 0, 1;
    %jmp/1 T_2.37, 8;
T_2.36 ; End of true expr.
    %pushi/vec4 0, 0, 1;
    %jmp/0 T_2.37, 8;
 ; End of false expr.
    %blend;
T_2.37;
    %assign/vec4 v0x7f866c21be90_0, 0;
    %pushi/vec4 2, 0, 6;
    %assign/vec4 v0x7f866c21b7c0_0, 0;
    %pushi/vec4 1, 0, 2;
    %assign/vec4 v0x7f866c21b880_0, 0;
    %pushi/vec4 3, 0, 2;
    %assign/vec4 v0x7f866c21b910_0, 0;
    %pushi/vec4 0, 0, 1;
    %assign/vec4 v0x7f866c21bca0_0, 0;
    %pushi/vec4 0, 0, 1;
    %assign/vec4 v0x7f866c21bd50_0, 0;
    %pushi/vec4 0, 0, 1;
    %assign/vec4 v0x7f866c21bc00_0, 0;
    %jmp T_2.9;
T_2.6 ;
    %pushi/vec4 4, 0, 3;
    %assign/vec4 v0x7f866c21be00_0, 0;
    %pushi/vec4 0, 0, 1;
    %assign/vec4 v0x7f866c21be90_0, 0;
    %pushi/vec4 1, 0, 2;
    %assign/vec4 v0x7f866c21b880_0, 0;
    %pushi/vec4 1, 0, 2;
    %assign/vec4 v0x7f866c21b910_0, 0;
    %pushi/vec4 0, 0, 1;
    %assign/vec4 v0x7f866c21bca0_0, 0;
    %pushi/vec4 0, 0, 1;
    %assign/vec4 v0x7f866c21bd50_0, 0;
    %pushi/vec4 0, 0, 1;
    %assign/vec4 v0x7f866c21bc00_0, 0;
    %load/vec4 v0x7f866c21bb50_0;
    %parti/s 3, 12, 5;
    %dup/vec4;
    %pushi/vec4 0, 0, 3;
    %cmp/u;
    %jmp/1 T_2.38, 6;
    %dup/vec4;
    %pushi/vec4 1, 0, 3;
    %cmp/u;
    %jmp/1 T_2.39, 6;
    %dup/vec4;
    %pushi/vec4 4, 0, 3;
    %cmp/u;
    %jmp/1 T_2.40, 6;
    %dup/vec4;
    %pushi/vec4 5, 0, 3;
    %cmp/u;
    %jmp/1 T_2.41, 6;
    %dup/vec4;
    %pushi/vec4 6, 0, 3;
    %cmp/u;
    %jmp/1 T_2.42, 6;
    %dup/vec4;
    %pushi/vec4 7, 0, 3;
    %cmp/u;
    %jmp/1 T_2.43, 6;
    %jmp T_2.44;
T_2.38 ;
    %pushi/vec4 3, 0, 6;
    %assign/vec4 v0x7f866c21b7c0_0, 0;
    %jmp T_2.44;
T_2.39 ;
    %pushi/vec4 4, 0, 6;
    %assign/vec4 v0x7f866c21b7c0_0, 0;
    %jmp T_2.44;
T_2.40 ;
    %pushi/vec4 5, 0, 6;
    %assign/vec4 v0x7f866c21b7c0_0, 0;
    %jmp T_2.44;
T_2.41 ;
    %pushi/vec4 6, 0, 6;
    %assign/vec4 v0x7f866c21b7c0_0, 0;
    %jmp T_2.44;
T_2.42 ;
    %pushi/vec4 7, 0, 6;
    %assign/vec4 v0x7f866c21b7c0_0, 0;
    %jmp T_2.44;
T_2.43 ;
    %pushi/vec4 8, 0, 6;
    %assign/vec4 v0x7f866c21b7c0_0, 0;
    %jmp T_2.44;
T_2.44 ;
    %pop/vec4 1;
    %jmp T_2.9;
T_2.7 ;
    %pushi/vec4 5, 0, 3;
    %assign/vec4 v0x7f866c21be00_0, 0;
    %pushi/vec4 0, 0, 1;
    %assign/vec4 v0x7f866c21be90_0, 0;
    %pushi/vec4 1, 0, 2;
    %assign/vec4 v0x7f866c21b880_0, 0;
    %pushi/vec4 2, 0, 2;
    %assign/vec4 v0x7f866c21b910_0, 0;
    %pushi/vec4 0, 0, 1;
    %assign/vec4 v0x7f866c21bca0_0, 0;
    %pushi/vec4 1, 0, 1;
    %assign/vec4 v0x7f866c21bd50_0, 0;
    %pushi/vec4 0, 0, 1;
    %assign/vec4 v0x7f866c21bc00_0, 0;
    %load/vec4 v0x7f866c21bb50_0;
    %parti/s 3, 12, 5;
    %dup/vec4;
    %pushi/vec4 0, 0, 3;
    %cmp/u;
    %jmp/1 T_2.45, 6;
    %dup/vec4;
    %pushi/vec4 1, 0, 3;
    %cmp/u;
    %jmp/1 T_2.46, 6;
    %dup/vec4;
    %pushi/vec4 2, 0, 3;
    %cmp/u;
    %jmp/1 T_2.47, 6;
    %jmp T_2.48;
T_2.45 ;
    %pushi/vec4 14, 0, 6;
    %assign/vec4 v0x7f866c21b7c0_0, 0;
    %jmp T_2.48;
T_2.46 ;
    %pushi/vec4 15, 0, 6;
    %assign/vec4 v0x7f866c21b7c0_0, 0;
    %jmp T_2.48;
T_2.47 ;
    %pushi/vec4 16, 0, 6;
    %assign/vec4 v0x7f866c21b7c0_0, 0;
    %jmp T_2.48;
T_2.48 ;
    %pop/vec4 1;
    %jmp T_2.9;
T_2.8 ;
    %pushi/vec4 3, 0, 3;
    %assign/vec4 v0x7f866c21be00_0, 0;
    %pushi/vec4 1, 0, 1;
    %assign/vec4 v0x7f866c21be90_0, 0;
    %pushi/vec4 1, 0, 2;
    %assign/vec4 v0x7f866c21b880_0, 0;
    %pushi/vec4 2, 0, 2;
    %assign/vec4 v0x7f866c21b910_0, 0;
    %pushi/vec4 1, 0, 1;
    %assign/vec4 v0x7f866c21bca0_0, 0;
    %pushi/vec4 0, 0, 1;
    %assign/vec4 v0x7f866c21bd50_0, 0;
    %pushi/vec4 0, 0, 1;
    %assign/vec4 v0x7f866c21bc00_0, 0;
    %load/vec4 v0x7f866c21bb50_0;
    %parti/s 3, 12, 5;
    %dup/vec4;
    %pushi/vec4 0, 0, 3;
    %cmp/u;
    %jmp/1 T_2.49, 6;
    %dup/vec4;
    %pushi/vec4 1, 0, 3;
    %cmp/u;
    %jmp/1 T_2.50, 6;
    %dup/vec4;
    %pushi/vec4 2, 0, 3;
    %cmp/u;
    %jmp/1 T_2.51, 6;
    %dup/vec4;
    %pushi/vec4 4, 0, 3;
    %cmp/u;
    %jmp/1 T_2.52, 6;
    %dup/vec4;
    %pushi/vec4 5, 0, 3;
    %cmp/u;
    %jmp/1 T_2.53, 6;
    %jmp T_2.54;
T_2.49 ;
    %pushi/vec4 9, 0, 6;
    %assign/vec4 v0x7f866c21b7c0_0, 0;
    %jmp T_2.54;
T_2.50 ;
    %pushi/vec4 10, 0, 6;
    %assign/vec4 v0x7f866c21b7c0_0, 0;
    %jmp T_2.54;
T_2.51 ;
    %pushi/vec4 11, 0, 6;
    %assign/vec4 v0x7f866c21b7c0_0, 0;
    %jmp T_2.54;
T_2.52 ;
    %pushi/vec4 12, 0, 6;
    %assign/vec4 v0x7f866c21b7c0_0, 0;
    %jmp T_2.54;
T_2.53 ;
    %pushi/vec4 13, 0, 6;
    %assign/vec4 v0x7f866c21b7c0_0, 0;
    %jmp T_2.54;
T_2.54 ;
    %pop/vec4 1;
    %jmp T_2.9;
T_2.9 ;
    %pop/vec4 1;
    %jmp T_2;
    .thread T_2, $push;
    .scope S_0x7f866c21c490;
T_3 ;
    %wait E_0x7f866c21c700;
    %load/vec4 v0x7f866c21c810_0;
    %dup/vec4;
    %pushi/vec4 0, 0, 6;
    %cmp/u;
    %jmp/1 T_3.0, 6;
    %dup/vec4;
    %pushi/vec4 1, 0, 6;
    %cmp/u;
    %jmp/1 T_3.1, 6;
    %dup/vec4;
    %pushi/vec4 2, 0, 6;
    %cmp/u;
    %jmp/1 T_3.2, 6;
    %dup/vec4;
    %pushi/vec4 3, 0, 6;
    %cmp/u;
    %jmp/1 T_3.3, 6;
    %dup/vec4;
    %pushi/vec4 4, 0, 6;
    %cmp/u;
    %jmp/1 T_3.4, 6;
    %dup/vec4;
    %pushi/vec4 5, 0, 6;
    %cmp/u;
    %jmp/1 T_3.5, 6;
    %dup/vec4;
    %pushi/vec4 6, 0, 6;
    %cmp/u;
    %jmp/1 T_3.6, 6;
    %dup/vec4;
    %pushi/vec4 7, 0, 6;
    %cmp/u;
    %jmp/1 T_3.7, 6;
    %dup/vec4;
    %pushi/vec4 8, 0, 6;
    %cmp/u;
    %jmp/1 T_3.8, 6;
    %dup/vec4;
    %pushi/vec4 9, 0, 6;
    %cmp/u;
    %jmp/1 T_3.9, 6;
    %dup/vec4;
    %pushi/vec4 10, 0, 6;
    %cmp/u;
    %jmp/1 T_3.10, 6;
    %dup/vec4;
    %pushi/vec4 11, 0, 6;
    %cmp/u;
    %jmp/1 T_3.11, 6;
    %dup/vec4;
    %pushi/vec4 12, 0, 6;
    %cmp/u;
    %jmp/1 T_3.12, 6;
    %dup/vec4;
    %pushi/vec4 13, 0, 6;
    %cmp/u;
    %jmp/1 T_3.13, 6;
    %dup/vec4;
    %pushi/vec4 14, 0, 6;
    %cmp/u;
    %jmp/1 T_3.14, 6;
    %dup/vec4;
    %pushi/vec4 15, 0, 6;
    %cmp/u;
    %jmp/1 T_3.15, 6;
    %dup/vec4;
    %pushi/vec4 16, 0, 6;
    %cmp/u;
    %jmp/1 T_3.16, 6;
    %dup/vec4;
    %pushi/vec4 17, 0, 6;
    %cmp/u;
    %jmp/1 T_3.17, 6;
    %dup/vec4;
    %pushi/vec4 18, 0, 6;
    %cmp/u;
    %jmp/1 T_3.18, 6;
    %dup/vec4;
    %pushi/vec4 19, 0, 6;
    %cmp/u;
    %jmp/1 T_3.19, 6;
    %dup/vec4;
    %pushi/vec4 20, 0, 6;
    %cmp/u;
    %jmp/1 T_3.20, 6;
    %dup/vec4;
    %pushi/vec4 21, 0, 6;
    %cmp/u;
    %jmp/1 T_3.21, 6;
    %dup/vec4;
    %pushi/vec4 22, 0, 6;
    %cmp/u;
    %jmp/1 T_3.22, 6;
    %dup/vec4;
    %pushi/vec4 23, 0, 6;
    %cmp/u;
    %jmp/1 T_3.23, 6;
    %dup/vec4;
    %pushi/vec4 24, 0, 6;
    %cmp/u;
    %jmp/1 T_3.24, 6;
    %dup/vec4;
    %pushi/vec4 25, 0, 6;
    %cmp/u;
    %jmp/1 T_3.25, 6;
    %dup/vec4;
    %pushi/vec4 26, 0, 6;
    %cmp/u;
    %jmp/1 T_3.26, 6;
    %jmp T_3.27;
T_3.0 ;
    %load/vec4 v0x7f866c21ca20_0;
    %parti/s 20, 12, 5;
    %concati/vec4 0, 0, 12;
    %assign/vec4 v0x7f866c21c750_0, 0;
    %pushi/vec4 0, 0, 1;
    %assign/vec4 v0x7f866c21c8e0_0, 0;
    %jmp T_3.27;
T_3.1 ;
    %load/vec4 v0x7f866c21ca20_0;
    %addi 4, 0, 32;
    %assign/vec4 v0x7f866c21c750_0, 0;
    %pushi/vec4 1, 0, 1;
    %assign/vec4 v0x7f866c21c8e0_0, 0;
    %jmp T_3.27;
T_3.2 ;
    %load/vec4 v0x7f866c21ca20_0;
    %addi 4, 0, 32;
    %assign/vec4 v0x7f866c21c750_0, 0;
    %pushi/vec4 1, 0, 1;
    %assign/vec4 v0x7f866c21c8e0_0, 0;
    %jmp T_3.27;
T_3.3 ;
    %load/vec4 v0x7f866c21c970_0;
    %load/vec4 v0x7f866c21ca20_0;
    %cmp/e;
    %jmp/0xz  T_3.28, 4;
    %pushi/vec4 1, 0, 1;
    %assign/vec4 v0x7f866c21c8e0_0, 0;
    %jmp T_3.29;
T_3.28 ;
    %pushi/vec4 0, 0, 1;
    %assign/vec4 v0x7f866c21c8e0_0, 0;
T_3.29 ;
    %pushi/vec4 0, 0, 32;
    %assign/vec4 v0x7f866c21c750_0, 0;
    %jmp T_3.27;
T_3.4 ;
    %load/vec4 v0x7f866c21c970_0;
    %load/vec4 v0x7f866c21ca20_0;
    %cmp/ne;
    %jmp/0xz  T_3.30, 4;
    %pushi/vec4 1, 0, 1;
    %assign/vec4 v0x7f866c21c8e0_0, 0;
    %jmp T_3.31;
T_3.30 ;
    %pushi/vec4 0, 0, 1;
    %assign/vec4 v0x7f866c21c8e0_0, 0;
T_3.31 ;
    %pushi/vec4 0, 0, 32;
    %assign/vec4 v0x7f866c21c750_0, 0;
    %jmp T_3.27;
T_3.5 ;
    %load/vec4 v0x7f866c21c970_0;
    %load/vec4 v0x7f866c21ca20_0;
    %cmp/s;
    %jmp/0xz  T_3.32, 5;
    %pushi/vec4 1, 0, 1;
    %assign/vec4 v0x7f866c21c8e0_0, 0;
    %jmp T_3.33;
T_3.32 ;
    %pushi/vec4 0, 0, 1;
    %assign/vec4 v0x7f866c21c8e0_0, 0;
T_3.33 ;
    %pushi/vec4 0, 0, 32;
    %assign/vec4 v0x7f866c21c750_0, 0;
    %jmp T_3.27;
T_3.6 ;
    %load/vec4 v0x7f866c21c970_0;
    %load/vec4 v0x7f866c21ca20_0;
    %cmp/s;
    %jmp/0xz  T_3.34, 5;
    %pushi/vec4 0, 0, 1;
    %assign/vec4 v0x7f866c21c8e0_0, 0;
    %jmp T_3.35;
T_3.34 ;
    %pushi/vec4 1, 0, 1;
    %assign/vec4 v0x7f866c21c8e0_0, 0;
T_3.35 ;
    %pushi/vec4 0, 0, 32;
    %assign/vec4 v0x7f866c21c750_0, 0;
    %jmp T_3.27;
T_3.7 ;
    %load/vec4 v0x7f866c21c970_0;
    %load/vec4 v0x7f866c21ca20_0;
    %cmp/u;
    %jmp/0xz  T_3.36, 5;
    %pushi/vec4 1, 0, 1;
    %assign/vec4 v0x7f866c21c8e0_0, 0;
    %jmp T_3.37;
T_3.36 ;
    %pushi/vec4 0, 0, 1;
    %assign/vec4 v0x7f866c21c8e0_0, 0;
T_3.37 ;
    %pushi/vec4 0, 0, 32;
    %assign/vec4 v0x7f866c21c750_0, 0;
    %jmp T_3.27;
T_3.8 ;
    %load/vec4 v0x7f866c21c970_0;
    %load/vec4 v0x7f866c21ca20_0;
    %cmp/u;
    %jmp/0xz  T_3.38, 5;
    %pushi/vec4 0, 0, 1;
    %assign/vec4 v0x7f866c21c8e0_0, 0;
    %jmp T_3.39;
T_3.38 ;
    %pushi/vec4 1, 0, 1;
    %assign/vec4 v0x7f866c21c8e0_0, 0;
T_3.39 ;
    %pushi/vec4 0, 0, 32;
    %assign/vec4 v0x7f866c21c750_0, 0;
    %jmp T_3.27;
T_3.9 ;
    %load/vec4 v0x7f866c21c970_0;
    %load/vec4 v0x7f866c21ca20_0;
    %add;
    %assign/vec4 v0x7f866c21c750_0, 0;
    %pushi/vec4 0, 0, 1;
    %assign/vec4 v0x7f866c21c8e0_0, 0;
    %jmp T_3.27;
T_3.10 ;
    %load/vec4 v0x7f866c21c970_0;
    %load/vec4 v0x7f866c21ca20_0;
    %add;
    %assign/vec4 v0x7f866c21c750_0, 0;
    %pushi/vec4 0, 0, 1;
    %assign/vec4 v0x7f866c21c8e0_0, 0;
    %jmp T_3.27;
T_3.11 ;
    %load/vec4 v0x7f866c21c970_0;
    %load/vec4 v0x7f866c21ca20_0;
    %add;
    %assign/vec4 v0x7f866c21c750_0, 0;
    %pushi/vec4 0, 0, 1;
    %assign/vec4 v0x7f866c21c8e0_0, 0;
    %jmp T_3.27;
T_3.12 ;
    %load/vec4 v0x7f866c21c970_0;
    %load/vec4 v0x7f866c21ca20_0;
    %add;
    %assign/vec4 v0x7f866c21c750_0, 0;
    %pushi/vec4 0, 0, 1;
    %assign/vec4 v0x7f866c21c8e0_0, 0;
    %jmp T_3.27;
T_3.13 ;
    %load/vec4 v0x7f866c21c970_0;
    %load/vec4 v0x7f866c21ca20_0;
    %add;
    %assign/vec4 v0x7f866c21c750_0, 0;
    %pushi/vec4 0, 0, 1;
    %assign/vec4 v0x7f866c21c8e0_0, 0;
    %jmp T_3.27;
T_3.14 ;
    %load/vec4 v0x7f866c21c970_0;
    %load/vec4 v0x7f866c21ca20_0;
    %add;
    %assign/vec4 v0x7f866c21c750_0, 0;
    %pushi/vec4 0, 0, 1;
    %assign/vec4 v0x7f866c21c8e0_0, 0;
    %jmp T_3.27;
T_3.15 ;
    %load/vec4 v0x7f866c21c970_0;
    %load/vec4 v0x7f866c21ca20_0;
    %add;
    %assign/vec4 v0x7f866c21c750_0, 0;
    %pushi/vec4 0, 0, 1;
    %assign/vec4 v0x7f866c21c8e0_0, 0;
    %jmp T_3.27;
T_3.16 ;
    %load/vec4 v0x7f866c21c970_0;
    %load/vec4 v0x7f866c21ca20_0;
    %add;
    %assign/vec4 v0x7f866c21c750_0, 0;
    %pushi/vec4 0, 0, 1;
    %assign/vec4 v0x7f866c21c8e0_0, 0;
    %jmp T_3.27;
T_3.17 ;
    %load/vec4 v0x7f866c21c970_0;
    %load/vec4 v0x7f866c21ca20_0;
    %add;
    %assign/vec4 v0x7f866c21c750_0, 0;
    %pushi/vec4 0, 0, 1;
    %assign/vec4 v0x7f866c21c8e0_0, 0;
    %jmp T_3.27;
T_3.18 ;
    %load/vec4 v0x7f866c21c970_0;
    %load/vec4 v0x7f866c21ca20_0;
    %sub;
    %assign/vec4 v0x7f866c21c750_0, 0;
    %pushi/vec4 0, 0, 1;
    %assign/vec4 v0x7f866c21c8e0_0, 0;
    %jmp T_3.27;
T_3.19 ;
    %load/vec4 v0x7f866c21c970_0;
    %load/vec4 v0x7f866c21ca20_0;
    %cmp/s;
    %jmp/0xz  T_3.40, 5;
    %pushi/vec4 1, 0, 32;
    %assign/vec4 v0x7f866c21c750_0, 0;
    %jmp T_3.41;
T_3.40 ;
    %pushi/vec4 0, 0, 32;
    %assign/vec4 v0x7f866c21c750_0, 0;
T_3.41 ;
    %pushi/vec4 0, 0, 1;
    %assign/vec4 v0x7f866c21c8e0_0, 0;
    %jmp T_3.27;
T_3.20 ;
    %load/vec4 v0x7f866c21c970_0;
    %load/vec4 v0x7f866c21ca20_0;
    %cmp/u;
    %jmp/0xz  T_3.42, 5;
    %pushi/vec4 1, 0, 32;
    %assign/vec4 v0x7f866c21c750_0, 0;
    %jmp T_3.43;
T_3.42 ;
    %pushi/vec4 0, 0, 32;
    %assign/vec4 v0x7f866c21c750_0, 0;
T_3.43 ;
    %pushi/vec4 0, 0, 1;
    %assign/vec4 v0x7f866c21c8e0_0, 0;
    %jmp T_3.27;
T_3.21 ;
    %load/vec4 v0x7f866c21c970_0;
    %load/vec4 v0x7f866c21ca20_0;
    %xor;
    %assign/vec4 v0x7f866c21c750_0, 0;
    %pushi/vec4 0, 0, 1;
    %assign/vec4 v0x7f866c21c8e0_0, 0;
    %jmp T_3.27;
T_3.22 ;
    %load/vec4 v0x7f866c21c970_0;
    %load/vec4 v0x7f866c21ca20_0;
    %or;
    %assign/vec4 v0x7f866c21c750_0, 0;
    %pushi/vec4 0, 0, 1;
    %assign/vec4 v0x7f866c21c8e0_0, 0;
    %jmp T_3.27;
T_3.23 ;
    %load/vec4 v0x7f866c21c970_0;
    %load/vec4 v0x7f866c21ca20_0;
    %and;
    %assign/vec4 v0x7f866c21c750_0, 0;
    %pushi/vec4 0, 0, 1;
    %assign/vec4 v0x7f866c21c8e0_0, 0;
    %jmp T_3.27;
T_3.24 ;
    %load/vec4 v0x7f866c21c970_0;
    %load/vec4 v0x7f866c21ca20_0;
    %parti/s 5, 0, 2;
    %ix/vec4 4;
    %shiftl 4;
    %assign/vec4 v0x7f866c21c750_0, 0;
    %pushi/vec4 0, 0, 1;
    %assign/vec4 v0x7f866c21c8e0_0, 0;
    %jmp T_3.27;
T_3.25 ;
    %load/vec4 v0x7f866c21c970_0;
    %load/vec4 v0x7f866c21ca20_0;
    %parti/s 5, 0, 2;
    %ix/vec4 4;
    %shiftr 4;
    %assign/vec4 v0x7f866c21c750_0, 0;
    %pushi/vec4 0, 0, 1;
    %assign/vec4 v0x7f866c21c8e0_0, 0;
    %jmp T_3.27;
T_3.26 ;
    %load/vec4 v0x7f866c21c970_0;
    %load/vec4 v0x7f866c21ca20_0;
    %parti/s 5, 0, 2;
    %ix/vec4 4;
    %shiftr/s 4;
    %assign/vec4 v0x7f866c21c750_0, 0;
    %pushi/vec4 0, 0, 1;
    %assign/vec4 v0x7f866c21c8e0_0, 0;
    %jmp T_3.27;
T_3.27 ;
    %pop/vec4 1;
    %jmp T_3;
    .thread T_3, $push;
    .scope S_0x7f866c205340;
T_4 ;
    %vpi_call 4 18 "$readmemh", "/Users/momoka/git/microprocessor/benchmarks/Coremark/data.hex", v0x7f866c215a30 {0 0 0};
    %end;
    .thread T_4;
    .scope S_0x7f866c205340;
T_5 ;
    %wait E_0x7f866c204c10;
    %load/vec4 v0x7f866c2158a0_0;
    %flag_set/vec4 8;
    %jmp/0xz  T_5.0, 8;
    %load/vec4 v0x7f866c2156a0_0;
    %dup/vec4;
    %pushi/vec4 14, 0, 6;
    %cmp/u;
    %jmp/1 T_5.2, 6;
    %dup/vec4;
    %pushi/vec4 15, 0, 6;
    %cmp/u;
    %jmp/1 T_5.3, 6;
    %dup/vec4;
    %pushi/vec4 16, 0, 6;
    %cmp/u;
    %jmp/1 T_5.4, 6;
    %jmp T_5.5;
T_5.2 ;
    %load/vec4 v0x7f866c2055f0_0;
    %parti/s 2, 0, 2;
    %dup/vec4;
    %pushi/vec4 0, 0, 2;
    %cmp/u;
    %jmp/1 T_5.6, 6;
    %dup/vec4;
    %pushi/vec4 1, 0, 2;
    %cmp/u;
    %jmp/1 T_5.7, 6;
    %dup/vec4;
    %pushi/vec4 2, 0, 2;
    %cmp/u;
    %jmp/1 T_5.8, 6;
    %dup/vec4;
    %pushi/vec4 3, 0, 2;
    %cmp/u;
    %jmp/1 T_5.9, 6;
    %jmp T_5.10;
T_5.6 ;
    %load/vec4 v0x7f866c215ad0_0;
    %parti/s 8, 0, 2;
    %load/vec4 v0x7f866c2055f0_0;
    %parti/s 15, 2, 3;
    %pad/u 17;
    %ix/vec4 3;
    %ix/load 4, 0, 0; Constant delay
    %assign/vec4/a/d v0x7f866c215a30, 0, 4;
    %jmp T_5.10;
T_5.7 ;
    %load/vec4 v0x7f866c215ad0_0;
    %parti/s 8, 0, 2;
    %load/vec4 v0x7f866c2055f0_0;
    %parti/s 15, 2, 3;
    %pad/u 17;
    %ix/vec4 3;
    %ix/load 4, 8, 0; part off
    %ix/load 5, 0, 0; Constant delay
    %assign/vec4/a/d v0x7f866c215a30, 4, 5;
    %jmp T_5.10;
T_5.8 ;
    %load/vec4 v0x7f866c215ad0_0;
    %parti/s 8, 0, 2;
    %load/vec4 v0x7f866c2055f0_0;
    %parti/s 15, 2, 3;
    %pad/u 17;
    %ix/vec4 3;
    %ix/load 4, 16, 0; part off
    %ix/load 5, 0, 0; Constant delay
    %assign/vec4/a/d v0x7f866c215a30, 4, 5;
    %jmp T_5.10;
T_5.9 ;
    %load/vec4 v0x7f866c215ad0_0;
    %parti/s 8, 0, 2;
    %load/vec4 v0x7f866c2055f0_0;
    %parti/s 15, 2, 3;
    %pad/u 17;
    %ix/vec4 3;
    %ix/load 4, 24, 0; part off
    %ix/load 5, 0, 0; Constant delay
    %assign/vec4/a/d v0x7f866c215a30, 4, 5;
    %jmp T_5.10;
T_5.10 ;
    %pop/vec4 1;
    %jmp T_5.5;
T_5.3 ;
    %load/vec4 v0x7f866c2055f0_0;
    %parti/s 2, 0, 2;
    %dup/vec4;
    %pushi/vec4 0, 0, 2;
    %cmp/u;
    %jmp/1 T_5.11, 6;
    %dup/vec4;
    %pushi/vec4 1, 0, 2;
    %cmp/u;
    %jmp/1 T_5.12, 6;
    %dup/vec4;
    %pushi/vec4 2, 0, 2;
    %cmp/u;
    %jmp/1 T_5.13, 6;
    %dup/vec4;
    %pushi/vec4 3, 0, 2;
    %cmp/u;
    %jmp/1 T_5.14, 6;
    %jmp T_5.15;
T_5.11 ;
    %load/vec4 v0x7f866c215ad0_0;
    %parti/s 16, 0, 2;
    %load/vec4 v0x7f866c2055f0_0;
    %parti/s 15, 2, 3;
    %pad/u 17;
    %ix/vec4 3;
    %ix/load 4, 0, 0; Constant delay
    %assign/vec4/a/d v0x7f866c215a30, 0, 4;
    %jmp T_5.15;
T_5.12 ;
    %load/vec4 v0x7f866c215ad0_0;
    %parti/s 16, 0, 2;
    %load/vec4 v0x7f866c2055f0_0;
    %parti/s 15, 2, 3;
    %pad/u 17;
    %ix/vec4 3;
    %ix/load 4, 8, 0; part off
    %ix/load 5, 0, 0; Constant delay
    %assign/vec4/a/d v0x7f866c215a30, 4, 5;
    %jmp T_5.15;
T_5.13 ;
    %load/vec4 v0x7f866c215ad0_0;
    %parti/s 16, 0, 2;
    %load/vec4 v0x7f866c2055f0_0;
    %parti/s 15, 2, 3;
    %pad/u 17;
    %ix/vec4 3;
    %ix/load 4, 16, 0; part off
    %ix/load 5, 0, 0; Constant delay
    %assign/vec4/a/d v0x7f866c215a30, 4, 5;
    %jmp T_5.15;
T_5.14 ;
    %jmp T_5.15;
T_5.15 ;
    %pop/vec4 1;
    %jmp T_5.5;
T_5.4 ;
    %load/vec4 v0x7f866c215ad0_0;
    %load/vec4 v0x7f866c2055f0_0;
    %parti/s 15, 2, 3;
    %pad/u 17;
    %ix/vec4 3;
    %ix/load 4, 0, 0; Constant delay
    %assign/vec4/a/d v0x7f866c215a30, 0, 4;
    %jmp T_5.5;
T_5.5 ;
    %pop/vec4 1;
T_5.0 ;
    %load/vec4 v0x7f866c215800_0;
    %flag_set/vec4 8;
    %jmp/0xz  T_5.16, 8;
    %load/vec4 v0x7f866c2156a0_0;
    %dup/vec4;
    %pushi/vec4 9, 0, 6;
    %cmp/u;
    %jmp/1 T_5.18, 6;
    %dup/vec4;
    %pushi/vec4 10, 0, 6;
    %cmp/u;
    %jmp/1 T_5.19, 6;
    %dup/vec4;
    %pushi/vec4 11, 0, 6;
    %cmp/u;
    %jmp/1 T_5.20, 6;
    %dup/vec4;
    %pushi/vec4 12, 0, 6;
    %cmp/u;
    %jmp/1 T_5.21, 6;
    %dup/vec4;
    %pushi/vec4 13, 0, 6;
    %cmp/u;
    %jmp/1 T_5.22, 6;
    %jmp T_5.23;
T_5.18 ;
    %load/vec4 v0x7f866c2055f0_0;
    %parti/s 2, 0, 2;
    %dup/vec4;
    %pushi/vec4 0, 0, 2;
    %cmp/u;
    %jmp/1 T_5.24, 6;
    %dup/vec4;
    %pushi/vec4 1, 0, 2;
    %cmp/u;
    %jmp/1 T_5.25, 6;
    %dup/vec4;
    %pushi/vec4 2, 0, 2;
    %cmp/u;
    %jmp/1 T_5.26, 6;
    %dup/vec4;
    %pushi/vec4 3, 0, 2;
    %cmp/u;
    %jmp/1 T_5.27, 6;
    %jmp T_5.28;
T_5.24 ;
    %load/vec4 v0x7f866c2055f0_0;
    %parti/s 15, 2, 3;
    %pad/u 17;
    %ix/vec4 4;
    %load/vec4a v0x7f866c215a30, 4;
    %parti/s 1, 7, 4;
    %replicate 24;
    %load/vec4 v0x7f866c2055f0_0;
    %parti/s 15, 2, 3;
    %pad/u 17;
    %ix/vec4 4;
    %load/vec4a v0x7f866c215a30, 4;
    %parti/s 8, 0, 2;
    %concat/vec4; draw_concat_vec4
    %assign/vec4 v0x7f866c215980_0, 0;
    %jmp T_5.28;
T_5.25 ;
    %load/vec4 v0x7f866c2055f0_0;
    %parti/s 15, 2, 3;
    %pad/u 17;
    %ix/vec4 4;
    %load/vec4a v0x7f866c215a30, 4;
    %parti/s 1, 15, 5;
    %replicate 24;
    %load/vec4 v0x7f866c2055f0_0;
    %parti/s 15, 2, 3;
    %pad/u 17;
    %ix/vec4 4;
    %load/vec4a v0x7f866c215a30, 4;
    %parti/s 8, 8, 5;
    %concat/vec4; draw_concat_vec4
    %assign/vec4 v0x7f866c215980_0, 0;
    %jmp T_5.28;
T_5.26 ;
    %load/vec4 v0x7f866c2055f0_0;
    %parti/s 15, 2, 3;
    %pad/u 17;
    %ix/vec4 4;
    %load/vec4a v0x7f866c215a30, 4;
    %parti/s 1, 23, 6;
    %replicate 24;
    %load/vec4 v0x7f866c2055f0_0;
    %parti/s 15, 2, 3;
    %pad/u 17;
    %ix/vec4 4;
    %load/vec4a v0x7f866c215a30, 4;
    %parti/s 8, 16, 6;
    %concat/vec4; draw_concat_vec4
    %assign/vec4 v0x7f866c215980_0, 0;
    %jmp T_5.28;
T_5.27 ;
    %load/vec4 v0x7f866c2055f0_0;
    %parti/s 15, 2, 3;
    %pad/u 17;
    %ix/vec4 4;
    %load/vec4a v0x7f866c215a30, 4;
    %parti/s 1, 31, 6;
    %replicate 24;
    %load/vec4 v0x7f866c2055f0_0;
    %parti/s 15, 2, 3;
    %pad/u 17;
    %ix/vec4 4;
    %load/vec4a v0x7f866c215a30, 4;
    %parti/s 8, 24, 6;
    %concat/vec4; draw_concat_vec4
    %assign/vec4 v0x7f866c215980_0, 0;
    %jmp T_5.28;
T_5.28 ;
    %pop/vec4 1;
    %jmp T_5.23;
T_5.19 ;
    %load/vec4 v0x7f866c2055f0_0;
    %parti/s 2, 0, 2;
    %dup/vec4;
    %pushi/vec4 0, 0, 2;
    %cmp/u;
    %jmp/1 T_5.29, 6;
    %dup/vec4;
    %pushi/vec4 1, 0, 2;
    %cmp/u;
    %jmp/1 T_5.30, 6;
    %dup/vec4;
    %pushi/vec4 2, 0, 2;
    %cmp/u;
    %jmp/1 T_5.31, 6;
    %dup/vec4;
    %pushi/vec4 3, 0, 2;
    %cmp/u;
    %jmp/1 T_5.32, 6;
    %jmp T_5.33;
T_5.29 ;
    %load/vec4 v0x7f866c2055f0_0;
    %parti/s 15, 2, 3;
    %pad/u 17;
    %ix/vec4 4;
    %load/vec4a v0x7f866c215a30, 4;
    %parti/s 1, 15, 5;
    %replicate 24;
    %load/vec4 v0x7f866c2055f0_0;
    %parti/s 15, 2, 3;
    %pad/u 17;
    %ix/vec4 4;
    %load/vec4a v0x7f866c215a30, 4;
    %parti/s 16, 0, 2;
    %concat/vec4; draw_concat_vec4
    %pad/u 32;
    %assign/vec4 v0x7f866c215980_0, 0;
    %jmp T_5.33;
T_5.30 ;
    %load/vec4 v0x7f866c2055f0_0;
    %parti/s 15, 2, 3;
    %pad/u 17;
    %ix/vec4 4;
    %load/vec4a v0x7f866c215a30, 4;
    %parti/s 1, 23, 6;
    %replicate 24;
    %load/vec4 v0x7f866c2055f0_0;
    %parti/s 15, 2, 3;
    %pad/u 17;
    %ix/vec4 4;
    %load/vec4a v0x7f866c215a30, 4;
    %parti/s 16, 8, 5;
    %concat/vec4; draw_concat_vec4
    %pad/u 32;
    %assign/vec4 v0x7f866c215980_0, 0;
    %jmp T_5.33;
T_5.31 ;
    %load/vec4 v0x7f866c2055f0_0;
    %parti/s 15, 2, 3;
    %pad/u 17;
    %ix/vec4 4;
    %load/vec4a v0x7f866c215a30, 4;
    %parti/s 1, 31, 6;
    %replicate 24;
    %load/vec4 v0x7f866c2055f0_0;
    %parti/s 15, 2, 3;
    %pad/u 17;
    %ix/vec4 4;
    %load/vec4a v0x7f866c215a30, 4;
    %parti/s 16, 16, 6;
    %concat/vec4; draw_concat_vec4
    %pad/u 32;
    %assign/vec4 v0x7f866c215980_0, 0;
    %jmp T_5.33;
T_5.32 ;
    %jmp T_5.33;
T_5.33 ;
    %pop/vec4 1;
    %jmp T_5.23;
T_5.20 ;
    %load/vec4 v0x7f866c2055f0_0;
    %parti/s 15, 2, 3;
    %pad/u 17;
    %ix/vec4 4;
    %load/vec4a v0x7f866c215a30, 4;
    %assign/vec4 v0x7f866c215980_0, 0;
    %jmp T_5.23;
T_5.21 ;
    %load/vec4 v0x7f866c2055f0_0;
    %parti/s 2, 0, 2;
    %dup/vec4;
    %pushi/vec4 0, 0, 2;
    %cmp/u;
    %jmp/1 T_5.34, 6;
    %dup/vec4;
    %pushi/vec4 1, 0, 2;
    %cmp/u;
    %jmp/1 T_5.35, 6;
    %dup/vec4;
    %pushi/vec4 2, 0, 2;
    %cmp/u;
    %jmp/1 T_5.36, 6;
    %dup/vec4;
    %pushi/vec4 3, 0, 2;
    %cmp/u;
    %jmp/1 T_5.37, 6;
    %jmp T_5.38;
T_5.34 ;
    %pushi/vec4 0, 0, 24;
    %load/vec4 v0x7f866c2055f0_0;
    %parti/s 15, 2, 3;
    %pad/u 17;
    %ix/vec4 4;
    %load/vec4a v0x7f866c215a30, 4;
    %parti/s 8, 0, 2;
    %concat/vec4; draw_concat_vec4
    %assign/vec4 v0x7f866c215980_0, 0;
    %jmp T_5.38;
T_5.35 ;
    %pushi/vec4 0, 0, 24;
    %load/vec4 v0x7f866c2055f0_0;
    %parti/s 15, 2, 3;
    %pad/u 17;
    %ix/vec4 4;
    %load/vec4a v0x7f866c215a30, 4;
    %parti/s 8, 8, 5;
    %concat/vec4; draw_concat_vec4
    %assign/vec4 v0x7f866c215980_0, 0;
    %jmp T_5.38;
T_5.36 ;
    %pushi/vec4 0, 0, 24;
    %load/vec4 v0x7f866c2055f0_0;
    %parti/s 15, 2, 3;
    %pad/u 17;
    %ix/vec4 4;
    %load/vec4a v0x7f866c215a30, 4;
    %parti/s 8, 16, 6;
    %concat/vec4; draw_concat_vec4
    %assign/vec4 v0x7f866c215980_0, 0;
    %jmp T_5.38;
T_5.37 ;
    %pushi/vec4 0, 0, 24;
    %load/vec4 v0x7f866c2055f0_0;
    %parti/s 15, 2, 3;
    %pad/u 17;
    %ix/vec4 4;
    %load/vec4a v0x7f866c215a30, 4;
    %parti/s 8, 24, 6;
    %concat/vec4; draw_concat_vec4
    %assign/vec4 v0x7f866c215980_0, 0;
    %jmp T_5.38;
T_5.38 ;
    %pop/vec4 1;
    %jmp T_5.23;
T_5.22 ;
    %load/vec4 v0x7f866c2055f0_0;
    %parti/s 2, 0, 2;
    %dup/vec4;
    %pushi/vec4 0, 0, 2;
    %cmp/u;
    %jmp/1 T_5.39, 6;
    %dup/vec4;
    %pushi/vec4 1, 0, 2;
    %cmp/u;
    %jmp/1 T_5.40, 6;
    %dup/vec4;
    %pushi/vec4 2, 0, 2;
    %cmp/u;
    %jmp/1 T_5.41, 6;
    %dup/vec4;
    %pushi/vec4 3, 0, 2;
    %cmp/u;
    %jmp/1 T_5.42, 6;
    %jmp T_5.43;
T_5.39 ;
    %pushi/vec4 0, 0, 24;
    %load/vec4 v0x7f866c2055f0_0;
    %parti/s 15, 2, 3;
    %pad/u 17;
    %ix/vec4 4;
    %load/vec4a v0x7f866c215a30, 4;
    %parti/s 16, 0, 2;
    %concat/vec4; draw_concat_vec4
    %pad/u 32;
    %assign/vec4 v0x7f866c215980_0, 0;
    %jmp T_5.43;
T_5.40 ;
    %pushi/vec4 0, 0, 24;
    %load/vec4 v0x7f866c2055f0_0;
    %parti/s 15, 2, 3;
    %pad/u 17;
    %ix/vec4 4;
    %load/vec4a v0x7f866c215a30, 4;
    %parti/s 16, 8, 5;
    %concat/vec4; draw_concat_vec4
    %pad/u 32;
    %assign/vec4 v0x7f866c215980_0, 0;
    %jmp T_5.43;
T_5.41 ;
    %pushi/vec4 0, 0, 24;
    %load/vec4 v0x7f866c2055f0_0;
    %parti/s 15, 2, 3;
    %pad/u 17;
    %ix/vec4 4;
    %load/vec4a v0x7f866c215a30, 4;
    %parti/s 16, 16, 6;
    %concat/vec4; draw_concat_vec4
    %pad/u 32;
    %assign/vec4 v0x7f866c215980_0, 0;
    %jmp T_5.43;
T_5.42 ;
    %jmp T_5.43;
T_5.43 ;
    %pop/vec4 1;
    %jmp T_5.23;
T_5.23 ;
    %pop/vec4 1;
T_5.16 ;
    %jmp T_5;
    .thread T_5;
    .scope S_0x7f866c21f630;
T_6 ;
    %wait E_0x7f866c21f820;
    %load/vec4 v0x7f866c21fad0_0;
    %pad/u 32;
    %cmpi/e 0, 0, 32;
    %jmp/0xz  T_6.0, 4;
    %pushi/vec4 8000, 0, 32;
    %assign/vec4 v0x7f866c21f9e0_0, 0;
    %jmp T_6.1;
T_6.0 ;
    %load/vec4 v0x7f866c21f870_0;
    %pad/u 32;
    %cmpi/e 1, 0, 32;
    %jmp/0xz  T_6.2, 4;
    %load/vec4 v0x7f866c21f930_0;
    %assign/vec4 v0x7f866c21f9e0_0, 0;
T_6.2 ;
T_6.1 ;
    %jmp T_6;
    .thread T_6;
    .scope S_0x7f866c21e580;
T_7 ;
    %pushi/vec4 0, 0, 32;
    %ix/load 4, 0, 0;
    %flag_set/imm 4, 0;
    %store/vec4a v0x7f866c21f0f0, 4, 0;
    %end;
    .thread T_7;
    .scope S_0x7f866c21e580;
T_8 ;
    %wait E_0x7f866c21e8b0;
    %load/vec4 v0x7f866c21f180_0;
    %cmpi/e 0, 0, 1;
    %jmp/0xz  T_8.0, 4;
    %pushi/vec4 0, 0, 32;
    %store/vec4 v0x7f866c21efd0_0, 0, 32;
T_8.2 ;
    %load/vec4 v0x7f866c21efd0_0;
    %cmpi/s 32, 0, 32;
    %jmp/0xz T_8.3, 5;
    %pushi/vec4 0, 0, 32;
    %ix/getv/s 3, v0x7f866c21efd0_0;
    %ix/load 4, 0, 0; Constant delay
    %assign/vec4/a/d v0x7f866c21f0f0, 0, 4;
    %load/vec4 v0x7f866c21efd0_0;
    %addi 1, 0, 32;
    %store/vec4 v0x7f866c21efd0_0, 0, 32;
    %jmp T_8.2;
T_8.3 ;
    %jmp T_8.1;
T_8.0 ;
    %load/vec4 v0x7f866c21f060_0;
    %pushi/vec4 1, 0, 1;
    %cmp/e;
    %flag_get/vec4 4;
    %load/vec4 v0x7f866c21eea0_0;
    %pushi/vec4 0, 0, 5;
    %cmp/ne;
    %flag_get/vec4 4;
    %and;
    %flag_set/vec4 8;
    %jmp/0xz  T_8.4, 8;
    %load/vec4 v0x7f866c21edf0_0;
    %load/vec4 v0x7f866c21eea0_0;
    %pad/u 7;
    %ix/vec4 3;
    %ix/load 4, 0, 0; Constant delay
    %assign/vec4/a/d v0x7f866c21f0f0, 0, 4;
T_8.4 ;
T_8.1 ;
    %jmp T_8;
    .thread T_8;
    .scope S_0x7f866c205180;
T_9 ;
    %vpi_call 3 115 "$display", "pc=%d, pc=%b, reg1=%d, reg2=%d, uart=%d\012", v0x7f866c220630_0, v0x7f866c220220_0, v0x7f866c2209f0_0, v0x7f866c220b10_0, v0x7f866c220d00_0 {0 0 0};
    %end;
    .thread T_9;
    .scope S_0x7f866c205010;
T_10 ;
    %delay 50000, 0;
    %load/vec4 v0x7f866c220e20_0;
    %inv;
    %store/vec4 v0x7f866c220e20_0, 0, 1;
    %jmp T_10;
    .thread T_10;
    .scope S_0x7f866c205010;
T_11 ;
    %delay 10000, 0;
    %pushi/vec4 0, 0, 1;
    %store/vec4 v0x7f866c220e20_0, 0, 1;
    %pushi/vec4 0, 0, 1;
    %store/vec4 v0x7f866c220d90_0, 0, 1;
    %delay 100000, 0;
    %pushi/vec4 1, 0, 1;
    %store/vec4 v0x7f866c220d90_0, 0, 1;
    %delay 1262485504, 76;
    %vpi_call 2 23 "$finish" {0 0 0};
    %end;
    .thread T_11;
# The file index is used to find the file name in the following table.
:file_names 11;
    "N/A";
    "<interactive>";
    "cpu_tb.v";
    "./cpu.v";
    "./data_mem.v";
    "./decoder.v";
    "./execute.v";
    "./alu.v";
    "./fetch.v";
    "./reg_file.v";
    "./write_back.v";
