#! /usr/local/Cellar/icarus-verilog/11.0/bin/vvp
:ivl_version "11.0 (stable)";
:ivl_delay_selection "TYPICAL";
:vpi_time_precision - 12;
:vpi_module "/usr/local/Cellar/icarus-verilog/11.0/lib/ivl/system.vpi";
:vpi_module "/usr/local/Cellar/icarus-verilog/11.0/lib/ivl/vhdl_sys.vpi";
:vpi_module "/usr/local/Cellar/icarus-verilog/11.0/lib/ivl/vhdl_textio.vpi";
:vpi_module "/usr/local/Cellar/icarus-verilog/11.0/lib/ivl/v2005_math.vpi";
:vpi_module "/usr/local/Cellar/icarus-verilog/11.0/lib/ivl/va_math.vpi";
S_0x7fe25c10bcd0 .scope module, "execute" "execute" 2 4;
 .timescale -9 -12;
    .port_info 0 /INPUT 32 "pc";
    .port_info 1 /INPUT 2 "aluop1_type";
    .port_info 2 /INPUT 2 "aluop2_type";
    .port_info 3 /INPUT 6 "alucode";
    .port_info 4 /INPUT 32 "srcreg1";
    .port_info 5 /INPUT 32 "srcreg2";
    .port_info 6 /INPUT 32 "imm";
    .port_info 7 /OUTPUT 32 "alu_result";
    .port_info 8 /OUTPUT 1 "br_taken";
v0x7fe25c11c740_0 .net "alu_result", 31 0, v0x7fe25c10c110_0;  1 drivers
o0x7fe25ad32038 .functor BUFZ 6, C4<zzzzzz>; HiZ drive
v0x7fe25c11c7f0_0 .net "alucode", 5 0, o0x7fe25ad32038;  0 drivers
o0x7fe25ad322d8 .functor BUFZ 2, C4<zz>; HiZ drive
v0x7fe25c11c8a0_0 .net "aluop1_type", 1 0, o0x7fe25ad322d8;  0 drivers
o0x7fe25ad32308 .functor BUFZ 2, C4<zz>; HiZ drive
v0x7fe25c11c950_0 .net "aluop2_type", 1 0, o0x7fe25ad32308;  0 drivers
v0x7fe25c11ca00_0 .net "br_taken", 0 0, v0x7fe25c11bf30_0;  1 drivers
o0x7fe25ad32338 .functor BUFZ 32, C4<zzzzzzzzzzzzzzzzzzzzzzzzzzzzzzzz>; HiZ drive
v0x7fe25c11cad0_0 .net "imm", 31 0, o0x7fe25ad32338;  0 drivers
v0x7fe25c11cb70_0 .net "op1", 31 0, L_0x7fe25c11d040;  1 drivers
v0x7fe25c11cc30_0 .net "op2", 31 0, L_0x7fe25c11d140;  1 drivers
o0x7fe25ad32368 .functor BUFZ 32, C4<zzzzzzzzzzzzzzzzzzzzzzzzzzzzzzzz>; HiZ drive
v0x7fe25c11cce0_0 .net "pc", 31 0, o0x7fe25ad32368;  0 drivers
o0x7fe25ad32398 .functor BUFZ 32, C4<zzzzzzzzzzzzzzzzzzzzzzzzzzzzzzzz>; HiZ drive
v0x7fe25c11ce00_0 .net "srcreg1", 31 0, o0x7fe25ad32398;  0 drivers
o0x7fe25ad323c8 .functor BUFZ 32, C4<zzzzzzzzzzzzzzzzzzzzzzzzzzzzzzzz>; HiZ drive
v0x7fe25c11ceb0_0 .net "srcreg2", 31 0, o0x7fe25ad323c8;  0 drivers
L_0x7fe25c11d040 .ufunc/vec4 TD_execute.op, 32, o0x7fe25ad322d8, o0x7fe25ad32398, o0x7fe25ad32338, o0x7fe25ad32368 (v0x7fe25c11c3c0_0, v0x7fe25c11c650_0, v0x7fe25c11c450_0, v0x7fe25c11c5a0_0) S_0x7fe25c11c200;
L_0x7fe25c11d140 .ufunc/vec4 TD_execute.op, 32, o0x7fe25ad32308, o0x7fe25ad323c8, o0x7fe25ad32338, o0x7fe25ad32368 (v0x7fe25c11c3c0_0, v0x7fe25c11c650_0, v0x7fe25c11c450_0, v0x7fe25c11c5a0_0) S_0x7fe25c11c200;
S_0x7fe25c10bf20 .scope module, "alu_body" "alu" 2 33, 3 5 0, S_0x7fe25c10bcd0;
 .timescale -9 -12;
    .port_info 0 /INPUT 6 "alucode";
    .port_info 1 /INPUT 32 "op1";
    .port_info 2 /INPUT 32 "op2";
    .port_info 3 /OUTPUT 32 "alu_result";
    .port_info 4 /OUTPUT 1 "br_taken";
v0x7fe25c10c110_0 .var "alu_result", 31 0;
v0x7fe25c11be80_0 .net "alucode", 5 0, o0x7fe25ad32038;  alias, 0 drivers
v0x7fe25c11bf30_0 .var "br_taken", 0 0;
v0x7fe25c11bfe0_0 .net "op1", 31 0, L_0x7fe25c11d040;  alias, 1 drivers
v0x7fe25c11c090_0 .net "op2", 31 0, L_0x7fe25c11d140;  alias, 1 drivers
E_0x7fe25c104f10 .event edge, v0x7fe25c11be80_0, v0x7fe25c11c090_0, v0x7fe25c11bfe0_0;
S_0x7fe25c11c200 .scope function.vec4.s32, "op" "op" 2 18, 2 18 0, S_0x7fe25c10bcd0;
 .timescale -9 -12;
v0x7fe25c11c3c0_0 .var "aluop_type", 1 0;
v0x7fe25c11c450_0 .var "imm", 31 0;
; Variable op is vec4 return value of scope S_0x7fe25c11c200
v0x7fe25c11c5a0_0 .var "pc", 31 0;
v0x7fe25c11c650_0 .var "srcreg", 31 0;
TD_execute.op ;
    %load/vec4 v0x7fe25c11c3c0_0;
    %dup/vec4;
    %pushi/vec4 2, 0, 2;
    %cmp/u;
    %jmp/1 T_0.0, 6;
    %dup/vec4;
    %pushi/vec4 3, 0, 2;
    %cmp/u;
    %jmp/1 T_0.1, 6;
    %load/vec4 v0x7fe25c11c650_0;
    %ret/vec4 0, 0, 32;  Assign to op (store_vec4_to_lval)
    %jmp T_0.3;
T_0.0 ;
    %load/vec4 v0x7fe25c11c450_0;
    %ret/vec4 0, 0, 32;  Assign to op (store_vec4_to_lval)
    %jmp T_0.3;
T_0.1 ;
    %load/vec4 v0x7fe25c11c5a0_0;
    %ret/vec4 0, 0, 32;  Assign to op (store_vec4_to_lval)
    %jmp T_0.3;
T_0.3 ;
    %pop/vec4 1;
    %end;
    .scope S_0x7fe25c10bf20;
T_1 ;
    %wait E_0x7fe25c104f10;
    %load/vec4 v0x7fe25c11be80_0;
    %dup/vec4;
    %pushi/vec4 0, 0, 6;
    %cmp/u;
    %jmp/1 T_1.0, 6;
    %dup/vec4;
    %pushi/vec4 1, 0, 6;
    %cmp/u;
    %jmp/1 T_1.1, 6;
    %dup/vec4;
    %pushi/vec4 2, 0, 6;
    %cmp/u;
    %jmp/1 T_1.2, 6;
    %dup/vec4;
    %pushi/vec4 3, 0, 6;
    %cmp/u;
    %jmp/1 T_1.3, 6;
    %dup/vec4;
    %pushi/vec4 4, 0, 6;
    %cmp/u;
    %jmp/1 T_1.4, 6;
    %dup/vec4;
    %pushi/vec4 5, 0, 6;
    %cmp/u;
    %jmp/1 T_1.5, 6;
    %dup/vec4;
    %pushi/vec4 6, 0, 6;
    %cmp/u;
    %jmp/1 T_1.6, 6;
    %dup/vec4;
    %pushi/vec4 7, 0, 6;
    %cmp/u;
    %jmp/1 T_1.7, 6;
    %dup/vec4;
    %pushi/vec4 8, 0, 6;
    %cmp/u;
    %jmp/1 T_1.8, 6;
    %dup/vec4;
    %pushi/vec4 9, 0, 6;
    %cmp/u;
    %jmp/1 T_1.9, 6;
    %dup/vec4;
    %pushi/vec4 10, 0, 6;
    %cmp/u;
    %jmp/1 T_1.10, 6;
    %dup/vec4;
    %pushi/vec4 11, 0, 6;
    %cmp/u;
    %jmp/1 T_1.11, 6;
    %dup/vec4;
    %pushi/vec4 12, 0, 6;
    %cmp/u;
    %jmp/1 T_1.12, 6;
    %dup/vec4;
    %pushi/vec4 13, 0, 6;
    %cmp/u;
    %jmp/1 T_1.13, 6;
    %dup/vec4;
    %pushi/vec4 14, 0, 6;
    %cmp/u;
    %jmp/1 T_1.14, 6;
    %dup/vec4;
    %pushi/vec4 15, 0, 6;
    %cmp/u;
    %jmp/1 T_1.15, 6;
    %dup/vec4;
    %pushi/vec4 16, 0, 6;
    %cmp/u;
    %jmp/1 T_1.16, 6;
    %dup/vec4;
    %pushi/vec4 17, 0, 6;
    %cmp/u;
    %jmp/1 T_1.17, 6;
    %dup/vec4;
    %pushi/vec4 18, 0, 6;
    %cmp/u;
    %jmp/1 T_1.18, 6;
    %dup/vec4;
    %pushi/vec4 19, 0, 6;
    %cmp/u;
    %jmp/1 T_1.19, 6;
    %dup/vec4;
    %pushi/vec4 20, 0, 6;
    %cmp/u;
    %jmp/1 T_1.20, 6;
    %dup/vec4;
    %pushi/vec4 21, 0, 6;
    %cmp/u;
    %jmp/1 T_1.21, 6;
    %dup/vec4;
    %pushi/vec4 22, 0, 6;
    %cmp/u;
    %jmp/1 T_1.22, 6;
    %dup/vec4;
    %pushi/vec4 23, 0, 6;
    %cmp/u;
    %jmp/1 T_1.23, 6;
    %dup/vec4;
    %pushi/vec4 24, 0, 6;
    %cmp/u;
    %jmp/1 T_1.24, 6;
    %dup/vec4;
    %pushi/vec4 25, 0, 6;
    %cmp/u;
    %jmp/1 T_1.25, 6;
    %dup/vec4;
    %pushi/vec4 26, 0, 6;
    %cmp/u;
    %jmp/1 T_1.26, 6;
    %jmp T_1.27;
T_1.0 ;
    %load/vec4 v0x7fe25c11c090_0;
    %parti/s 20, 12, 5;
    %concati/vec4 0, 0, 12;
    %assign/vec4 v0x7fe25c10c110_0, 0;
    %pushi/vec4 0, 0, 1;
    %assign/vec4 v0x7fe25c11bf30_0, 0;
    %jmp T_1.27;
T_1.1 ;
    %load/vec4 v0x7fe25c11c090_0;
    %addi 4, 0, 32;
    %assign/vec4 v0x7fe25c10c110_0, 0;
    %pushi/vec4 1, 0, 1;
    %assign/vec4 v0x7fe25c11bf30_0, 0;
    %jmp T_1.27;
T_1.2 ;
    %load/vec4 v0x7fe25c11c090_0;
    %addi 4, 0, 32;
    %assign/vec4 v0x7fe25c10c110_0, 0;
    %pushi/vec4 1, 0, 1;
    %assign/vec4 v0x7fe25c11bf30_0, 0;
    %jmp T_1.27;
T_1.3 ;
    %load/vec4 v0x7fe25c11bfe0_0;
    %load/vec4 v0x7fe25c11c090_0;
    %cmp/e;
    %jmp/0xz  T_1.28, 4;
    %pushi/vec4 1, 0, 1;
    %assign/vec4 v0x7fe25c11bf30_0, 0;
    %jmp T_1.29;
T_1.28 ;
    %pushi/vec4 0, 0, 1;
    %assign/vec4 v0x7fe25c11bf30_0, 0;
T_1.29 ;
    %pushi/vec4 0, 0, 32;
    %assign/vec4 v0x7fe25c10c110_0, 0;
    %jmp T_1.27;
T_1.4 ;
    %load/vec4 v0x7fe25c11bfe0_0;
    %load/vec4 v0x7fe25c11c090_0;
    %cmp/ne;
    %jmp/0xz  T_1.30, 4;
    %pushi/vec4 1, 0, 1;
    %assign/vec4 v0x7fe25c11bf30_0, 0;
    %jmp T_1.31;
T_1.30 ;
    %pushi/vec4 0, 0, 1;
    %assign/vec4 v0x7fe25c11bf30_0, 0;
T_1.31 ;
    %pushi/vec4 0, 0, 32;
    %assign/vec4 v0x7fe25c10c110_0, 0;
    %jmp T_1.27;
T_1.5 ;
    %load/vec4 v0x7fe25c11bfe0_0;
    %load/vec4 v0x7fe25c11c090_0;
    %cmp/s;
    %jmp/0xz  T_1.32, 5;
    %pushi/vec4 1, 0, 1;
    %assign/vec4 v0x7fe25c11bf30_0, 0;
    %jmp T_1.33;
T_1.32 ;
    %pushi/vec4 0, 0, 1;
    %assign/vec4 v0x7fe25c11bf30_0, 0;
T_1.33 ;
    %pushi/vec4 0, 0, 32;
    %assign/vec4 v0x7fe25c10c110_0, 0;
    %jmp T_1.27;
T_1.6 ;
    %load/vec4 v0x7fe25c11bfe0_0;
    %load/vec4 v0x7fe25c11c090_0;
    %cmp/s;
    %jmp/0xz  T_1.34, 5;
    %pushi/vec4 0, 0, 1;
    %assign/vec4 v0x7fe25c11bf30_0, 0;
    %jmp T_1.35;
T_1.34 ;
    %pushi/vec4 1, 0, 1;
    %assign/vec4 v0x7fe25c11bf30_0, 0;
T_1.35 ;
    %pushi/vec4 0, 0, 32;
    %assign/vec4 v0x7fe25c10c110_0, 0;
    %jmp T_1.27;
T_1.7 ;
    %load/vec4 v0x7fe25c11bfe0_0;
    %load/vec4 v0x7fe25c11c090_0;
    %cmp/u;
    %jmp/0xz  T_1.36, 5;
    %pushi/vec4 1, 0, 1;
    %assign/vec4 v0x7fe25c11bf30_0, 0;
    %jmp T_1.37;
T_1.36 ;
    %pushi/vec4 0, 0, 1;
    %assign/vec4 v0x7fe25c11bf30_0, 0;
T_1.37 ;
    %pushi/vec4 0, 0, 32;
    %assign/vec4 v0x7fe25c10c110_0, 0;
    %jmp T_1.27;
T_1.8 ;
    %load/vec4 v0x7fe25c11bfe0_0;
    %load/vec4 v0x7fe25c11c090_0;
    %cmp/u;
    %jmp/0xz  T_1.38, 5;
    %pushi/vec4 0, 0, 1;
    %assign/vec4 v0x7fe25c11bf30_0, 0;
    %jmp T_1.39;
T_1.38 ;
    %pushi/vec4 1, 0, 1;
    %assign/vec4 v0x7fe25c11bf30_0, 0;
T_1.39 ;
    %pushi/vec4 0, 0, 32;
    %assign/vec4 v0x7fe25c10c110_0, 0;
    %jmp T_1.27;
T_1.9 ;
    %load/vec4 v0x7fe25c11bfe0_0;
    %load/vec4 v0x7fe25c11c090_0;
    %add;
    %assign/vec4 v0x7fe25c10c110_0, 0;
    %pushi/vec4 0, 0, 1;
    %assign/vec4 v0x7fe25c11bf30_0, 0;
    %jmp T_1.27;
T_1.10 ;
    %load/vec4 v0x7fe25c11bfe0_0;
    %load/vec4 v0x7fe25c11c090_0;
    %add;
    %assign/vec4 v0x7fe25c10c110_0, 0;
    %pushi/vec4 0, 0, 1;
    %assign/vec4 v0x7fe25c11bf30_0, 0;
    %jmp T_1.27;
T_1.11 ;
    %load/vec4 v0x7fe25c11bfe0_0;
    %load/vec4 v0x7fe25c11c090_0;
    %add;
    %assign/vec4 v0x7fe25c10c110_0, 0;
    %pushi/vec4 0, 0, 1;
    %assign/vec4 v0x7fe25c11bf30_0, 0;
    %jmp T_1.27;
T_1.12 ;
    %load/vec4 v0x7fe25c11bfe0_0;
    %load/vec4 v0x7fe25c11c090_0;
    %add;
    %assign/vec4 v0x7fe25c10c110_0, 0;
    %pushi/vec4 0, 0, 1;
    %assign/vec4 v0x7fe25c11bf30_0, 0;
    %jmp T_1.27;
T_1.13 ;
    %load/vec4 v0x7fe25c11bfe0_0;
    %load/vec4 v0x7fe25c11c090_0;
    %add;
    %assign/vec4 v0x7fe25c10c110_0, 0;
    %pushi/vec4 0, 0, 1;
    %assign/vec4 v0x7fe25c11bf30_0, 0;
    %jmp T_1.27;
T_1.14 ;
    %load/vec4 v0x7fe25c11bfe0_0;
    %load/vec4 v0x7fe25c11c090_0;
    %add;
    %assign/vec4 v0x7fe25c10c110_0, 0;
    %pushi/vec4 0, 0, 1;
    %assign/vec4 v0x7fe25c11bf30_0, 0;
    %jmp T_1.27;
T_1.15 ;
    %load/vec4 v0x7fe25c11bfe0_0;
    %load/vec4 v0x7fe25c11c090_0;
    %add;
    %assign/vec4 v0x7fe25c10c110_0, 0;
    %pushi/vec4 0, 0, 1;
    %assign/vec4 v0x7fe25c11bf30_0, 0;
    %jmp T_1.27;
T_1.16 ;
    %load/vec4 v0x7fe25c11bfe0_0;
    %load/vec4 v0x7fe25c11c090_0;
    %add;
    %assign/vec4 v0x7fe25c10c110_0, 0;
    %pushi/vec4 0, 0, 1;
    %assign/vec4 v0x7fe25c11bf30_0, 0;
    %jmp T_1.27;
T_1.17 ;
    %load/vec4 v0x7fe25c11bfe0_0;
    %load/vec4 v0x7fe25c11c090_0;
    %add;
    %assign/vec4 v0x7fe25c10c110_0, 0;
    %pushi/vec4 0, 0, 1;
    %assign/vec4 v0x7fe25c11bf30_0, 0;
    %jmp T_1.27;
T_1.18 ;
    %load/vec4 v0x7fe25c11bfe0_0;
    %load/vec4 v0x7fe25c11c090_0;
    %sub;
    %assign/vec4 v0x7fe25c10c110_0, 0;
    %pushi/vec4 0, 0, 1;
    %assign/vec4 v0x7fe25c11bf30_0, 0;
    %jmp T_1.27;
T_1.19 ;
    %load/vec4 v0x7fe25c11bfe0_0;
    %load/vec4 v0x7fe25c11c090_0;
    %cmp/s;
    %jmp/0xz  T_1.40, 5;
    %pushi/vec4 1, 0, 32;
    %assign/vec4 v0x7fe25c10c110_0, 0;
    %jmp T_1.41;
T_1.40 ;
    %pushi/vec4 0, 0, 32;
    %assign/vec4 v0x7fe25c10c110_0, 0;
T_1.41 ;
    %pushi/vec4 0, 0, 1;
    %assign/vec4 v0x7fe25c11bf30_0, 0;
    %jmp T_1.27;
T_1.20 ;
    %load/vec4 v0x7fe25c11bfe0_0;
    %load/vec4 v0x7fe25c11c090_0;
    %cmp/u;
    %jmp/0xz  T_1.42, 5;
    %pushi/vec4 1, 0, 32;
    %assign/vec4 v0x7fe25c10c110_0, 0;
    %jmp T_1.43;
T_1.42 ;
    %pushi/vec4 0, 0, 32;
    %assign/vec4 v0x7fe25c10c110_0, 0;
T_1.43 ;
    %pushi/vec4 0, 0, 1;
    %assign/vec4 v0x7fe25c11bf30_0, 0;
    %jmp T_1.27;
T_1.21 ;
    %load/vec4 v0x7fe25c11bfe0_0;
    %load/vec4 v0x7fe25c11c090_0;
    %xor;
    %assign/vec4 v0x7fe25c10c110_0, 0;
    %pushi/vec4 0, 0, 1;
    %assign/vec4 v0x7fe25c11bf30_0, 0;
    %jmp T_1.27;
T_1.22 ;
    %load/vec4 v0x7fe25c11bfe0_0;
    %load/vec4 v0x7fe25c11c090_0;
    %or;
    %assign/vec4 v0x7fe25c10c110_0, 0;
    %pushi/vec4 0, 0, 1;
    %assign/vec4 v0x7fe25c11bf30_0, 0;
    %jmp T_1.27;
T_1.23 ;
    %load/vec4 v0x7fe25c11bfe0_0;
    %load/vec4 v0x7fe25c11c090_0;
    %and;
    %assign/vec4 v0x7fe25c10c110_0, 0;
    %pushi/vec4 0, 0, 1;
    %assign/vec4 v0x7fe25c11bf30_0, 0;
    %jmp T_1.27;
T_1.24 ;
    %load/vec4 v0x7fe25c11bfe0_0;
    %load/vec4 v0x7fe25c11c090_0;
    %parti/s 5, 0, 2;
    %ix/vec4 4;
    %shiftl 4;
    %assign/vec4 v0x7fe25c10c110_0, 0;
    %pushi/vec4 0, 0, 1;
    %assign/vec4 v0x7fe25c11bf30_0, 0;
    %jmp T_1.27;
T_1.25 ;
    %load/vec4 v0x7fe25c11bfe0_0;
    %load/vec4 v0x7fe25c11c090_0;
    %parti/s 5, 0, 2;
    %ix/vec4 4;
    %shiftr 4;
    %assign/vec4 v0x7fe25c10c110_0, 0;
    %pushi/vec4 0, 0, 1;
    %assign/vec4 v0x7fe25c11bf30_0, 0;
    %jmp T_1.27;
T_1.26 ;
    %load/vec4 v0x7fe25c11bfe0_0;
    %load/vec4 v0x7fe25c11c090_0;
    %parti/s 5, 0, 2;
    %ix/vec4 4;
    %shiftr/s 4;
    %assign/vec4 v0x7fe25c10c110_0, 0;
    %pushi/vec4 0, 0, 1;
    %assign/vec4 v0x7fe25c11bf30_0, 0;
    %jmp T_1.27;
T_1.27 ;
    %pop/vec4 1;
    %jmp T_1;
    .thread T_1, $push;
# The file index is used to find the file name in the following table.
:file_names 4;
    "N/A";
    "<interactive>";
    "execute.v";
    "./alu.v";
