#! /usr/local/Cellar/icarus-verilog/11.0/bin/vvp
:ivl_version "11.0 (stable)";
:ivl_delay_selection "TYPICAL";
:vpi_time_precision + 0;
:vpi_module "/usr/local/Cellar/icarus-verilog/11.0/lib/ivl/system.vpi";
:vpi_module "/usr/local/Cellar/icarus-verilog/11.0/lib/ivl/vhdl_sys.vpi";
:vpi_module "/usr/local/Cellar/icarus-verilog/11.0/lib/ivl/vhdl_textio.vpi";
:vpi_module "/usr/local/Cellar/icarus-verilog/11.0/lib/ivl/v2005_math.vpi";
:vpi_module "/usr/local/Cellar/icarus-verilog/11.0/lib/ivl/va_math.vpi";
S_0x7f970c505bd0 .scope module, "fetch" "fetch" 2 1;
 .timescale 0 0;
    .port_info 0 /INPUT 32 "pc";
    .port_info 1 /OUTPUT 32 "ir";
L_0x7f970c518010 .functor BUFZ 32, L_0x7f970c517f30, C4<00000000000000000000000000000000>, C4<00000000000000000000000000000000>, C4<00000000000000000000000000000000>;
v0x7f970c5078f0_0 .net *"_ivl_0", 31 0, L_0x7f970c517f30;  1 drivers
v0x7f970c517d10_0 .net "ir", 31 0, L_0x7f970c518010;  1 drivers
v0x7f970c517db0 .array "ir_mem", 32768 0, 31 0;
o0x7f970c632068 .functor BUFZ 32, C4<zzzzzzzzzzzzzzzzzzzzzzzzzzzzzzzz>; HiZ drive
v0x7f970c517e60_0 .net "pc", 31 0, o0x7f970c632068;  0 drivers
L_0x7f970c517f30 .array/port v0x7f970c517db0, o0x7f970c632068;
    .scope S_0x7f970c505bd0;
T_0 ;
    %vpi_call 2 6 "$readmemh", "/Users/momoka/git/microprocessor/benchmarks/tests/ControlTransfer/code.hex", v0x7f970c517db0 {0 0 0};
    %end;
    .thread T_0;
# The file index is used to find the file name in the following table.
:file_names 3;
    "N/A";
    "<interactive>";
    "fetch.v";
